<?xml version="1.0" encoding="UTF-8" ?>
<testsuites name="vitest tests" tests="760" failures="34" errors="0" time="4.254098585">
    <testsuite name="src/gemini.test.js" timestamp="2025-07-02T17:04:50.251Z" hostname="Adarshs-MacBook-Pro.local" tests="1" failures="1" errors="0" skipped="0" time="0">
        <testcase classname="src/gemini.test.js" name="src/gemini.test.js" time="0">
            <failure message="Failed to parse source for import analysis because the content contains invalid JS syntax. If you are using JSX, make sure to name the file with the .jsx or .tsx extension." type="Error">
Error: Failed to parse source for import analysis because the content contains invalid JS syntax. If you are using JSX, make sure to name the file with the .jsx or .tsx extension.
  Plugin: vite:import-analysis
  File: /Users/adarshkant/Desktop/linux-mac-os/linuxos-ai/packages/cli/src/gemini.js:182:6
  133|          render(&lt;React.StrictMode&gt;
  134|          &lt;AppWrapper config={config} settings={settings} startupWarnings={startupWarnings}/&gt;
  135|        &lt;/React.StrictMode&gt;, { exitOnCtrlC: false });
     |                                                     ^
  136|          return;
  137|      }
 ❯ TransformPluginContext._formatLog ../../node_modules/vite/dist/node/chunks/dep-Bsx9IwL8.js:31446:43
 ❯ TransformPluginContext.error ../../node_modules/vite/dist/node/chunks/dep-Bsx9IwL8.js:31443:14
 ❯ TransformPluginContext.transform ../../node_modules/vite/dist/node/chunks/dep-Bsx9IwL8.js:29955:10
 ❯ EnvironmentPluginContainer.transform ../../node_modules/vite/dist/node/chunks/dep-Bsx9IwL8.js:31260:14
 ❯ loadAndTransform ../../node_modules/vite/dist/node/chunks/dep-Bsx9IwL8.js:26434:26
            </failure>
        </testcase>
    </testsuite>
    <testsuite name="src/gemini.test.tsx" timestamp="2025-07-02T17:04:50.252Z" hostname="Adarshs-MacBook-Pro.local" tests="1" failures="1" errors="0" skipped="0" time="0">
        <testcase classname="src/gemini.test.tsx" name="src/gemini.test.tsx" time="0">
            <failure message="Failed to parse source for import analysis because the content contains invalid JS syntax. If you are using JSX, make sure to name the file with the .jsx or .tsx extension." type="Error">
Error: Failed to parse source for import analysis because the content contains invalid JS syntax. If you are using JSX, make sure to name the file with the .jsx or .tsx extension.
  Plugin: vite:import-analysis
  File: /Users/adarshkant/Desktop/linux-mac-os/linuxos-ai/packages/cli/src/gemini.js:182:6
  133|          render(&lt;React.StrictMode&gt;
  134|          &lt;AppWrapper config={config} settings={settings} startupWarnings={startupWarnings}/&gt;
  135|        &lt;/React.StrictMode&gt;, { exitOnCtrlC: false });
     |                                                     ^
  136|          return;
  137|      }
 ❯ TransformPluginContext._formatLog ../../node_modules/vite/dist/node/chunks/dep-Bsx9IwL8.js:31446:43
 ❯ TransformPluginContext.error ../../node_modules/vite/dist/node/chunks/dep-Bsx9IwL8.js:31443:14
 ❯ TransformPluginContext.transform ../../node_modules/vite/dist/node/chunks/dep-Bsx9IwL8.js:29955:10
 ❯ EnvironmentPluginContainer.transform ../../node_modules/vite/dist/node/chunks/dep-Bsx9IwL8.js:31260:14
 ❯ loadAndTransform ../../node_modules/vite/dist/node/chunks/dep-Bsx9IwL8.js:26434:26
            </failure>
        </testcase>
    </testsuite>
    <testsuite name="src/nonInteractiveCli.test.js" timestamp="2025-07-02T17:04:50.252Z" hostname="Adarshs-MacBook-Pro.local" tests="5" failures="0" errors="0" skipped="0" time="0.012820375">
        <testcase classname="src/nonInteractiveCli.test.js" name="runNonInteractive &gt; should process input and write text output" time="0.008259">
        </testcase>
        <testcase classname="src/nonInteractiveCli.test.js" name="runNonInteractive &gt; should handle a single tool call and respond" time="0.002181125">
        </testcase>
        <testcase classname="src/nonInteractiveCli.test.js" name="runNonInteractive &gt; should handle error during tool execution" time="0.000568542">
        </testcase>
        <testcase classname="src/nonInteractiveCli.test.js" name="runNonInteractive &gt; should exit with error if sendMessageStream throws initially" time="0.000336917">
        </testcase>
        <testcase classname="src/nonInteractiveCli.test.js" name="runNonInteractive &gt; should not exit if a tool is not found, and should send error back to model" time="0.000404042">
        </testcase>
    </testsuite>
    <testsuite name="src/nonInteractiveCli.test.ts" timestamp="2025-07-02T17:04:50.253Z" hostname="Adarshs-MacBook-Pro.local" tests="5" failures="0" errors="0" skipped="0" time="0.01095275">
        <testcase classname="src/nonInteractiveCli.test.ts" name="runNonInteractive &gt; should process input and write text output" time="0.006948292">
        </testcase>
        <testcase classname="src/nonInteractiveCli.test.ts" name="runNonInteractive &gt; should handle a single tool call and respond" time="0.001177625">
        </testcase>
        <testcase classname="src/nonInteractiveCli.test.ts" name="runNonInteractive &gt; should handle error during tool execution" time="0.000583042">
        </testcase>
        <testcase classname="src/nonInteractiveCli.test.ts" name="runNonInteractive &gt; should exit with error if sendMessageStream throws initially" time="0.0003375">
        </testcase>
        <testcase classname="src/nonInteractiveCli.test.ts" name="runNonInteractive &gt; should not exit if a tool is not found, and should send error back to model" time="0.00072775">
        </testcase>
    </testsuite>
    <testsuite name="src/config/config.integration.test.js" timestamp="2025-07-02T17:04:50.253Z" hostname="Adarshs-MacBook-Pro.local" tests="11" failures="0" errors="0" skipped="0" time="0.13738925">
        <testcase classname="src/config/config.integration.test.js" name="Configuration Integration Tests &gt; File Filtering Configuration &gt; should load default file filtering settings" time="0.117638292">
        </testcase>
        <testcase classname="src/config/config.integration.test.js" name="Configuration Integration Tests &gt; File Filtering Configuration &gt; should load custom file filtering settings from configuration" time="0.004489666">
        </testcase>
        <testcase classname="src/config/config.integration.test.js" name="Configuration Integration Tests &gt; File Filtering Configuration &gt; should merge user and workspace file filtering settings" time="0.004459791">
        </testcase>
        <testcase classname="src/config/config.integration.test.js" name="Configuration Integration Tests &gt; Configuration Integration &gt; should handle partial configuration objects gracefully" time="0.001259">
        </testcase>
        <testcase classname="src/config/config.integration.test.js" name="Configuration Integration Tests &gt; Configuration Integration &gt; should handle empty configuration objects gracefully" time="0.001593375">
        </testcase>
        <testcase classname="src/config/config.integration.test.js" name="Configuration Integration Tests &gt; Configuration Integration &gt; should handle missing configuration sections gracefully" time="0.000839833">
        </testcase>
        <testcase classname="src/config/config.integration.test.js" name="Configuration Integration Tests &gt; Real-world Configuration Scenarios &gt; should handle a security-focused configuration" time="0.001323917">
        </testcase>
        <testcase classname="src/config/config.integration.test.js" name="Configuration Integration Tests &gt; Real-world Configuration Scenarios &gt; should handle a CI/CD environment configuration" time="0.000919875">
        </testcase>
        <testcase classname="src/config/config.integration.test.js" name="Configuration Integration Tests &gt; Checkpointing Configuration &gt; should enable checkpointing when the setting is true" time="0.001528125">
        </testcase>
        <testcase classname="src/config/config.integration.test.js" name="Configuration Integration Tests &gt; Extension Context Files &gt; should have an empty array for extension context files by default" time="0.001454875">
        </testcase>
        <testcase classname="src/config/config.integration.test.js" name="Configuration Integration Tests &gt; Extension Context Files &gt; should correctly store and return extension context file paths" time="0.000888625">
        </testcase>
    </testsuite>
    <testsuite name="src/config/config.integration.test.ts" timestamp="2025-07-02T17:04:50.254Z" hostname="Adarshs-MacBook-Pro.local" tests="11" failures="0" errors="0" skipped="0" time="0.062199541">
        <testcase classname="src/config/config.integration.test.ts" name="Configuration Integration Tests &gt; File Filtering Configuration &gt; should load default file filtering settings" time="0.0461015">
        </testcase>
        <testcase classname="src/config/config.integration.test.ts" name="Configuration Integration Tests &gt; File Filtering Configuration &gt; should load custom file filtering settings from configuration" time="0.001032875">
        </testcase>
        <testcase classname="src/config/config.integration.test.ts" name="Configuration Integration Tests &gt; File Filtering Configuration &gt; should merge user and workspace file filtering settings" time="0.0016625">
        </testcase>
        <testcase classname="src/config/config.integration.test.ts" name="Configuration Integration Tests &gt; Configuration Integration &gt; should handle partial configuration objects gracefully" time="0.002731042">
        </testcase>
        <testcase classname="src/config/config.integration.test.ts" name="Configuration Integration Tests &gt; Configuration Integration &gt; should handle empty configuration objects gracefully" time="0.001179291">
        </testcase>
        <testcase classname="src/config/config.integration.test.ts" name="Configuration Integration Tests &gt; Configuration Integration &gt; should handle missing configuration sections gracefully" time="0.000776167">
        </testcase>
        <testcase classname="src/config/config.integration.test.ts" name="Configuration Integration Tests &gt; Real-world Configuration Scenarios &gt; should handle a security-focused configuration" time="0.000721916">
        </testcase>
        <testcase classname="src/config/config.integration.test.ts" name="Configuration Integration Tests &gt; Real-world Configuration Scenarios &gt; should handle a CI/CD environment configuration" time="0.001097958">
        </testcase>
        <testcase classname="src/config/config.integration.test.ts" name="Configuration Integration Tests &gt; Checkpointing Configuration &gt; should enable checkpointing when the setting is true" time="0.001020834">
        </testcase>
        <testcase classname="src/config/config.integration.test.ts" name="Configuration Integration Tests &gt; Extension Context Files &gt; should have an empty array for extension context files by default" time="0.00202325">
        </testcase>
        <testcase classname="src/config/config.integration.test.ts" name="Configuration Integration Tests &gt; Extension Context Files &gt; should correctly store and return extension context file paths" time="0.002700916">
        </testcase>
    </testsuite>
    <testsuite name="src/config/config.test.js" timestamp="2025-07-02T17:04:50.254Z" hostname="Adarshs-MacBook-Pro.local" tests="30" failures="0" errors="0" skipped="0" time="0.246652291">
        <testcase classname="src/config/config.test.js" name="loadCliConfig &gt; should set showMemoryUsage to true when --memory flag is present" time="0.078343166">
            <system-err>
Error accessing installation ID file, generating ephemeral ID: Error: ENOENT: no such file or directory, mkdir &apos;/mock/home/user/.gemini&apos;
[90m    at Proxy.mkdirSync (node:fs:1363:26)[39m
    at ensureGeminiDirExists (/Users/adarshkant/Desktop/linux-mac-os/linuxos-ai/packages/core/src/utils/user_id.ts:19:8)
    at getInstallationId (/Users/adarshkant/Desktop/linux-mac-os/linuxos-ai/packages/core/src/utils/user_id.ts:42:5)
    at ClearcutLogger.createLogEvent (/Users/adarshkant/Desktop/linux-mac-os/linuxos-ai/packages/core/src/telemetry/clearcut-logger/clearcut-logger.ts:74:43)
    at ClearcutLogger.logStartSessionEvent (/Users/adarshkant/Desktop/linux-mac-os/linuxos-ai/packages/core/src/telemetry/clearcut-logger/clearcut-logger.ts:245:31)
    at new Config (/Users/adarshkant/Desktop/linux-mac-os/linuxos-ai/packages/core/src/config/config.ts:224:41)
    at Module.loadCliConfig [90m(/Users/adarshkant/Desktop/linux-mac-os/linuxos-ai/packages/cli/[39msrc/config/config.ts:201:10[90m)[39m
[90m    at processTicksAndRejections (node:internal/process/task_queues:105:5)[39m
    at [90m/Users/adarshkant/Desktop/linux-mac-os/linuxos-ai/packages/cli/[39msrc/config/config.test.ts:68:20
    at file:///Users/adarshkant/Desktop/linux-mac-os/linuxos-ai/node_modules/[4m@vitest[24m/runner/dist/chunk-hooks.js:752:20 {
  errno: [33m-2[39m,
  code: [32m&apos;ENOENT&apos;[39m,
  syscall: [32m&apos;mkdir&apos;[39m,
  path: [32m&apos;/mock/home/user/.gemini&apos;[39m
}

            </system-err>
        </testcase>
        <testcase classname="src/config/config.test.js" name="loadCliConfig &gt; should set showMemoryUsage to false when --memory flag is not present" time="0.006961292">
            <system-err>
Error accessing installation ID file, generating ephemeral ID: Error: ENOENT: no such file or directory, mkdir &apos;/mock/home/user/.gemini&apos;
[90m    at Proxy.mkdirSync (node:fs:1363:26)[39m
    at ensureGeminiDirExists (/Users/adarshkant/Desktop/linux-mac-os/linuxos-ai/packages/core/src/utils/user_id.ts:19:8)
    at getInstallationId (/Users/adarshkant/Desktop/linux-mac-os/linuxos-ai/packages/core/src/utils/user_id.ts:42:5)
    at ClearcutLogger.createLogEvent (/Users/adarshkant/Desktop/linux-mac-os/linuxos-ai/packages/core/src/telemetry/clearcut-logger/clearcut-logger.ts:74:43)
    at ClearcutLogger.logStartSessionEvent (/Users/adarshkant/Desktop/linux-mac-os/linuxos-ai/packages/core/src/telemetry/clearcut-logger/clearcut-logger.ts:245:31)
    at new Config (/Users/adarshkant/Desktop/linux-mac-os/linuxos-ai/packages/core/src/config/config.ts:224:41)
    at Module.loadCliConfig [90m(/Users/adarshkant/Desktop/linux-mac-os/linuxos-ai/packages/cli/[39msrc/config/config.ts:201:10[90m)[39m
[90m    at processTicksAndRejections (node:internal/process/task_queues:105:5)[39m
    at [90m/Users/adarshkant/Desktop/linux-mac-os/linuxos-ai/packages/cli/[39msrc/config/config.test.ts:75:20
    at file:///Users/adarshkant/Desktop/linux-mac-os/linuxos-ai/node_modules/[4m@vitest[24m/runner/dist/chunk-hooks.js:752:20 {
  errno: [33m-2[39m,
  code: [32m&apos;ENOENT&apos;[39m,
  syscall: [32m&apos;mkdir&apos;[39m,
  path: [32m&apos;/mock/home/user/.gemini&apos;[39m
}

            </system-err>
        </testcase>
        <testcase classname="src/config/config.test.js" name="loadCliConfig &gt; should set showMemoryUsage to false by default from settings if CLI flag is not present" time="0.001959042">
            <system-err>
Error accessing installation ID file, generating ephemeral ID: Error: ENOENT: no such file or directory, mkdir &apos;/mock/home/user/.gemini&apos;
[90m    at Proxy.mkdirSync (node:fs:1363:26)[39m
    at ensureGeminiDirExists (/Users/adarshkant/Desktop/linux-mac-os/linuxos-ai/packages/core/src/utils/user_id.ts:19:8)
    at getInstallationId (/Users/adarshkant/Desktop/linux-mac-os/linuxos-ai/packages/core/src/utils/user_id.ts:42:5)
    at ClearcutLogger.createLogEvent (/Users/adarshkant/Desktop/linux-mac-os/linuxos-ai/packages/core/src/telemetry/clearcut-logger/clearcut-logger.ts:74:43)
    at ClearcutLogger.logStartSessionEvent (/Users/adarshkant/Desktop/linux-mac-os/linuxos-ai/packages/core/src/telemetry/clearcut-logger/clearcut-logger.ts:245:31)
    at new Config (/Users/adarshkant/Desktop/linux-mac-os/linuxos-ai/packages/core/src/config/config.ts:224:41)
    at Module.loadCliConfig [90m(/Users/adarshkant/Desktop/linux-mac-os/linuxos-ai/packages/cli/[39msrc/config/config.ts:201:10[90m)[39m
[90m    at processTicksAndRejections (node:internal/process/task_queues:105:5)[39m
    at [90m/Users/adarshkant/Desktop/linux-mac-os/linuxos-ai/packages/cli/[39msrc/config/config.test.ts:82:20
    at file:///Users/adarshkant/Desktop/linux-mac-os/linuxos-ai/node_modules/[4m@vitest[24m/runner/dist/chunk-hooks.js:752:20 {
  errno: [33m-2[39m,
  code: [32m&apos;ENOENT&apos;[39m,
  syscall: [32m&apos;mkdir&apos;[39m,
  path: [32m&apos;/mock/home/user/.gemini&apos;[39m
}

            </system-err>
        </testcase>
        <testcase classname="src/config/config.test.js" name="loadCliConfig &gt; should prioritize CLI flag over settings for showMemoryUsage (CLI true, settings false)" time="0.00759875">
            <system-err>
Error accessing installation ID file, generating ephemeral ID: Error: ENOENT: no such file or directory, mkdir &apos;/mock/home/user/.gemini&apos;
[90m    at Proxy.mkdirSync (node:fs:1363:26)[39m
    at ensureGeminiDirExists (/Users/adarshkant/Desktop/linux-mac-os/linuxos-ai/packages/core/src/utils/user_id.ts:19:8)
    at getInstallationId (/Users/adarshkant/Desktop/linux-mac-os/linuxos-ai/packages/core/src/utils/user_id.ts:42:5)
    at ClearcutLogger.createLogEvent (/Users/adarshkant/Desktop/linux-mac-os/linuxos-ai/packages/core/src/telemetry/clearcut-logger/clearcut-logger.ts:74:43)
    at ClearcutLogger.logStartSessionEvent (/Users/adarshkant/Desktop/linux-mac-os/linuxos-ai/packages/core/src/telemetry/clearcut-logger/clearcut-logger.ts:245:31)
    at new Config (/Users/adarshkant/Desktop/linux-mac-os/linuxos-ai/packages/core/src/config/config.ts:224:41)
    at Module.loadCliConfig [90m(/Users/adarshkant/Desktop/linux-mac-os/linuxos-ai/packages/cli/[39msrc/config/config.ts:201:10[90m)[39m
[90m    at processTicksAndRejections (node:internal/process/task_queues:105:5)[39m
    at [90m/Users/adarshkant/Desktop/linux-mac-os/linuxos-ai/packages/cli/[39msrc/config/config.test.ts:89:20
    at file:///Users/adarshkant/Desktop/linux-mac-os/linuxos-ai/node_modules/[4m@vitest[24m/runner/dist/chunk-hooks.js:752:20 {
  errno: [33m-2[39m,
  code: [32m&apos;ENOENT&apos;[39m,
  syscall: [32m&apos;mkdir&apos;[39m,
  path: [32m&apos;/mock/home/user/.gemini&apos;[39m
}

            </system-err>
        </testcase>
        <testcase classname="src/config/config.test.js" name="loadCliConfig telemetry &gt; should set telemetry to false by default when no flag or setting is present" time="0.003408125">
            <system-err>
Error accessing installation ID file, generating ephemeral ID: Error: ENOENT: no such file or directory, mkdir &apos;/mock/home/user/.gemini&apos;
[90m    at Proxy.mkdirSync (node:fs:1363:26)[39m
    at ensureGeminiDirExists (/Users/adarshkant/Desktop/linux-mac-os/linuxos-ai/packages/core/src/utils/user_id.ts:19:8)
    at getInstallationId (/Users/adarshkant/Desktop/linux-mac-os/linuxos-ai/packages/core/src/utils/user_id.ts:42:5)
    at ClearcutLogger.createLogEvent (/Users/adarshkant/Desktop/linux-mac-os/linuxos-ai/packages/core/src/telemetry/clearcut-logger/clearcut-logger.ts:74:43)
    at ClearcutLogger.logStartSessionEvent (/Users/adarshkant/Desktop/linux-mac-os/linuxos-ai/packages/core/src/telemetry/clearcut-logger/clearcut-logger.ts:245:31)
    at new Config (/Users/adarshkant/Desktop/linux-mac-os/linuxos-ai/packages/core/src/config/config.ts:224:41)
    at Module.loadCliConfig [90m(/Users/adarshkant/Desktop/linux-mac-os/linuxos-ai/packages/cli/[39msrc/config/config.ts:201:10[90m)[39m
[90m    at processTicksAndRejections (node:internal/process/task_queues:105:5)[39m
    at [90m/Users/adarshkant/Desktop/linux-mac-os/linuxos-ai/packages/cli/[39msrc/config/config.test.ts:113:20
    at file:///Users/adarshkant/Desktop/linux-mac-os/linuxos-ai/node_modules/[4m@vitest[24m/runner/dist/chunk-hooks.js:752:20 {
  errno: [33m-2[39m,
  code: [32m&apos;ENOENT&apos;[39m,
  syscall: [32m&apos;mkdir&apos;[39m,
  path: [32m&apos;/mock/home/user/.gemini&apos;[39m
}

            </system-err>
        </testcase>
        <testcase classname="src/config/config.test.js" name="loadCliConfig telemetry &gt; should set telemetry to true when --telemetry flag is present" time="0.018104667">
            <system-out>
OpenTelemetry SDK started successfully.

            </system-out>
            <system-err>
Error accessing installation ID file, generating ephemeral ID: Error: ENOENT: no such file or directory, mkdir &apos;/mock/home/user/.gemini&apos;
[90m    at Proxy.mkdirSync (node:fs:1363:26)[39m
    at ensureGeminiDirExists (/Users/adarshkant/Desktop/linux-mac-os/linuxos-ai/packages/core/src/utils/user_id.ts:19:8)
    at getInstallationId (/Users/adarshkant/Desktop/linux-mac-os/linuxos-ai/packages/core/src/utils/user_id.ts:42:5)
    at ClearcutLogger.createLogEvent (/Users/adarshkant/Desktop/linux-mac-os/linuxos-ai/packages/core/src/telemetry/clearcut-logger/clearcut-logger.ts:74:43)
    at ClearcutLogger.logStartSessionEvent (/Users/adarshkant/Desktop/linux-mac-os/linuxos-ai/packages/core/src/telemetry/clearcut-logger/clearcut-logger.ts:245:31)
    at new Config (/Users/adarshkant/Desktop/linux-mac-os/linuxos-ai/packages/core/src/config/config.ts:224:41)
    at Module.loadCliConfig [90m(/Users/adarshkant/Desktop/linux-mac-os/linuxos-ai/packages/cli/[39msrc/config/config.ts:201:10[90m)[39m
[90m    at processTicksAndRejections (node:internal/process/task_queues:105:5)[39m
    at [90m/Users/adarshkant/Desktop/linux-mac-os/linuxos-ai/packages/cli/[39msrc/config/config.test.ts:120:20
    at file:///Users/adarshkant/Desktop/linux-mac-os/linuxos-ai/node_modules/[4m@vitest[24m/runner/dist/chunk-hooks.js:752:20 {
  errno: [33m-2[39m,
  code: [32m&apos;ENOENT&apos;[39m,
  syscall: [32m&apos;mkdir&apos;[39m,
  path: [32m&apos;/mock/home/user/.gemini&apos;[39m
}
Accessing resource attributes before async attributes settled

            </system-err>
        </testcase>
        <testcase classname="src/config/config.test.js" name="loadCliConfig telemetry &gt; should set telemetry to false when --no-telemetry flag is present" time="0.019153583">
            <system-err>
Error accessing installation ID file, generating ephemeral ID: Error: ENOENT: no such file or directory, mkdir &apos;/mock/home/user/.gemini&apos;
[90m    at Proxy.mkdirSync (node:fs:1363:26)[39m
    at ensureGeminiDirExists (/Users/adarshkant/Desktop/linux-mac-os/linuxos-ai/packages/core/src/utils/user_id.ts:19:8)
    at getInstallationId (/Users/adarshkant/Desktop/linux-mac-os/linuxos-ai/packages/core/src/utils/user_id.ts:42:5)
    at ClearcutLogger.createLogEvent (/Users/adarshkant/Desktop/linux-mac-os/linuxos-ai/packages/core/src/telemetry/clearcut-logger/clearcut-logger.ts:74:43)
    at ClearcutLogger.logStartSessionEvent (/Users/adarshkant/Desktop/linux-mac-os/linuxos-ai/packages/core/src/telemetry/clearcut-logger/clearcut-logger.ts:245:31)
    at new Config (/Users/adarshkant/Desktop/linux-mac-os/linuxos-ai/packages/core/src/config/config.ts:224:41)
    at Module.loadCliConfig [90m(/Users/adarshkant/Desktop/linux-mac-os/linuxos-ai/packages/cli/[39msrc/config/config.ts:201:10[90m)[39m
[90m    at processTicksAndRejections (node:internal/process/task_queues:105:5)[39m
    at [90m/Users/adarshkant/Desktop/linux-mac-os/linuxos-ai/packages/cli/[39msrc/config/config.test.ts:127:20
    at file:///Users/adarshkant/Desktop/linux-mac-os/linuxos-ai/node_modules/[4m@vitest[24m/runner/dist/chunk-hooks.js:752:20 {
  errno: [33m-2[39m,
  code: [32m&apos;ENOENT&apos;[39m,
  syscall: [32m&apos;mkdir&apos;[39m,
  path: [32m&apos;/mock/home/user/.gemini&apos;[39m
}

            </system-err>
        </testcase>
        <testcase classname="src/config/config.test.js" name="loadCliConfig telemetry &gt; should use telemetry value from settings if CLI flag is not present (settings true)" time="0.002890708">
            <system-err>
Error accessing installation ID file, generating ephemeral ID: Error: ENOENT: no such file or directory, mkdir &apos;/mock/home/user/.gemini&apos;
[90m    at Proxy.mkdirSync (node:fs:1363:26)[39m
    at ensureGeminiDirExists (/Users/adarshkant/Desktop/linux-mac-os/linuxos-ai/packages/core/src/utils/user_id.ts:19:8)
    at getInstallationId (/Users/adarshkant/Desktop/linux-mac-os/linuxos-ai/packages/core/src/utils/user_id.ts:42:5)
    at ClearcutLogger.createLogEvent (/Users/adarshkant/Desktop/linux-mac-os/linuxos-ai/packages/core/src/telemetry/clearcut-logger/clearcut-logger.ts:74:43)
    at ClearcutLogger.logStartSessionEvent (/Users/adarshkant/Desktop/linux-mac-os/linuxos-ai/packages/core/src/telemetry/clearcut-logger/clearcut-logger.ts:245:31)
    at new Config (/Users/adarshkant/Desktop/linux-mac-os/linuxos-ai/packages/core/src/config/config.ts:224:41)
    at Module.loadCliConfig [90m(/Users/adarshkant/Desktop/linux-mac-os/linuxos-ai/packages/cli/[39msrc/config/config.ts:201:10[90m)[39m
[90m    at processTicksAndRejections (node:internal/process/task_queues:105:5)[39m
    at [90m/Users/adarshkant/Desktop/linux-mac-os/linuxos-ai/packages/cli/[39msrc/config/config.test.ts:134:20
    at file:///Users/adarshkant/Desktop/linux-mac-os/linuxos-ai/node_modules/[4m@vitest[24m/runner/dist/chunk-hooks.js:752:20 {
  errno: [33m-2[39m,
  code: [32m&apos;ENOENT&apos;[39m,
  syscall: [32m&apos;mkdir&apos;[39m,
  path: [32m&apos;/mock/home/user/.gemini&apos;[39m
}

            </system-err>
        </testcase>
        <testcase classname="src/config/config.test.js" name="loadCliConfig telemetry &gt; should use telemetry value from settings if CLI flag is not present (settings false)" time="0.004761125">
            <system-err>
Error accessing installation ID file, generating ephemeral ID: Error: ENOENT: no such file or directory, mkdir &apos;/mock/home/user/.gemini&apos;
[90m    at Proxy.mkdirSync (node:fs:1363:26)[39m
    at ensureGeminiDirExists (/Users/adarshkant/Desktop/linux-mac-os/linuxos-ai/packages/core/src/utils/user_id.ts:19:8)
    at getInstallationId (/Users/adarshkant/Desktop/linux-mac-os/linuxos-ai/packages/core/src/utils/user_id.ts:42:5)
    at ClearcutLogger.createLogEvent (/Users/adarshkant/Desktop/linux-mac-os/linuxos-ai/packages/core/src/telemetry/clearcut-logger/clearcut-logger.ts:74:43)
    at ClearcutLogger.logStartSessionEvent (/Users/adarshkant/Desktop/linux-mac-os/linuxos-ai/packages/core/src/telemetry/clearcut-logger/clearcut-logger.ts:245:31)
    at new Config (/Users/adarshkant/Desktop/linux-mac-os/linuxos-ai/packages/core/src/config/config.ts:224:41)
    at Module.loadCliConfig [90m(/Users/adarshkant/Desktop/linux-mac-os/linuxos-ai/packages/cli/[39msrc/config/config.ts:201:10[90m)[39m
[90m    at processTicksAndRejections (node:internal/process/task_queues:105:5)[39m
    at [90m/Users/adarshkant/Desktop/linux-mac-os/linuxos-ai/packages/cli/[39msrc/config/config.test.ts:141:20
    at file:///Users/adarshkant/Desktop/linux-mac-os/linuxos-ai/node_modules/[4m@vitest[24m/runner/dist/chunk-hooks.js:752:20 {
  errno: [33m-2[39m,
  code: [32m&apos;ENOENT&apos;[39m,
  syscall: [32m&apos;mkdir&apos;[39m,
  path: [32m&apos;/mock/home/user/.gemini&apos;[39m
}

            </system-err>
        </testcase>
        <testcase classname="src/config/config.test.js" name="loadCliConfig telemetry &gt; should prioritize --telemetry CLI flag (true) over settings (false)" time="0.003435958">
            <system-err>
Error accessing installation ID file, generating ephemeral ID: Error: ENOENT: no such file or directory, mkdir &apos;/mock/home/user/.gemini&apos;
[90m    at Proxy.mkdirSync (node:fs:1363:26)[39m
    at ensureGeminiDirExists (/Users/adarshkant/Desktop/linux-mac-os/linuxos-ai/packages/core/src/utils/user_id.ts:19:8)
    at getInstallationId (/Users/adarshkant/Desktop/linux-mac-os/linuxos-ai/packages/core/src/utils/user_id.ts:42:5)
    at ClearcutLogger.createLogEvent (/Users/adarshkant/Desktop/linux-mac-os/linuxos-ai/packages/core/src/telemetry/clearcut-logger/clearcut-logger.ts:74:43)
    at ClearcutLogger.logStartSessionEvent (/Users/adarshkant/Desktop/linux-mac-os/linuxos-ai/packages/core/src/telemetry/clearcut-logger/clearcut-logger.ts:245:31)
    at new Config (/Users/adarshkant/Desktop/linux-mac-os/linuxos-ai/packages/core/src/config/config.ts:224:41)
    at Module.loadCliConfig [90m(/Users/adarshkant/Desktop/linux-mac-os/linuxos-ai/packages/cli/[39msrc/config/config.ts:201:10[90m)[39m
[90m    at processTicksAndRejections (node:internal/process/task_queues:105:5)[39m
    at [90m/Users/adarshkant/Desktop/linux-mac-os/linuxos-ai/packages/cli/[39msrc/config/config.test.ts:148:20
    at file:///Users/adarshkant/Desktop/linux-mac-os/linuxos-ai/node_modules/[4m@vitest[24m/runner/dist/chunk-hooks.js:752:20 {
  errno: [33m-2[39m,
  code: [32m&apos;ENOENT&apos;[39m,
  syscall: [32m&apos;mkdir&apos;[39m,
  path: [32m&apos;/mock/home/user/.gemini&apos;[39m
}

            </system-err>
        </testcase>
        <testcase classname="src/config/config.test.js" name="loadCliConfig telemetry &gt; should prioritize --no-telemetry CLI flag (false) over settings (true)" time="0.003061083">
            <system-err>
Error accessing installation ID file, generating ephemeral ID: Error: ENOENT: no such file or directory, mkdir &apos;/mock/home/user/.gemini&apos;
[90m    at Proxy.mkdirSync (node:fs:1363:26)[39m
    at ensureGeminiDirExists (/Users/adarshkant/Desktop/linux-mac-os/linuxos-ai/packages/core/src/utils/user_id.ts:19:8)
    at getInstallationId (/Users/adarshkant/Desktop/linux-mac-os/linuxos-ai/packages/core/src/utils/user_id.ts:42:5)
    at ClearcutLogger.createLogEvent (/Users/adarshkant/Desktop/linux-mac-os/linuxos-ai/packages/core/src/telemetry/clearcut-logger/clearcut-logger.ts:74:43)
    at ClearcutLogger.logStartSessionEvent (/Users/adarshkant/Desktop/linux-mac-os/linuxos-ai/packages/core/src/telemetry/clearcut-logger/clearcut-logger.ts:245:31)
    at new Config (/Users/adarshkant/Desktop/linux-mac-os/linuxos-ai/packages/core/src/config/config.ts:224:41)
    at Module.loadCliConfig [90m(/Users/adarshkant/Desktop/linux-mac-os/linuxos-ai/packages/cli/[39msrc/config/config.ts:201:10[90m)[39m
[90m    at processTicksAndRejections (node:internal/process/task_queues:105:5)[39m
    at [90m/Users/adarshkant/Desktop/linux-mac-os/linuxos-ai/packages/cli/[39msrc/config/config.test.ts:155:20
    at file:///Users/adarshkant/Desktop/linux-mac-os/linuxos-ai/node_modules/[4m@vitest[24m/runner/dist/chunk-hooks.js:752:20 {
  errno: [33m-2[39m,
  code: [32m&apos;ENOENT&apos;[39m,
  syscall: [32m&apos;mkdir&apos;[39m,
  path: [32m&apos;/mock/home/user/.gemini&apos;[39m
}

            </system-err>
        </testcase>
        <testcase classname="src/config/config.test.js" name="loadCliConfig telemetry &gt; should use telemetry OTLP endpoint from settings if CLI flag is not present" time="0.0017245">
            <system-err>
Error accessing installation ID file, generating ephemeral ID: Error: ENOENT: no such file or directory, mkdir &apos;/mock/home/user/.gemini&apos;
[90m    at Proxy.mkdirSync (node:fs:1363:26)[39m
    at ensureGeminiDirExists (/Users/adarshkant/Desktop/linux-mac-os/linuxos-ai/packages/core/src/utils/user_id.ts:19:8)
    at getInstallationId (/Users/adarshkant/Desktop/linux-mac-os/linuxos-ai/packages/core/src/utils/user_id.ts:42:5)
    at ClearcutLogger.createLogEvent (/Users/adarshkant/Desktop/linux-mac-os/linuxos-ai/packages/core/src/telemetry/clearcut-logger/clearcut-logger.ts:74:43)
    at ClearcutLogger.logStartSessionEvent (/Users/adarshkant/Desktop/linux-mac-os/linuxos-ai/packages/core/src/telemetry/clearcut-logger/clearcut-logger.ts:245:31)
    at new Config (/Users/adarshkant/Desktop/linux-mac-os/linuxos-ai/packages/core/src/config/config.ts:224:41)
    at Module.loadCliConfig [90m(/Users/adarshkant/Desktop/linux-mac-os/linuxos-ai/packages/cli/[39msrc/config/config.ts:201:10[90m)[39m
[90m    at processTicksAndRejections (node:internal/process/task_queues:105:5)[39m
    at [90m/Users/adarshkant/Desktop/linux-mac-os/linuxos-ai/packages/cli/[39msrc/config/config.test.ts:164:20
    at file:///Users/adarshkant/Desktop/linux-mac-os/linuxos-ai/node_modules/[4m@vitest[24m/runner/dist/chunk-hooks.js:752:20 {
  errno: [33m-2[39m,
  code: [32m&apos;ENOENT&apos;[39m,
  syscall: [32m&apos;mkdir&apos;[39m,
  path: [32m&apos;/mock/home/user/.gemini&apos;[39m
}

            </system-err>
        </testcase>
        <testcase classname="src/config/config.test.js" name="loadCliConfig telemetry &gt; should prioritize --telemetry-otlp-endpoint CLI flag over settings" time="0.009420667">
            <system-err>
Error accessing installation ID file, generating ephemeral ID: Error: ENOENT: no such file or directory, mkdir &apos;/mock/home/user/.gemini&apos;
[90m    at Proxy.mkdirSync (node:fs:1363:26)[39m
    at ensureGeminiDirExists (/Users/adarshkant/Desktop/linux-mac-os/linuxos-ai/packages/core/src/utils/user_id.ts:19:8)
    at getInstallationId (/Users/adarshkant/Desktop/linux-mac-os/linuxos-ai/packages/core/src/utils/user_id.ts:42:5)
    at ClearcutLogger.createLogEvent (/Users/adarshkant/Desktop/linux-mac-os/linuxos-ai/packages/core/src/telemetry/clearcut-logger/clearcut-logger.ts:74:43)
    at ClearcutLogger.logStartSessionEvent (/Users/adarshkant/Desktop/linux-mac-os/linuxos-ai/packages/core/src/telemetry/clearcut-logger/clearcut-logger.ts:245:31)
    at new Config (/Users/adarshkant/Desktop/linux-mac-os/linuxos-ai/packages/core/src/config/config.ts:224:41)
    at Module.loadCliConfig [90m(/Users/adarshkant/Desktop/linux-mac-os/linuxos-ai/packages/cli/[39msrc/config/config.ts:201:10[90m)[39m
[90m    at processTicksAndRejections (node:internal/process/task_queues:105:5)[39m
    at [90m/Users/adarshkant/Desktop/linux-mac-os/linuxos-ai/packages/cli/[39msrc/config/config.test.ts:180:20
    at file:///Users/adarshkant/Desktop/linux-mac-os/linuxos-ai/node_modules/[4m@vitest[24m/runner/dist/chunk-hooks.js:752:20 {
  errno: [33m-2[39m,
  code: [32m&apos;ENOENT&apos;[39m,
  syscall: [32m&apos;mkdir&apos;[39m,
  path: [32m&apos;/mock/home/user/.gemini&apos;[39m
}

            </system-err>
        </testcase>
        <testcase classname="src/config/config.test.js" name="loadCliConfig telemetry &gt; should use default endpoint if no OTLP endpoint is provided via CLI or settings" time="0.005774042">
            <system-err>
Error accessing installation ID file, generating ephemeral ID: Error: ENOENT: no such file or directory, mkdir &apos;/mock/home/user/.gemini&apos;
[90m    at Proxy.mkdirSync (node:fs:1363:26)[39m
    at ensureGeminiDirExists (/Users/adarshkant/Desktop/linux-mac-os/linuxos-ai/packages/core/src/utils/user_id.ts:19:8)
    at getInstallationId (/Users/adarshkant/Desktop/linux-mac-os/linuxos-ai/packages/core/src/utils/user_id.ts:42:5)
    at ClearcutLogger.createLogEvent (/Users/adarshkant/Desktop/linux-mac-os/linuxos-ai/packages/core/src/telemetry/clearcut-logger/clearcut-logger.ts:74:43)
    at ClearcutLogger.logStartSessionEvent (/Users/adarshkant/Desktop/linux-mac-os/linuxos-ai/packages/core/src/telemetry/clearcut-logger/clearcut-logger.ts:245:31)
    at new Config (/Users/adarshkant/Desktop/linux-mac-os/linuxos-ai/packages/core/src/config/config.ts:224:41)
    at Module.loadCliConfig [90m(/Users/adarshkant/Desktop/linux-mac-os/linuxos-ai/packages/cli/[39msrc/config/config.ts:201:10[90m)[39m
[90m    at processTicksAndRejections (node:internal/process/task_queues:105:5)[39m
    at [90m/Users/adarshkant/Desktop/linux-mac-os/linuxos-ai/packages/cli/[39msrc/config/config.test.ts:187:20
    at file:///Users/adarshkant/Desktop/linux-mac-os/linuxos-ai/node_modules/[4m@vitest[24m/runner/dist/chunk-hooks.js:752:20 {
  errno: [33m-2[39m,
  code: [32m&apos;ENOENT&apos;[39m,
  syscall: [32m&apos;mkdir&apos;[39m,
  path: [32m&apos;/mock/home/user/.gemini&apos;[39m
}

            </system-err>
        </testcase>
        <testcase classname="src/config/config.test.js" name="loadCliConfig telemetry &gt; should use telemetry target from settings if CLI flag is not present" time="0.004267958">
            <system-err>
Error accessing installation ID file, generating ephemeral ID: Error: ENOENT: no such file or directory, mkdir &apos;/mock/home/user/.gemini&apos;
[90m    at Proxy.mkdirSync (node:fs:1363:26)[39m
    at ensureGeminiDirExists (/Users/adarshkant/Desktop/linux-mac-os/linuxos-ai/packages/core/src/utils/user_id.ts:19:8)
    at getInstallationId (/Users/adarshkant/Desktop/linux-mac-os/linuxos-ai/packages/core/src/utils/user_id.ts:42:5)
    at ClearcutLogger.createLogEvent (/Users/adarshkant/Desktop/linux-mac-os/linuxos-ai/packages/core/src/telemetry/clearcut-logger/clearcut-logger.ts:74:43)
    at ClearcutLogger.logStartSessionEvent (/Users/adarshkant/Desktop/linux-mac-os/linuxos-ai/packages/core/src/telemetry/clearcut-logger/clearcut-logger.ts:245:31)
    at new Config (/Users/adarshkant/Desktop/linux-mac-os/linuxos-ai/packages/core/src/config/config.ts:224:41)
    at Module.loadCliConfig [90m(/Users/adarshkant/Desktop/linux-mac-os/linuxos-ai/packages/cli/[39msrc/config/config.ts:201:10[90m)[39m
[90m    at processTicksAndRejections (node:internal/process/task_queues:105:5)[39m
    at [90m/Users/adarshkant/Desktop/linux-mac-os/linuxos-ai/packages/cli/[39msrc/config/config.test.ts:196:20
    at file:///Users/adarshkant/Desktop/linux-mac-os/linuxos-ai/node_modules/[4m@vitest[24m/runner/dist/chunk-hooks.js:752:20 {
  errno: [33m-2[39m,
  code: [32m&apos;ENOENT&apos;[39m,
  syscall: [32m&apos;mkdir&apos;[39m,
  path: [32m&apos;/mock/home/user/.gemini&apos;[39m
}

            </system-err>
        </testcase>
        <testcase classname="src/config/config.test.js" name="loadCliConfig telemetry &gt; should prioritize --telemetry-target CLI flag over settings" time="0.002502209">
            <system-err>
Error accessing installation ID file, generating ephemeral ID: Error: ENOENT: no such file or directory, mkdir &apos;/mock/home/user/.gemini&apos;
[90m    at Proxy.mkdirSync (node:fs:1363:26)[39m
    at ensureGeminiDirExists (/Users/adarshkant/Desktop/linux-mac-os/linuxos-ai/packages/core/src/utils/user_id.ts:19:8)
    at getInstallationId (/Users/adarshkant/Desktop/linux-mac-os/linuxos-ai/packages/core/src/utils/user_id.ts:42:5)
    at ClearcutLogger.createLogEvent (/Users/adarshkant/Desktop/linux-mac-os/linuxos-ai/packages/core/src/telemetry/clearcut-logger/clearcut-logger.ts:74:43)
    at ClearcutLogger.logStartSessionEvent (/Users/adarshkant/Desktop/linux-mac-os/linuxos-ai/packages/core/src/telemetry/clearcut-logger/clearcut-logger.ts:245:31)
    at new Config (/Users/adarshkant/Desktop/linux-mac-os/linuxos-ai/packages/core/src/config/config.ts:224:41)
    at Module.loadCliConfig [90m(/Users/adarshkant/Desktop/linux-mac-os/linuxos-ai/packages/cli/[39msrc/config/config.ts:201:10[90m)[39m
[90m    at processTicksAndRejections (node:internal/process/task_queues:105:5)[39m
    at [90m/Users/adarshkant/Desktop/linux-mac-os/linuxos-ai/packages/cli/[39msrc/config/config.test.ts:207:20
    at file:///Users/adarshkant/Desktop/linux-mac-os/linuxos-ai/node_modules/[4m@vitest[24m/runner/dist/chunk-hooks.js:752:20 {
  errno: [33m-2[39m,
  code: [32m&apos;ENOENT&apos;[39m,
  syscall: [32m&apos;mkdir&apos;[39m,
  path: [32m&apos;/mock/home/user/.gemini&apos;[39m
}

            </system-err>
        </testcase>
        <testcase classname="src/config/config.test.js" name="loadCliConfig telemetry &gt; should use default target if no target is provided via CLI or settings" time="0.001836125">
            <system-err>
Error accessing installation ID file, generating ephemeral ID: Error: ENOENT: no such file or directory, mkdir &apos;/mock/home/user/.gemini&apos;
[90m    at Proxy.mkdirSync (node:fs:1363:26)[39m
    at ensureGeminiDirExists (/Users/adarshkant/Desktop/linux-mac-os/linuxos-ai/packages/core/src/utils/user_id.ts:19:8)
    at getInstallationId (/Users/adarshkant/Desktop/linux-mac-os/linuxos-ai/packages/core/src/utils/user_id.ts:42:5)
    at ClearcutLogger.createLogEvent (/Users/adarshkant/Desktop/linux-mac-os/linuxos-ai/packages/core/src/telemetry/clearcut-logger/clearcut-logger.ts:74:43)
    at ClearcutLogger.logStartSessionEvent (/Users/adarshkant/Desktop/linux-mac-os/linuxos-ai/packages/core/src/telemetry/clearcut-logger/clearcut-logger.ts:245:31)
    at new Config (/Users/adarshkant/Desktop/linux-mac-os/linuxos-ai/packages/core/src/config/config.ts:224:41)
    at Module.loadCliConfig [90m(/Users/adarshkant/Desktop/linux-mac-os/linuxos-ai/packages/cli/[39msrc/config/config.ts:201:10[90m)[39m
[90m    at processTicksAndRejections (node:internal/process/task_queues:105:5)[39m
    at [90m/Users/adarshkant/Desktop/linux-mac-os/linuxos-ai/packages/cli/[39msrc/config/config.test.ts:214:20
    at file:///Users/adarshkant/Desktop/linux-mac-os/linuxos-ai/node_modules/[4m@vitest[24m/runner/dist/chunk-hooks.js:752:20 {
  errno: [33m-2[39m,
  code: [32m&apos;ENOENT&apos;[39m,
  syscall: [32m&apos;mkdir&apos;[39m,
  path: [32m&apos;/mock/home/user/.gemini&apos;[39m
}

            </system-err>
        </testcase>
        <testcase classname="src/config/config.test.js" name="loadCliConfig telemetry &gt; should use telemetry log prompts from settings if CLI flag is not present" time="0.0018035">
            <system-err>
Error accessing installation ID file, generating ephemeral ID: Error: ENOENT: no such file or directory, mkdir &apos;/mock/home/user/.gemini&apos;
[90m    at Proxy.mkdirSync (node:fs:1363:26)[39m
    at ensureGeminiDirExists (/Users/adarshkant/Desktop/linux-mac-os/linuxos-ai/packages/core/src/utils/user_id.ts:19:8)
    at getInstallationId (/Users/adarshkant/Desktop/linux-mac-os/linuxos-ai/packages/core/src/utils/user_id.ts:42:5)
    at ClearcutLogger.createLogEvent (/Users/adarshkant/Desktop/linux-mac-os/linuxos-ai/packages/core/src/telemetry/clearcut-logger/clearcut-logger.ts:74:43)
    at ClearcutLogger.logStartSessionEvent (/Users/adarshkant/Desktop/linux-mac-os/linuxos-ai/packages/core/src/telemetry/clearcut-logger/clearcut-logger.ts:245:31)
    at new Config (/Users/adarshkant/Desktop/linux-mac-os/linuxos-ai/packages/core/src/config/config.ts:224:41)
    at Module.loadCliConfig [90m(/Users/adarshkant/Desktop/linux-mac-os/linuxos-ai/packages/cli/[39msrc/config/config.ts:201:10[90m)[39m
[90m    at processTicksAndRejections (node:internal/process/task_queues:105:5)[39m
    at [90m/Users/adarshkant/Desktop/linux-mac-os/linuxos-ai/packages/cli/[39msrc/config/config.test.ts:223:20
    at file:///Users/adarshkant/Desktop/linux-mac-os/linuxos-ai/node_modules/[4m@vitest[24m/runner/dist/chunk-hooks.js:752:20 {
  errno: [33m-2[39m,
  code: [32m&apos;ENOENT&apos;[39m,
  syscall: [32m&apos;mkdir&apos;[39m,
  path: [32m&apos;/mock/home/user/.gemini&apos;[39m
}

            </system-err>
        </testcase>
        <testcase classname="src/config/config.test.js" name="loadCliConfig telemetry &gt; should prioritize --telemetry-log-prompts CLI flag (true) over settings (false)" time="0.001475417">
            <system-err>
Error accessing installation ID file, generating ephemeral ID: Error: ENOENT: no such file or directory, mkdir &apos;/mock/home/user/.gemini&apos;
[90m    at Proxy.mkdirSync (node:fs:1363:26)[39m
    at ensureGeminiDirExists (/Users/adarshkant/Desktop/linux-mac-os/linuxos-ai/packages/core/src/utils/user_id.ts:19:8)
    at getInstallationId (/Users/adarshkant/Desktop/linux-mac-os/linuxos-ai/packages/core/src/utils/user_id.ts:42:5)
    at ClearcutLogger.createLogEvent (/Users/adarshkant/Desktop/linux-mac-os/linuxos-ai/packages/core/src/telemetry/clearcut-logger/clearcut-logger.ts:74:43)
    at ClearcutLogger.logStartSessionEvent (/Users/adarshkant/Desktop/linux-mac-os/linuxos-ai/packages/core/src/telemetry/clearcut-logger/clearcut-logger.ts:245:31)
    at new Config (/Users/adarshkant/Desktop/linux-mac-os/linuxos-ai/packages/core/src/config/config.ts:224:41)
    at Module.loadCliConfig [90m(/Users/adarshkant/Desktop/linux-mac-os/linuxos-ai/packages/cli/[39msrc/config/config.ts:201:10[90m)[39m
[90m    at processTicksAndRejections (node:internal/process/task_queues:105:5)[39m
    at [90m/Users/adarshkant/Desktop/linux-mac-os/linuxos-ai/packages/cli/[39msrc/config/config.test.ts:230:20
    at file:///Users/adarshkant/Desktop/linux-mac-os/linuxos-ai/node_modules/[4m@vitest[24m/runner/dist/chunk-hooks.js:752:20 {
  errno: [33m-2[39m,
  code: [32m&apos;ENOENT&apos;[39m,
  syscall: [32m&apos;mkdir&apos;[39m,
  path: [32m&apos;/mock/home/user/.gemini&apos;[39m
}

            </system-err>
        </testcase>
        <testcase classname="src/config/config.test.js" name="loadCliConfig telemetry &gt; should prioritize --no-telemetry-log-prompts CLI flag (false) over settings (true)" time="0.004377958">
            <system-err>
Error accessing installation ID file, generating ephemeral ID: Error: ENOENT: no such file or directory, mkdir &apos;/mock/home/user/.gemini&apos;
[90m    at Proxy.mkdirSync (node:fs:1363:26)[39m
    at ensureGeminiDirExists (/Users/adarshkant/Desktop/linux-mac-os/linuxos-ai/packages/core/src/utils/user_id.ts:19:8)
    at getInstallationId (/Users/adarshkant/Desktop/linux-mac-os/linuxos-ai/packages/core/src/utils/user_id.ts:42:5)
    at ClearcutLogger.createLogEvent (/Users/adarshkant/Desktop/linux-mac-os/linuxos-ai/packages/core/src/telemetry/clearcut-logger/clearcut-logger.ts:74:43)
    at ClearcutLogger.logStartSessionEvent (/Users/adarshkant/Desktop/linux-mac-os/linuxos-ai/packages/core/src/telemetry/clearcut-logger/clearcut-logger.ts:245:31)
    at new Config (/Users/adarshkant/Desktop/linux-mac-os/linuxos-ai/packages/core/src/config/config.ts:224:41)
    at Module.loadCliConfig [90m(/Users/adarshkant/Desktop/linux-mac-os/linuxos-ai/packages/cli/[39msrc/config/config.ts:201:10[90m)[39m
[90m    at processTicksAndRejections (node:internal/process/task_queues:105:5)[39m
    at [90m/Users/adarshkant/Desktop/linux-mac-os/linuxos-ai/packages/cli/[39msrc/config/config.test.ts:237:20
    at file:///Users/adarshkant/Desktop/linux-mac-os/linuxos-ai/node_modules/[4m@vitest[24m/runner/dist/chunk-hooks.js:752:20 {
  errno: [33m-2[39m,
  code: [32m&apos;ENOENT&apos;[39m,
  syscall: [32m&apos;mkdir&apos;[39m,
  path: [32m&apos;/mock/home/user/.gemini&apos;[39m
}

            </system-err>
        </testcase>
        <testcase classname="src/config/config.test.js" name="loadCliConfig telemetry &gt; should use default log prompts (true) if no value is provided via CLI or settings" time="0.002936834">
            <system-err>
Error accessing installation ID file, generating ephemeral ID: Error: ENOENT: no such file or directory, mkdir &apos;/mock/home/user/.gemini&apos;
[90m    at Proxy.mkdirSync (node:fs:1363:26)[39m
    at ensureGeminiDirExists (/Users/adarshkant/Desktop/linux-mac-os/linuxos-ai/packages/core/src/utils/user_id.ts:19:8)
    at getInstallationId (/Users/adarshkant/Desktop/linux-mac-os/linuxos-ai/packages/core/src/utils/user_id.ts:42:5)
    at ClearcutLogger.createLogEvent (/Users/adarshkant/Desktop/linux-mac-os/linuxos-ai/packages/core/src/telemetry/clearcut-logger/clearcut-logger.ts:74:43)
    at ClearcutLogger.logStartSessionEvent (/Users/adarshkant/Desktop/linux-mac-os/linuxos-ai/packages/core/src/telemetry/clearcut-logger/clearcut-logger.ts:245:31)
    at new Config (/Users/adarshkant/Desktop/linux-mac-os/linuxos-ai/packages/core/src/config/config.ts:224:41)
    at Module.loadCliConfig [90m(/Users/adarshkant/Desktop/linux-mac-os/linuxos-ai/packages/cli/[39msrc/config/config.ts:201:10[90m)[39m
[90m    at processTicksAndRejections (node:internal/process/task_queues:105:5)[39m
    at [90m/Users/adarshkant/Desktop/linux-mac-os/linuxos-ai/packages/cli/[39msrc/config/config.test.ts:244:20
    at file:///Users/adarshkant/Desktop/linux-mac-os/linuxos-ai/node_modules/[4m@vitest[24m/runner/dist/chunk-hooks.js:752:20 {
  errno: [33m-2[39m,
  code: [32m&apos;ENOENT&apos;[39m,
  syscall: [32m&apos;mkdir&apos;[39m,
  path: [32m&apos;/mock/home/user/.gemini&apos;[39m
}

            </system-err>
        </testcase>
        <testcase classname="src/config/config.test.js" name="Hierarchical Memory Loading (config.ts) - Placeholder Suite &gt; should pass extension context file paths to loadServerHierarchicalMemory" time="0.029508083">
            <system-err>
Error accessing installation ID file, generating ephemeral ID: Error: ENOENT: no such file or directory, mkdir &apos;/mock/home/user/.gemini&apos;
[90m    at Proxy.mkdirSync (node:fs:1363:26)[39m
    at ensureGeminiDirExists (/Users/adarshkant/Desktop/linux-mac-os/linuxos-ai/packages/core/src/utils/user_id.ts:19:8)
    at getInstallationId (/Users/adarshkant/Desktop/linux-mac-os/linuxos-ai/packages/core/src/utils/user_id.ts:42:5)
    at ClearcutLogger.createLogEvent (/Users/adarshkant/Desktop/linux-mac-os/linuxos-ai/packages/core/src/telemetry/clearcut-logger/clearcut-logger.ts:74:43)
    at ClearcutLogger.logStartSessionEvent (/Users/adarshkant/Desktop/linux-mac-os/linuxos-ai/packages/core/src/telemetry/clearcut-logger/clearcut-logger.ts:245:31)
    at new Config (/Users/adarshkant/Desktop/linux-mac-os/linuxos-ai/packages/core/src/config/config.ts:224:41)
    at Module.loadCliConfig [90m(/Users/adarshkant/Desktop/linux-mac-os/linuxos-ai/packages/cli/[39msrc/config/config.ts:201:10[90m)[39m
[90m    at processTicksAndRejections (node:internal/process/task_queues:105:5)[39m
    at [90m/Users/adarshkant/Desktop/linux-mac-os/linuxos-ai/packages/cli/[39msrc/config/config.test.ts:289:5
    at file:///Users/adarshkant/Desktop/linux-mac-os/linuxos-ai/node_modules/[4m@vitest[24m/runner/dist/chunk-hooks.js:752:20 {
  errno: [33m-2[39m,
  code: [32m&apos;ENOENT&apos;[39m,
  syscall: [32m&apos;mkdir&apos;[39m,
  path: [32m&apos;/mock/home/user/.gemini&apos;[39m
}

            </system-err>
        </testcase>
        <testcase classname="src/config/config.test.js" name="mergeMcpServers &gt; should not modify the original settings object" time="0.012378917">
            <system-err>
Error accessing installation ID file, generating ephemeral ID: Error: ENOENT: no such file or directory, mkdir &apos;/mock/home/user/.gemini&apos;
[90m    at Proxy.mkdirSync (node:fs:1363:26)[39m
    at ensureGeminiDirExists (/Users/adarshkant/Desktop/linux-mac-os/linuxos-ai/packages/core/src/utils/user_id.ts:19:8)
    at getInstallationId (/Users/adarshkant/Desktop/linux-mac-os/linuxos-ai/packages/core/src/utils/user_id.ts:42:5)
    at ClearcutLogger.createLogEvent (/Users/adarshkant/Desktop/linux-mac-os/linuxos-ai/packages/core/src/telemetry/clearcut-logger/clearcut-logger.ts:74:43)
    at ClearcutLogger.logStartSessionEvent (/Users/adarshkant/Desktop/linux-mac-os/linuxos-ai/packages/core/src/telemetry/clearcut-logger/clearcut-logger.ts:245:31)
    at new Config (/Users/adarshkant/Desktop/linux-mac-os/linuxos-ai/packages/core/src/config/config.ts:224:41)
    at Module.loadCliConfig [90m(/Users/adarshkant/Desktop/linux-mac-os/linuxos-ai/packages/cli/[39msrc/config/config.ts:201:10[90m)[39m
[90m    at processTicksAndRejections (node:internal/process/task_queues:105:5)[39m
    at [90m/Users/adarshkant/Desktop/linux-mac-os/linuxos-ai/packages/cli/[39msrc/config/config.test.ts:349:5
    at file:///Users/adarshkant/Desktop/linux-mac-os/linuxos-ai/node_modules/[4m@vitest[24m/runner/dist/chunk-hooks.js:752:20 {
  errno: [33m-2[39m,
  code: [32m&apos;ENOENT&apos;[39m,
  syscall: [32m&apos;mkdir&apos;[39m,
  path: [32m&apos;/mock/home/user/.gemini&apos;[39m
}

            </system-err>
        </testcase>
        <testcase classname="src/config/config.test.js" name="mergeExcludeTools &gt; should merge excludeTools from settings and extensions" time="0.006609625">
            <system-err>
Error accessing installation ID file, generating ephemeral ID: Error: ENOENT: no such file or directory, mkdir &apos;/mock/home/user/.gemini&apos;
[90m    at Proxy.mkdirSync (node:fs:1363:26)[39m
    at ensureGeminiDirExists (/Users/adarshkant/Desktop/linux-mac-os/linuxos-ai/packages/core/src/utils/user_id.ts:19:8)
    at getInstallationId (/Users/adarshkant/Desktop/linux-mac-os/linuxos-ai/packages/core/src/utils/user_id.ts:42:5)
    at ClearcutLogger.createLogEvent (/Users/adarshkant/Desktop/linux-mac-os/linuxos-ai/packages/core/src/telemetry/clearcut-logger/clearcut-logger.ts:74:43)
    at ClearcutLogger.logStartSessionEvent (/Users/adarshkant/Desktop/linux-mac-os/linuxos-ai/packages/core/src/telemetry/clearcut-logger/clearcut-logger.ts:245:31)
    at new Config (/Users/adarshkant/Desktop/linux-mac-os/linuxos-ai/packages/core/src/config/config.ts:224:41)
    at Module.loadCliConfig [90m(/Users/adarshkant/Desktop/linux-mac-os/linuxos-ai/packages/cli/[39msrc/config/config.ts:201:10[90m)[39m
[90m    at processTicksAndRejections (node:internal/process/task_queues:105:5)[39m
    at [90m/Users/adarshkant/Desktop/linux-mac-os/linuxos-ai/packages/cli/[39msrc/config/config.test.ts:375:20
    at file:///Users/adarshkant/Desktop/linux-mac-os/linuxos-ai/node_modules/[4m@vitest[24m/runner/dist/chunk-hooks.js:752:20 {
  errno: [33m-2[39m,
  code: [32m&apos;ENOENT&apos;[39m,
  syscall: [32m&apos;mkdir&apos;[39m,
  path: [32m&apos;/mock/home/user/.gemini&apos;[39m
}

            </system-err>
        </testcase>
        <testcase classname="src/config/config.test.js" name="mergeExcludeTools &gt; should handle overlapping excludeTools between settings and extensions" time="0.002076083">
            <system-err>
Error accessing installation ID file, generating ephemeral ID: Error: ENOENT: no such file or directory, mkdir &apos;/mock/home/user/.gemini&apos;
[90m    at Proxy.mkdirSync (node:fs:1363:26)[39m
    at ensureGeminiDirExists (/Users/adarshkant/Desktop/linux-mac-os/linuxos-ai/packages/core/src/utils/user_id.ts:19:8)
    at getInstallationId (/Users/adarshkant/Desktop/linux-mac-os/linuxos-ai/packages/core/src/utils/user_id.ts:42:5)
    at ClearcutLogger.createLogEvent (/Users/adarshkant/Desktop/linux-mac-os/linuxos-ai/packages/core/src/telemetry/clearcut-logger/clearcut-logger.ts:74:43)
    at ClearcutLogger.logStartSessionEvent (/Users/adarshkant/Desktop/linux-mac-os/linuxos-ai/packages/core/src/telemetry/clearcut-logger/clearcut-logger.ts:245:31)
    at new Config (/Users/adarshkant/Desktop/linux-mac-os/linuxos-ai/packages/core/src/config/config.ts:224:41)
    at Module.loadCliConfig [90m(/Users/adarshkant/Desktop/linux-mac-os/linuxos-ai/packages/cli/[39msrc/config/config.ts:201:10[90m)[39m
[90m    at processTicksAndRejections (node:internal/process/task_queues:105:5)[39m
    at [90m/Users/adarshkant/Desktop/linux-mac-os/linuxos-ai/packages/cli/[39msrc/config/config.test.ts:394:20
    at file:///Users/adarshkant/Desktop/linux-mac-os/linuxos-ai/node_modules/[4m@vitest[24m/runner/dist/chunk-hooks.js:752:20 {
  errno: [33m-2[39m,
  code: [32m&apos;ENOENT&apos;[39m,
  syscall: [32m&apos;mkdir&apos;[39m,
  path: [32m&apos;/mock/home/user/.gemini&apos;[39m
}

            </system-err>
        </testcase>
        <testcase classname="src/config/config.test.js" name="mergeExcludeTools &gt; should handle overlapping excludeTools between extensions" time="0.002356625">
            <system-err>
Error accessing installation ID file, generating ephemeral ID: Error: ENOENT: no such file or directory, mkdir &apos;/mock/home/user/.gemini&apos;
[90m    at Proxy.mkdirSync (node:fs:1363:26)[39m
    at ensureGeminiDirExists (/Users/adarshkant/Desktop/linux-mac-os/linuxos-ai/packages/core/src/utils/user_id.ts:19:8)
    at getInstallationId (/Users/adarshkant/Desktop/linux-mac-os/linuxos-ai/packages/core/src/utils/user_id.ts:42:5)
    at ClearcutLogger.createLogEvent (/Users/adarshkant/Desktop/linux-mac-os/linuxos-ai/packages/core/src/telemetry/clearcut-logger/clearcut-logger.ts:74:43)
    at ClearcutLogger.logStartSessionEvent (/Users/adarshkant/Desktop/linux-mac-os/linuxos-ai/packages/core/src/telemetry/clearcut-logger/clearcut-logger.ts:245:31)
    at new Config (/Users/adarshkant/Desktop/linux-mac-os/linuxos-ai/packages/core/src/config/config.ts:224:41)
    at Module.loadCliConfig [90m(/Users/adarshkant/Desktop/linux-mac-os/linuxos-ai/packages/cli/[39msrc/config/config.ts:201:10[90m)[39m
[90m    at processTicksAndRejections (node:internal/process/task_queues:105:5)[39m
    at [90m/Users/adarshkant/Desktop/linux-mac-os/linuxos-ai/packages/cli/[39msrc/config/config.test.ts:421:20
    at file:///Users/adarshkant/Desktop/linux-mac-os/linuxos-ai/node_modules/[4m@vitest[24m/runner/dist/chunk-hooks.js:752:20 {
  errno: [33m-2[39m,
  code: [32m&apos;ENOENT&apos;[39m,
  syscall: [32m&apos;mkdir&apos;[39m,
  path: [32m&apos;/mock/home/user/.gemini&apos;[39m
}

            </system-err>
        </testcase>
        <testcase classname="src/config/config.test.js" name="mergeExcludeTools &gt; should return an empty array when no excludeTools are specified" time="0.001755625">
            <system-err>
Error accessing installation ID file, generating ephemeral ID: Error: ENOENT: no such file or directory, mkdir &apos;/mock/home/user/.gemini&apos;
[90m    at Proxy.mkdirSync (node:fs:1363:26)[39m
    at ensureGeminiDirExists (/Users/adarshkant/Desktop/linux-mac-os/linuxos-ai/packages/core/src/utils/user_id.ts:19:8)
    at getInstallationId (/Users/adarshkant/Desktop/linux-mac-os/linuxos-ai/packages/core/src/utils/user_id.ts:42:5)
    at ClearcutLogger.createLogEvent (/Users/adarshkant/Desktop/linux-mac-os/linuxos-ai/packages/core/src/telemetry/clearcut-logger/clearcut-logger.ts:74:43)
    at ClearcutLogger.logStartSessionEvent (/Users/adarshkant/Desktop/linux-mac-os/linuxos-ai/packages/core/src/telemetry/clearcut-logger/clearcut-logger.ts:245:31)
    at new Config (/Users/adarshkant/Desktop/linux-mac-os/linuxos-ai/packages/core/src/config/config.ts:224:41)
    at Module.loadCliConfig [90m(/Users/adarshkant/Desktop/linux-mac-os/linuxos-ai/packages/cli/[39msrc/config/config.ts:201:10[90m)[39m
[90m    at processTicksAndRejections (node:internal/process/task_queues:105:5)[39m
    at [90m/Users/adarshkant/Desktop/linux-mac-os/linuxos-ai/packages/cli/[39msrc/config/config.test.ts:431:20
    at file:///Users/adarshkant/Desktop/linux-mac-os/linuxos-ai/node_modules/[4m@vitest[24m/runner/dist/chunk-hooks.js:752:20 {
  errno: [33m-2[39m,
  code: [32m&apos;ENOENT&apos;[39m,
  syscall: [32m&apos;mkdir&apos;[39m,
  path: [32m&apos;/mock/home/user/.gemini&apos;[39m
}

            </system-err>
        </testcase>
        <testcase classname="src/config/config.test.js" name="mergeExcludeTools &gt; should handle settings with excludeTools but no extensions" time="0.001504375">
            <system-err>
Error accessing installation ID file, generating ephemeral ID: Error: ENOENT: no such file or directory, mkdir &apos;/mock/home/user/.gemini&apos;
[90m    at Proxy.mkdirSync (node:fs:1363:26)[39m
    at ensureGeminiDirExists (/Users/adarshkant/Desktop/linux-mac-os/linuxos-ai/packages/core/src/utils/user_id.ts:19:8)
    at getInstallationId (/Users/adarshkant/Desktop/linux-mac-os/linuxos-ai/packages/core/src/utils/user_id.ts:42:5)
    at ClearcutLogger.createLogEvent (/Users/adarshkant/Desktop/linux-mac-os/linuxos-ai/packages/core/src/telemetry/clearcut-logger/clearcut-logger.ts:74:43)
    at ClearcutLogger.logStartSessionEvent (/Users/adarshkant/Desktop/linux-mac-os/linuxos-ai/packages/core/src/telemetry/clearcut-logger/clearcut-logger.ts:245:31)
    at new Config (/Users/adarshkant/Desktop/linux-mac-os/linuxos-ai/packages/core/src/config/config.ts:224:41)
    at Module.loadCliConfig [90m(/Users/adarshkant/Desktop/linux-mac-os/linuxos-ai/packages/cli/[39msrc/config/config.ts:201:10[90m)[39m
[90m    at processTicksAndRejections (node:internal/process/task_queues:105:5)[39m
    at [90m/Users/adarshkant/Desktop/linux-mac-os/linuxos-ai/packages/cli/[39msrc/config/config.test.ts:438:20
    at file:///Users/adarshkant/Desktop/linux-mac-os/linuxos-ai/node_modules/[4m@vitest[24m/runner/dist/chunk-hooks.js:752:20 {
  errno: [33m-2[39m,
  code: [32m&apos;ENOENT&apos;[39m,
  syscall: [32m&apos;mkdir&apos;[39m,
  path: [32m&apos;/mock/home/user/.gemini&apos;[39m
}

            </system-err>
        </testcase>
        <testcase classname="src/config/config.test.js" name="mergeExcludeTools &gt; should handle extensions with excludeTools but no settings" time="0.001336875">
            <system-err>
Error accessing installation ID file, generating ephemeral ID: Error: ENOENT: no such file or directory, mkdir &apos;/mock/home/user/.gemini&apos;
[90m    at Proxy.mkdirSync (node:fs:1363:26)[39m
    at ensureGeminiDirExists (/Users/adarshkant/Desktop/linux-mac-os/linuxos-ai/packages/core/src/utils/user_id.ts:19:8)
    at getInstallationId (/Users/adarshkant/Desktop/linux-mac-os/linuxos-ai/packages/core/src/utils/user_id.ts:42:5)
    at ClearcutLogger.createLogEvent (/Users/adarshkant/Desktop/linux-mac-os/linuxos-ai/packages/core/src/telemetry/clearcut-logger/clearcut-logger.ts:74:43)
    at ClearcutLogger.logStartSessionEvent (/Users/adarshkant/Desktop/linux-mac-os/linuxos-ai/packages/core/src/telemetry/clearcut-logger/clearcut-logger.ts:245:31)
    at new Config (/Users/adarshkant/Desktop/linux-mac-os/linuxos-ai/packages/core/src/config/config.ts:224:41)
    at Module.loadCliConfig [90m(/Users/adarshkant/Desktop/linux-mac-os/linuxos-ai/packages/cli/[39msrc/config/config.ts:201:10[90m)[39m
[90m    at processTicksAndRejections (node:internal/process/task_queues:105:5)[39m
    at [90m/Users/adarshkant/Desktop/linux-mac-os/linuxos-ai/packages/cli/[39msrc/config/config.test.ts:457:20
    at file:///Users/adarshkant/Desktop/linux-mac-os/linuxos-ai/node_modules/[4m@vitest[24m/runner/dist/chunk-hooks.js:752:20 {
  errno: [33m-2[39m,
  code: [32m&apos;ENOENT&apos;[39m,
  syscall: [32m&apos;mkdir&apos;[39m,
  path: [32m&apos;/mock/home/user/.gemini&apos;[39m
}

            </system-err>
        </testcase>
        <testcase classname="src/config/config.test.js" name="mergeExcludeTools &gt; should not modify the original settings object" time="0.001510834">
            <system-err>
Error accessing installation ID file, generating ephemeral ID: Error: ENOENT: no such file or directory, mkdir &apos;/mock/home/user/.gemini&apos;
[90m    at Proxy.mkdirSync (node:fs:1363:26)[39m
    at ensureGeminiDirExists (/Users/adarshkant/Desktop/linux-mac-os/linuxos-ai/packages/core/src/utils/user_id.ts:19:8)
    at getInstallationId (/Users/adarshkant/Desktop/linux-mac-os/linuxos-ai/packages/core/src/utils/user_id.ts:42:5)
    at ClearcutLogger.createLogEvent (/Users/adarshkant/Desktop/linux-mac-os/linuxos-ai/packages/core/src/telemetry/clearcut-logger/clearcut-logger.ts:74:43)
    at ClearcutLogger.logStartSessionEvent (/Users/adarshkant/Desktop/linux-mac-os/linuxos-ai/packages/core/src/telemetry/clearcut-logger/clearcut-logger.ts:245:31)
    at new Config (/Users/adarshkant/Desktop/linux-mac-os/linuxos-ai/packages/core/src/config/config.ts:224:41)
    at Module.loadCliConfig [90m(/Users/adarshkant/Desktop/linux-mac-os/linuxos-ai/packages/cli/[39msrc/config/config.ts:201:10[90m)[39m
[90m    at processTicksAndRejections (node:internal/process/task_queues:105:5)[39m
    at [90m/Users/adarshkant/Desktop/linux-mac-os/linuxos-ai/packages/cli/[39msrc/config/config.test.ts:477:5
    at file:///Users/adarshkant/Desktop/linux-mac-os/linuxos-ai/node_modules/[4m@vitest[24m/runner/dist/chunk-hooks.js:752:20 {
  errno: [33m-2[39m,
  code: [32m&apos;ENOENT&apos;[39m,
  syscall: [32m&apos;mkdir&apos;[39m,
  path: [32m&apos;/mock/home/user/.gemini&apos;[39m
}

            </system-err>
        </testcase>
    </testsuite>
    <testsuite name="src/config/config.test.ts" timestamp="2025-07-02T17:04:50.257Z" hostname="Adarshs-MacBook-Pro.local" tests="30" failures="0" errors="0" skipped="0" time="0.197216834">
        <testcase classname="src/config/config.test.ts" name="loadCliConfig &gt; should set showMemoryUsage to true when --memory flag is present" time="0.038435292">
            <system-err>
Error accessing installation ID file, generating ephemeral ID: Error: ENOENT: no such file or directory, mkdir &apos;/mock/home/user/.gemini&apos;
[90m    at Proxy.mkdirSync (node:fs:1363:26)[39m
    at ensureGeminiDirExists (/Users/adarshkant/Desktop/linux-mac-os/linuxos-ai/packages/core/src/utils/user_id.ts:19:8)
    at getInstallationId (/Users/adarshkant/Desktop/linux-mac-os/linuxos-ai/packages/core/src/utils/user_id.ts:42:5)
    at ClearcutLogger.createLogEvent (/Users/adarshkant/Desktop/linux-mac-os/linuxos-ai/packages/core/src/telemetry/clearcut-logger/clearcut-logger.ts:74:43)
    at ClearcutLogger.logStartSessionEvent (/Users/adarshkant/Desktop/linux-mac-os/linuxos-ai/packages/core/src/telemetry/clearcut-logger/clearcut-logger.ts:245:31)
    at new Config (/Users/adarshkant/Desktop/linux-mac-os/linuxos-ai/packages/core/src/config/config.ts:224:41)
    at Module.loadCliConfig [90m(/Users/adarshkant/Desktop/linux-mac-os/linuxos-ai/packages/cli/[39msrc/config/config.ts:201:10[90m)[39m
[90m    at processTicksAndRejections (node:internal/process/task_queues:105:5)[39m
    at [90m/Users/adarshkant/Desktop/linux-mac-os/linuxos-ai/packages/cli/[39msrc/config/config.test.ts:68:20
    at file:///Users/adarshkant/Desktop/linux-mac-os/linuxos-ai/node_modules/[4m@vitest[24m/runner/dist/chunk-hooks.js:752:20 {
  errno: [33m-2[39m,
  code: [32m&apos;ENOENT&apos;[39m,
  syscall: [32m&apos;mkdir&apos;[39m,
  path: [32m&apos;/mock/home/user/.gemini&apos;[39m
}

            </system-err>
        </testcase>
        <testcase classname="src/config/config.test.ts" name="loadCliConfig &gt; should set showMemoryUsage to false when --memory flag is not present" time="0.002668916">
            <system-err>
Error accessing installation ID file, generating ephemeral ID: Error: ENOENT: no such file or directory, mkdir &apos;/mock/home/user/.gemini&apos;
[90m    at Proxy.mkdirSync (node:fs:1363:26)[39m
    at ensureGeminiDirExists (/Users/adarshkant/Desktop/linux-mac-os/linuxos-ai/packages/core/src/utils/user_id.ts:19:8)
    at getInstallationId (/Users/adarshkant/Desktop/linux-mac-os/linuxos-ai/packages/core/src/utils/user_id.ts:42:5)
    at ClearcutLogger.createLogEvent (/Users/adarshkant/Desktop/linux-mac-os/linuxos-ai/packages/core/src/telemetry/clearcut-logger/clearcut-logger.ts:74:43)
    at ClearcutLogger.logStartSessionEvent (/Users/adarshkant/Desktop/linux-mac-os/linuxos-ai/packages/core/src/telemetry/clearcut-logger/clearcut-logger.ts:245:31)
    at new Config (/Users/adarshkant/Desktop/linux-mac-os/linuxos-ai/packages/core/src/config/config.ts:224:41)
    at Module.loadCliConfig [90m(/Users/adarshkant/Desktop/linux-mac-os/linuxos-ai/packages/cli/[39msrc/config/config.ts:201:10[90m)[39m
[90m    at processTicksAndRejections (node:internal/process/task_queues:105:5)[39m
    at [90m/Users/adarshkant/Desktop/linux-mac-os/linuxos-ai/packages/cli/[39msrc/config/config.test.ts:75:20
    at file:///Users/adarshkant/Desktop/linux-mac-os/linuxos-ai/node_modules/[4m@vitest[24m/runner/dist/chunk-hooks.js:752:20 {
  errno: [33m-2[39m,
  code: [32m&apos;ENOENT&apos;[39m,
  syscall: [32m&apos;mkdir&apos;[39m,
  path: [32m&apos;/mock/home/user/.gemini&apos;[39m
}

            </system-err>
        </testcase>
        <testcase classname="src/config/config.test.ts" name="loadCliConfig &gt; should set showMemoryUsage to false by default from settings if CLI flag is not present" time="0.002898">
            <system-err>
Error accessing installation ID file, generating ephemeral ID: Error: ENOENT: no such file or directory, mkdir &apos;/mock/home/user/.gemini&apos;
[90m    at Proxy.mkdirSync (node:fs:1363:26)[39m
    at ensureGeminiDirExists (/Users/adarshkant/Desktop/linux-mac-os/linuxos-ai/packages/core/src/utils/user_id.ts:19:8)
    at getInstallationId (/Users/adarshkant/Desktop/linux-mac-os/linuxos-ai/packages/core/src/utils/user_id.ts:42:5)
    at ClearcutLogger.createLogEvent (/Users/adarshkant/Desktop/linux-mac-os/linuxos-ai/packages/core/src/telemetry/clearcut-logger/clearcut-logger.ts:74:43)
    at ClearcutLogger.logStartSessionEvent (/Users/adarshkant/Desktop/linux-mac-os/linuxos-ai/packages/core/src/telemetry/clearcut-logger/clearcut-logger.ts:245:31)
    at new Config (/Users/adarshkant/Desktop/linux-mac-os/linuxos-ai/packages/core/src/config/config.ts:224:41)
    at Module.loadCliConfig [90m(/Users/adarshkant/Desktop/linux-mac-os/linuxos-ai/packages/cli/[39msrc/config/config.ts:201:10[90m)[39m
[90m    at processTicksAndRejections (node:internal/process/task_queues:105:5)[39m
    at [90m/Users/adarshkant/Desktop/linux-mac-os/linuxos-ai/packages/cli/[39msrc/config/config.test.ts:82:20
    at file:///Users/adarshkant/Desktop/linux-mac-os/linuxos-ai/node_modules/[4m@vitest[24m/runner/dist/chunk-hooks.js:752:20 {
  errno: [33m-2[39m,
  code: [32m&apos;ENOENT&apos;[39m,
  syscall: [32m&apos;mkdir&apos;[39m,
  path: [32m&apos;/mock/home/user/.gemini&apos;[39m
}

            </system-err>
        </testcase>
        <testcase classname="src/config/config.test.ts" name="loadCliConfig &gt; should prioritize CLI flag over settings for showMemoryUsage (CLI true, settings false)" time="0.005318333">
            <system-err>
Error accessing installation ID file, generating ephemeral ID: Error: ENOENT: no such file or directory, mkdir &apos;/mock/home/user/.gemini&apos;
[90m    at Proxy.mkdirSync (node:fs:1363:26)[39m
    at ensureGeminiDirExists (/Users/adarshkant/Desktop/linux-mac-os/linuxos-ai/packages/core/src/utils/user_id.ts:19:8)
    at getInstallationId (/Users/adarshkant/Desktop/linux-mac-os/linuxos-ai/packages/core/src/utils/user_id.ts:42:5)
    at ClearcutLogger.createLogEvent (/Users/adarshkant/Desktop/linux-mac-os/linuxos-ai/packages/core/src/telemetry/clearcut-logger/clearcut-logger.ts:74:43)
    at ClearcutLogger.logStartSessionEvent (/Users/adarshkant/Desktop/linux-mac-os/linuxos-ai/packages/core/src/telemetry/clearcut-logger/clearcut-logger.ts:245:31)
    at new Config (/Users/adarshkant/Desktop/linux-mac-os/linuxos-ai/packages/core/src/config/config.ts:224:41)
    at Module.loadCliConfig [90m(/Users/adarshkant/Desktop/linux-mac-os/linuxos-ai/packages/cli/[39msrc/config/config.ts:201:10[90m)[39m
[90m    at processTicksAndRejections (node:internal/process/task_queues:105:5)[39m
    at [90m/Users/adarshkant/Desktop/linux-mac-os/linuxos-ai/packages/cli/[39msrc/config/config.test.ts:89:20
    at file:///Users/adarshkant/Desktop/linux-mac-os/linuxos-ai/node_modules/[4m@vitest[24m/runner/dist/chunk-hooks.js:752:20 {
  errno: [33m-2[39m,
  code: [32m&apos;ENOENT&apos;[39m,
  syscall: [32m&apos;mkdir&apos;[39m,
  path: [32m&apos;/mock/home/user/.gemini&apos;[39m
}

            </system-err>
        </testcase>
        <testcase classname="src/config/config.test.ts" name="loadCliConfig telemetry &gt; should set telemetry to false by default when no flag or setting is present" time="0.004641125">
            <system-err>
Error accessing installation ID file, generating ephemeral ID: Error: ENOENT: no such file or directory, mkdir &apos;/mock/home/user/.gemini&apos;
[90m    at Proxy.mkdirSync (node:fs:1363:26)[39m
    at ensureGeminiDirExists (/Users/adarshkant/Desktop/linux-mac-os/linuxos-ai/packages/core/src/utils/user_id.ts:19:8)
    at getInstallationId (/Users/adarshkant/Desktop/linux-mac-os/linuxos-ai/packages/core/src/utils/user_id.ts:42:5)
    at ClearcutLogger.createLogEvent (/Users/adarshkant/Desktop/linux-mac-os/linuxos-ai/packages/core/src/telemetry/clearcut-logger/clearcut-logger.ts:74:43)
    at ClearcutLogger.logStartSessionEvent (/Users/adarshkant/Desktop/linux-mac-os/linuxos-ai/packages/core/src/telemetry/clearcut-logger/clearcut-logger.ts:245:31)
    at new Config (/Users/adarshkant/Desktop/linux-mac-os/linuxos-ai/packages/core/src/config/config.ts:224:41)
    at Module.loadCliConfig [90m(/Users/adarshkant/Desktop/linux-mac-os/linuxos-ai/packages/cli/[39msrc/config/config.ts:201:10[90m)[39m
[90m    at processTicksAndRejections (node:internal/process/task_queues:105:5)[39m
    at [90m/Users/adarshkant/Desktop/linux-mac-os/linuxos-ai/packages/cli/[39msrc/config/config.test.ts:113:20
    at file:///Users/adarshkant/Desktop/linux-mac-os/linuxos-ai/node_modules/[4m@vitest[24m/runner/dist/chunk-hooks.js:752:20 {
  errno: [33m-2[39m,
  code: [32m&apos;ENOENT&apos;[39m,
  syscall: [32m&apos;mkdir&apos;[39m,
  path: [32m&apos;/mock/home/user/.gemini&apos;[39m
}

            </system-err>
        </testcase>
        <testcase classname="src/config/config.test.ts" name="loadCliConfig telemetry &gt; should set telemetry to true when --telemetry flag is present" time="0.027958083">
            <system-out>
OpenTelemetry SDK started successfully.

            </system-out>
            <system-err>
Error accessing installation ID file, generating ephemeral ID: Error: ENOENT: no such file or directory, mkdir &apos;/mock/home/user/.gemini&apos;
[90m    at Proxy.mkdirSync (node:fs:1363:26)[39m
    at ensureGeminiDirExists (/Users/adarshkant/Desktop/linux-mac-os/linuxos-ai/packages/core/src/utils/user_id.ts:19:8)
    at getInstallationId (/Users/adarshkant/Desktop/linux-mac-os/linuxos-ai/packages/core/src/utils/user_id.ts:42:5)
    at ClearcutLogger.createLogEvent (/Users/adarshkant/Desktop/linux-mac-os/linuxos-ai/packages/core/src/telemetry/clearcut-logger/clearcut-logger.ts:74:43)
    at ClearcutLogger.logStartSessionEvent (/Users/adarshkant/Desktop/linux-mac-os/linuxos-ai/packages/core/src/telemetry/clearcut-logger/clearcut-logger.ts:245:31)
    at new Config (/Users/adarshkant/Desktop/linux-mac-os/linuxos-ai/packages/core/src/config/config.ts:224:41)
    at Module.loadCliConfig [90m(/Users/adarshkant/Desktop/linux-mac-os/linuxos-ai/packages/cli/[39msrc/config/config.ts:201:10[90m)[39m
[90m    at processTicksAndRejections (node:internal/process/task_queues:105:5)[39m
    at [90m/Users/adarshkant/Desktop/linux-mac-os/linuxos-ai/packages/cli/[39msrc/config/config.test.ts:120:20
    at file:///Users/adarshkant/Desktop/linux-mac-os/linuxos-ai/node_modules/[4m@vitest[24m/runner/dist/chunk-hooks.js:752:20 {
  errno: [33m-2[39m,
  code: [32m&apos;ENOENT&apos;[39m,
  syscall: [32m&apos;mkdir&apos;[39m,
  path: [32m&apos;/mock/home/user/.gemini&apos;[39m
}
Accessing resource attributes before async attributes settled

            </system-err>
        </testcase>
        <testcase classname="src/config/config.test.ts" name="loadCliConfig telemetry &gt; should set telemetry to false when --no-telemetry flag is present" time="0.003189791">
            <system-err>
Error accessing installation ID file, generating ephemeral ID: Error: ENOENT: no such file or directory, mkdir &apos;/mock/home/user/.gemini&apos;
[90m    at Proxy.mkdirSync (node:fs:1363:26)[39m
    at ensureGeminiDirExists (/Users/adarshkant/Desktop/linux-mac-os/linuxos-ai/packages/core/src/utils/user_id.ts:19:8)
    at getInstallationId (/Users/adarshkant/Desktop/linux-mac-os/linuxos-ai/packages/core/src/utils/user_id.ts:42:5)
    at ClearcutLogger.createLogEvent (/Users/adarshkant/Desktop/linux-mac-os/linuxos-ai/packages/core/src/telemetry/clearcut-logger/clearcut-logger.ts:74:43)
    at ClearcutLogger.logStartSessionEvent (/Users/adarshkant/Desktop/linux-mac-os/linuxos-ai/packages/core/src/telemetry/clearcut-logger/clearcut-logger.ts:245:31)
    at new Config (/Users/adarshkant/Desktop/linux-mac-os/linuxos-ai/packages/core/src/config/config.ts:224:41)
    at Module.loadCliConfig [90m(/Users/adarshkant/Desktop/linux-mac-os/linuxos-ai/packages/cli/[39msrc/config/config.ts:201:10[90m)[39m
[90m    at processTicksAndRejections (node:internal/process/task_queues:105:5)[39m
    at [90m/Users/adarshkant/Desktop/linux-mac-os/linuxos-ai/packages/cli/[39msrc/config/config.test.ts:127:20
    at file:///Users/adarshkant/Desktop/linux-mac-os/linuxos-ai/node_modules/[4m@vitest[24m/runner/dist/chunk-hooks.js:752:20 {
  errno: [33m-2[39m,
  code: [32m&apos;ENOENT&apos;[39m,
  syscall: [32m&apos;mkdir&apos;[39m,
  path: [32m&apos;/mock/home/user/.gemini&apos;[39m
}

            </system-err>
        </testcase>
        <testcase classname="src/config/config.test.ts" name="loadCliConfig telemetry &gt; should use telemetry value from settings if CLI flag is not present (settings true)" time="0.003074209">
            <system-err>
Error accessing installation ID file, generating ephemeral ID: Error: ENOENT: no such file or directory, mkdir &apos;/mock/home/user/.gemini&apos;
[90m    at Proxy.mkdirSync (node:fs:1363:26)[39m
    at ensureGeminiDirExists (/Users/adarshkant/Desktop/linux-mac-os/linuxos-ai/packages/core/src/utils/user_id.ts:19:8)
    at getInstallationId (/Users/adarshkant/Desktop/linux-mac-os/linuxos-ai/packages/core/src/utils/user_id.ts:42:5)
    at ClearcutLogger.createLogEvent (/Users/adarshkant/Desktop/linux-mac-os/linuxos-ai/packages/core/src/telemetry/clearcut-logger/clearcut-logger.ts:74:43)
    at ClearcutLogger.logStartSessionEvent (/Users/adarshkant/Desktop/linux-mac-os/linuxos-ai/packages/core/src/telemetry/clearcut-logger/clearcut-logger.ts:245:31)
    at new Config (/Users/adarshkant/Desktop/linux-mac-os/linuxos-ai/packages/core/src/config/config.ts:224:41)
    at Module.loadCliConfig [90m(/Users/adarshkant/Desktop/linux-mac-os/linuxos-ai/packages/cli/[39msrc/config/config.ts:201:10[90m)[39m
[90m    at processTicksAndRejections (node:internal/process/task_queues:105:5)[39m
    at [90m/Users/adarshkant/Desktop/linux-mac-os/linuxos-ai/packages/cli/[39msrc/config/config.test.ts:134:20
    at file:///Users/adarshkant/Desktop/linux-mac-os/linuxos-ai/node_modules/[4m@vitest[24m/runner/dist/chunk-hooks.js:752:20 {
  errno: [33m-2[39m,
  code: [32m&apos;ENOENT&apos;[39m,
  syscall: [32m&apos;mkdir&apos;[39m,
  path: [32m&apos;/mock/home/user/.gemini&apos;[39m
}

            </system-err>
        </testcase>
        <testcase classname="src/config/config.test.ts" name="loadCliConfig telemetry &gt; should use telemetry value from settings if CLI flag is not present (settings false)" time="0.003934542">
            <system-err>
Error accessing installation ID file, generating ephemeral ID: Error: ENOENT: no such file or directory, mkdir &apos;/mock/home/user/.gemini&apos;
[90m    at Proxy.mkdirSync (node:fs:1363:26)[39m
    at ensureGeminiDirExists (/Users/adarshkant/Desktop/linux-mac-os/linuxos-ai/packages/core/src/utils/user_id.ts:19:8)
    at getInstallationId (/Users/adarshkant/Desktop/linux-mac-os/linuxos-ai/packages/core/src/utils/user_id.ts:42:5)
    at ClearcutLogger.createLogEvent (/Users/adarshkant/Desktop/linux-mac-os/linuxos-ai/packages/core/src/telemetry/clearcut-logger/clearcut-logger.ts:74:43)
    at ClearcutLogger.logStartSessionEvent (/Users/adarshkant/Desktop/linux-mac-os/linuxos-ai/packages/core/src/telemetry/clearcut-logger/clearcut-logger.ts:245:31)
    at new Config (/Users/adarshkant/Desktop/linux-mac-os/linuxos-ai/packages/core/src/config/config.ts:224:41)
    at Module.loadCliConfig [90m(/Users/adarshkant/Desktop/linux-mac-os/linuxos-ai/packages/cli/[39msrc/config/config.ts:201:10[90m)[39m
[90m    at processTicksAndRejections (node:internal/process/task_queues:105:5)[39m
    at [90m/Users/adarshkant/Desktop/linux-mac-os/linuxos-ai/packages/cli/[39msrc/config/config.test.ts:141:20
    at file:///Users/adarshkant/Desktop/linux-mac-os/linuxos-ai/node_modules/[4m@vitest[24m/runner/dist/chunk-hooks.js:752:20 {
  errno: [33m-2[39m,
  code: [32m&apos;ENOENT&apos;[39m,
  syscall: [32m&apos;mkdir&apos;[39m,
  path: [32m&apos;/mock/home/user/.gemini&apos;[39m
}

            </system-err>
        </testcase>
        <testcase classname="src/config/config.test.ts" name="loadCliConfig telemetry &gt; should prioritize --telemetry CLI flag (true) over settings (false)" time="0.003718041">
            <system-err>
Error accessing installation ID file, generating ephemeral ID: Error: ENOENT: no such file or directory, mkdir &apos;/mock/home/user/.gemini&apos;
[90m    at Proxy.mkdirSync (node:fs:1363:26)[39m
    at ensureGeminiDirExists (/Users/adarshkant/Desktop/linux-mac-os/linuxos-ai/packages/core/src/utils/user_id.ts:19:8)
    at getInstallationId (/Users/adarshkant/Desktop/linux-mac-os/linuxos-ai/packages/core/src/utils/user_id.ts:42:5)
    at ClearcutLogger.createLogEvent (/Users/adarshkant/Desktop/linux-mac-os/linuxos-ai/packages/core/src/telemetry/clearcut-logger/clearcut-logger.ts:74:43)
    at ClearcutLogger.logStartSessionEvent (/Users/adarshkant/Desktop/linux-mac-os/linuxos-ai/packages/core/src/telemetry/clearcut-logger/clearcut-logger.ts:245:31)
    at new Config (/Users/adarshkant/Desktop/linux-mac-os/linuxos-ai/packages/core/src/config/config.ts:224:41)
    at Module.loadCliConfig [90m(/Users/adarshkant/Desktop/linux-mac-os/linuxos-ai/packages/cli/[39msrc/config/config.ts:201:10[90m)[39m
[90m    at processTicksAndRejections (node:internal/process/task_queues:105:5)[39m
    at [90m/Users/adarshkant/Desktop/linux-mac-os/linuxos-ai/packages/cli/[39msrc/config/config.test.ts:148:20
    at file:///Users/adarshkant/Desktop/linux-mac-os/linuxos-ai/node_modules/[4m@vitest[24m/runner/dist/chunk-hooks.js:752:20 {
  errno: [33m-2[39m,
  code: [32m&apos;ENOENT&apos;[39m,
  syscall: [32m&apos;mkdir&apos;[39m,
  path: [32m&apos;/mock/home/user/.gemini&apos;[39m
}

            </system-err>
        </testcase>
        <testcase classname="src/config/config.test.ts" name="loadCliConfig telemetry &gt; should prioritize --no-telemetry CLI flag (false) over settings (true)" time="0.0016805">
            <system-err>
Error accessing installation ID file, generating ephemeral ID: Error: ENOENT: no such file or directory, mkdir &apos;/mock/home/user/.gemini&apos;
[90m    at Proxy.mkdirSync (node:fs:1363:26)[39m
    at ensureGeminiDirExists (/Users/adarshkant/Desktop/linux-mac-os/linuxos-ai/packages/core/src/utils/user_id.ts:19:8)
    at getInstallationId (/Users/adarshkant/Desktop/linux-mac-os/linuxos-ai/packages/core/src/utils/user_id.ts:42:5)
    at ClearcutLogger.createLogEvent (/Users/adarshkant/Desktop/linux-mac-os/linuxos-ai/packages/core/src/telemetry/clearcut-logger/clearcut-logger.ts:74:43)
    at ClearcutLogger.logStartSessionEvent (/Users/adarshkant/Desktop/linux-mac-os/linuxos-ai/packages/core/src/telemetry/clearcut-logger/clearcut-logger.ts:245:31)
    at new Config (/Users/adarshkant/Desktop/linux-mac-os/linuxos-ai/packages/core/src/config/config.ts:224:41)
    at Module.loadCliConfig [90m(/Users/adarshkant/Desktop/linux-mac-os/linuxos-ai/packages/cli/[39msrc/config/config.ts:201:10[90m)[39m
[90m    at processTicksAndRejections (node:internal/process/task_queues:105:5)[39m
    at [90m/Users/adarshkant/Desktop/linux-mac-os/linuxos-ai/packages/cli/[39msrc/config/config.test.ts:155:20
    at file:///Users/adarshkant/Desktop/linux-mac-os/linuxos-ai/node_modules/[4m@vitest[24m/runner/dist/chunk-hooks.js:752:20 {
  errno: [33m-2[39m,
  code: [32m&apos;ENOENT&apos;[39m,
  syscall: [32m&apos;mkdir&apos;[39m,
  path: [32m&apos;/mock/home/user/.gemini&apos;[39m
}

            </system-err>
        </testcase>
        <testcase classname="src/config/config.test.ts" name="loadCliConfig telemetry &gt; should use telemetry OTLP endpoint from settings if CLI flag is not present" time="0.001713875">
            <system-err>
Error accessing installation ID file, generating ephemeral ID: Error: ENOENT: no such file or directory, mkdir &apos;/mock/home/user/.gemini&apos;
[90m    at Proxy.mkdirSync (node:fs:1363:26)[39m
    at ensureGeminiDirExists (/Users/adarshkant/Desktop/linux-mac-os/linuxos-ai/packages/core/src/utils/user_id.ts:19:8)
    at getInstallationId (/Users/adarshkant/Desktop/linux-mac-os/linuxos-ai/packages/core/src/utils/user_id.ts:42:5)
    at ClearcutLogger.createLogEvent (/Users/adarshkant/Desktop/linux-mac-os/linuxos-ai/packages/core/src/telemetry/clearcut-logger/clearcut-logger.ts:74:43)
    at ClearcutLogger.logStartSessionEvent (/Users/adarshkant/Desktop/linux-mac-os/linuxos-ai/packages/core/src/telemetry/clearcut-logger/clearcut-logger.ts:245:31)
    at new Config (/Users/adarshkant/Desktop/linux-mac-os/linuxos-ai/packages/core/src/config/config.ts:224:41)
    at Module.loadCliConfig [90m(/Users/adarshkant/Desktop/linux-mac-os/linuxos-ai/packages/cli/[39msrc/config/config.ts:201:10[90m)[39m
[90m    at processTicksAndRejections (node:internal/process/task_queues:105:5)[39m
    at [90m/Users/adarshkant/Desktop/linux-mac-os/linuxos-ai/packages/cli/[39msrc/config/config.test.ts:164:20
    at file:///Users/adarshkant/Desktop/linux-mac-os/linuxos-ai/node_modules/[4m@vitest[24m/runner/dist/chunk-hooks.js:752:20 {
  errno: [33m-2[39m,
  code: [32m&apos;ENOENT&apos;[39m,
  syscall: [32m&apos;mkdir&apos;[39m,
  path: [32m&apos;/mock/home/user/.gemini&apos;[39m
}

            </system-err>
        </testcase>
        <testcase classname="src/config/config.test.ts" name="loadCliConfig telemetry &gt; should prioritize --telemetry-otlp-endpoint CLI flag over settings" time="0.003714084">
            <system-err>
Error accessing installation ID file, generating ephemeral ID: Error: ENOENT: no such file or directory, mkdir &apos;/mock/home/user/.gemini&apos;
[90m    at Proxy.mkdirSync (node:fs:1363:26)[39m
    at ensureGeminiDirExists (/Users/adarshkant/Desktop/linux-mac-os/linuxos-ai/packages/core/src/utils/user_id.ts:19:8)
    at getInstallationId (/Users/adarshkant/Desktop/linux-mac-os/linuxos-ai/packages/core/src/utils/user_id.ts:42:5)
    at ClearcutLogger.createLogEvent (/Users/adarshkant/Desktop/linux-mac-os/linuxos-ai/packages/core/src/telemetry/clearcut-logger/clearcut-logger.ts:74:43)
    at ClearcutLogger.logStartSessionEvent (/Users/adarshkant/Desktop/linux-mac-os/linuxos-ai/packages/core/src/telemetry/clearcut-logger/clearcut-logger.ts:245:31)
    at new Config (/Users/adarshkant/Desktop/linux-mac-os/linuxos-ai/packages/core/src/config/config.ts:224:41)
    at Module.loadCliConfig [90m(/Users/adarshkant/Desktop/linux-mac-os/linuxos-ai/packages/cli/[39msrc/config/config.ts:201:10[90m)[39m
[90m    at processTicksAndRejections (node:internal/process/task_queues:105:5)[39m
    at [90m/Users/adarshkant/Desktop/linux-mac-os/linuxos-ai/packages/cli/[39msrc/config/config.test.ts:180:20
    at file:///Users/adarshkant/Desktop/linux-mac-os/linuxos-ai/node_modules/[4m@vitest[24m/runner/dist/chunk-hooks.js:752:20 {
  errno: [33m-2[39m,
  code: [32m&apos;ENOENT&apos;[39m,
  syscall: [32m&apos;mkdir&apos;[39m,
  path: [32m&apos;/mock/home/user/.gemini&apos;[39m
}

            </system-err>
        </testcase>
        <testcase classname="src/config/config.test.ts" name="loadCliConfig telemetry &gt; should use default endpoint if no OTLP endpoint is provided via CLI or settings" time="0.001977625">
            <system-err>
Error accessing installation ID file, generating ephemeral ID: Error: ENOENT: no such file or directory, mkdir &apos;/mock/home/user/.gemini&apos;
[90m    at Proxy.mkdirSync (node:fs:1363:26)[39m
    at ensureGeminiDirExists (/Users/adarshkant/Desktop/linux-mac-os/linuxos-ai/packages/core/src/utils/user_id.ts:19:8)
    at getInstallationId (/Users/adarshkant/Desktop/linux-mac-os/linuxos-ai/packages/core/src/utils/user_id.ts:42:5)
    at ClearcutLogger.createLogEvent (/Users/adarshkant/Desktop/linux-mac-os/linuxos-ai/packages/core/src/telemetry/clearcut-logger/clearcut-logger.ts:74:43)
    at ClearcutLogger.logStartSessionEvent (/Users/adarshkant/Desktop/linux-mac-os/linuxos-ai/packages/core/src/telemetry/clearcut-logger/clearcut-logger.ts:245:31)
    at new Config (/Users/adarshkant/Desktop/linux-mac-os/linuxos-ai/packages/core/src/config/config.ts:224:41)
    at Module.loadCliConfig [90m(/Users/adarshkant/Desktop/linux-mac-os/linuxos-ai/packages/cli/[39msrc/config/config.ts:201:10[90m)[39m
[90m    at processTicksAndRejections (node:internal/process/task_queues:105:5)[39m
    at [90m/Users/adarshkant/Desktop/linux-mac-os/linuxos-ai/packages/cli/[39msrc/config/config.test.ts:187:20
    at file:///Users/adarshkant/Desktop/linux-mac-os/linuxos-ai/node_modules/[4m@vitest[24m/runner/dist/chunk-hooks.js:752:20 {
  errno: [33m-2[39m,
  code: [32m&apos;ENOENT&apos;[39m,
  syscall: [32m&apos;mkdir&apos;[39m,
  path: [32m&apos;/mock/home/user/.gemini&apos;[39m
}

            </system-err>
        </testcase>
        <testcase classname="src/config/config.test.ts" name="loadCliConfig telemetry &gt; should use telemetry target from settings if CLI flag is not present" time="0.002039083">
            <system-err>
Error accessing installation ID file, generating ephemeral ID: Error: ENOENT: no such file or directory, mkdir &apos;/mock/home/user/.gemini&apos;
[90m    at Proxy.mkdirSync (node:fs:1363:26)[39m
    at ensureGeminiDirExists (/Users/adarshkant/Desktop/linux-mac-os/linuxos-ai/packages/core/src/utils/user_id.ts:19:8)
    at getInstallationId (/Users/adarshkant/Desktop/linux-mac-os/linuxos-ai/packages/core/src/utils/user_id.ts:42:5)
    at ClearcutLogger.createLogEvent (/Users/adarshkant/Desktop/linux-mac-os/linuxos-ai/packages/core/src/telemetry/clearcut-logger/clearcut-logger.ts:74:43)
    at ClearcutLogger.logStartSessionEvent (/Users/adarshkant/Desktop/linux-mac-os/linuxos-ai/packages/core/src/telemetry/clearcut-logger/clearcut-logger.ts:245:31)
    at new Config (/Users/adarshkant/Desktop/linux-mac-os/linuxos-ai/packages/core/src/config/config.ts:224:41)
    at Module.loadCliConfig [90m(/Users/adarshkant/Desktop/linux-mac-os/linuxos-ai/packages/cli/[39msrc/config/config.ts:201:10[90m)[39m
[90m    at processTicksAndRejections (node:internal/process/task_queues:105:5)[39m
    at [90m/Users/adarshkant/Desktop/linux-mac-os/linuxos-ai/packages/cli/[39msrc/config/config.test.ts:196:20
    at file:///Users/adarshkant/Desktop/linux-mac-os/linuxos-ai/node_modules/[4m@vitest[24m/runner/dist/chunk-hooks.js:752:20 {
  errno: [33m-2[39m,
  code: [32m&apos;ENOENT&apos;[39m,
  syscall: [32m&apos;mkdir&apos;[39m,
  path: [32m&apos;/mock/home/user/.gemini&apos;[39m
}

            </system-err>
        </testcase>
        <testcase classname="src/config/config.test.ts" name="loadCliConfig telemetry &gt; should prioritize --telemetry-target CLI flag over settings" time="0.002044958">
            <system-err>
Error accessing installation ID file, generating ephemeral ID: Error: ENOENT: no such file or directory, mkdir &apos;/mock/home/user/.gemini&apos;
[90m    at Proxy.mkdirSync (node:fs:1363:26)[39m
    at ensureGeminiDirExists (/Users/adarshkant/Desktop/linux-mac-os/linuxos-ai/packages/core/src/utils/user_id.ts:19:8)
    at getInstallationId (/Users/adarshkant/Desktop/linux-mac-os/linuxos-ai/packages/core/src/utils/user_id.ts:42:5)
    at ClearcutLogger.createLogEvent (/Users/adarshkant/Desktop/linux-mac-os/linuxos-ai/packages/core/src/telemetry/clearcut-logger/clearcut-logger.ts:74:43)
    at ClearcutLogger.logStartSessionEvent (/Users/adarshkant/Desktop/linux-mac-os/linuxos-ai/packages/core/src/telemetry/clearcut-logger/clearcut-logger.ts:245:31)
    at new Config (/Users/adarshkant/Desktop/linux-mac-os/linuxos-ai/packages/core/src/config/config.ts:224:41)
    at Module.loadCliConfig [90m(/Users/adarshkant/Desktop/linux-mac-os/linuxos-ai/packages/cli/[39msrc/config/config.ts:201:10[90m)[39m
[90m    at processTicksAndRejections (node:internal/process/task_queues:105:5)[39m
    at [90m/Users/adarshkant/Desktop/linux-mac-os/linuxos-ai/packages/cli/[39msrc/config/config.test.ts:207:20
    at file:///Users/adarshkant/Desktop/linux-mac-os/linuxos-ai/node_modules/[4m@vitest[24m/runner/dist/chunk-hooks.js:752:20 {
  errno: [33m-2[39m,
  code: [32m&apos;ENOENT&apos;[39m,
  syscall: [32m&apos;mkdir&apos;[39m,
  path: [32m&apos;/mock/home/user/.gemini&apos;[39m
}

            </system-err>
        </testcase>
        <testcase classname="src/config/config.test.ts" name="loadCliConfig telemetry &gt; should use default target if no target is provided via CLI or settings" time="0.005081167">
            <system-err>
Error accessing installation ID file, generating ephemeral ID: Error: ENOENT: no such file or directory, mkdir &apos;/mock/home/user/.gemini&apos;
[90m    at Proxy.mkdirSync (node:fs:1363:26)[39m
    at ensureGeminiDirExists (/Users/adarshkant/Desktop/linux-mac-os/linuxos-ai/packages/core/src/utils/user_id.ts:19:8)
    at getInstallationId (/Users/adarshkant/Desktop/linux-mac-os/linuxos-ai/packages/core/src/utils/user_id.ts:42:5)
    at ClearcutLogger.createLogEvent (/Users/adarshkant/Desktop/linux-mac-os/linuxos-ai/packages/core/src/telemetry/clearcut-logger/clearcut-logger.ts:74:43)
    at ClearcutLogger.logStartSessionEvent (/Users/adarshkant/Desktop/linux-mac-os/linuxos-ai/packages/core/src/telemetry/clearcut-logger/clearcut-logger.ts:245:31)
    at new Config (/Users/adarshkant/Desktop/linux-mac-os/linuxos-ai/packages/core/src/config/config.ts:224:41)
    at Module.loadCliConfig [90m(/Users/adarshkant/Desktop/linux-mac-os/linuxos-ai/packages/cli/[39msrc/config/config.ts:201:10[90m)[39m
[90m    at processTicksAndRejections (node:internal/process/task_queues:105:5)[39m
    at [90m/Users/adarshkant/Desktop/linux-mac-os/linuxos-ai/packages/cli/[39msrc/config/config.test.ts:214:20
    at file:///Users/adarshkant/Desktop/linux-mac-os/linuxos-ai/node_modules/[4m@vitest[24m/runner/dist/chunk-hooks.js:752:20 {
  errno: [33m-2[39m,
  code: [32m&apos;ENOENT&apos;[39m,
  syscall: [32m&apos;mkdir&apos;[39m,
  path: [32m&apos;/mock/home/user/.gemini&apos;[39m
}

            </system-err>
        </testcase>
        <testcase classname="src/config/config.test.ts" name="loadCliConfig telemetry &gt; should use telemetry log prompts from settings if CLI flag is not present" time="0.004897333">
            <system-err>
Error accessing installation ID file, generating ephemeral ID: Error: ENOENT: no such file or directory, mkdir &apos;/mock/home/user/.gemini&apos;
[90m    at Proxy.mkdirSync (node:fs:1363:26)[39m
    at ensureGeminiDirExists (/Users/adarshkant/Desktop/linux-mac-os/linuxos-ai/packages/core/src/utils/user_id.ts:19:8)
    at getInstallationId (/Users/adarshkant/Desktop/linux-mac-os/linuxos-ai/packages/core/src/utils/user_id.ts:42:5)
    at ClearcutLogger.createLogEvent (/Users/adarshkant/Desktop/linux-mac-os/linuxos-ai/packages/core/src/telemetry/clearcut-logger/clearcut-logger.ts:74:43)
    at ClearcutLogger.logStartSessionEvent (/Users/adarshkant/Desktop/linux-mac-os/linuxos-ai/packages/core/src/telemetry/clearcut-logger/clearcut-logger.ts:245:31)
    at new Config (/Users/adarshkant/Desktop/linux-mac-os/linuxos-ai/packages/core/src/config/config.ts:224:41)
    at Module.loadCliConfig [90m(/Users/adarshkant/Desktop/linux-mac-os/linuxos-ai/packages/cli/[39msrc/config/config.ts:201:10[90m)[39m
[90m    at processTicksAndRejections (node:internal/process/task_queues:105:5)[39m
    at [90m/Users/adarshkant/Desktop/linux-mac-os/linuxos-ai/packages/cli/[39msrc/config/config.test.ts:223:20
    at file:///Users/adarshkant/Desktop/linux-mac-os/linuxos-ai/node_modules/[4m@vitest[24m/runner/dist/chunk-hooks.js:752:20 {
  errno: [33m-2[39m,
  code: [32m&apos;ENOENT&apos;[39m,
  syscall: [32m&apos;mkdir&apos;[39m,
  path: [32m&apos;/mock/home/user/.gemini&apos;[39m
}

            </system-err>
        </testcase>
        <testcase classname="src/config/config.test.ts" name="loadCliConfig telemetry &gt; should prioritize --telemetry-log-prompts CLI flag (true) over settings (false)" time="0.002965417">
            <system-err>
Error accessing installation ID file, generating ephemeral ID: Error: ENOENT: no such file or directory, mkdir &apos;/mock/home/user/.gemini&apos;
[90m    at Proxy.mkdirSync (node:fs:1363:26)[39m
    at ensureGeminiDirExists (/Users/adarshkant/Desktop/linux-mac-os/linuxos-ai/packages/core/src/utils/user_id.ts:19:8)
    at getInstallationId (/Users/adarshkant/Desktop/linux-mac-os/linuxos-ai/packages/core/src/utils/user_id.ts:42:5)
    at ClearcutLogger.createLogEvent (/Users/adarshkant/Desktop/linux-mac-os/linuxos-ai/packages/core/src/telemetry/clearcut-logger/clearcut-logger.ts:74:43)
    at ClearcutLogger.logStartSessionEvent (/Users/adarshkant/Desktop/linux-mac-os/linuxos-ai/packages/core/src/telemetry/clearcut-logger/clearcut-logger.ts:245:31)
    at new Config (/Users/adarshkant/Desktop/linux-mac-os/linuxos-ai/packages/core/src/config/config.ts:224:41)
    at Module.loadCliConfig [90m(/Users/adarshkant/Desktop/linux-mac-os/linuxos-ai/packages/cli/[39msrc/config/config.ts:201:10[90m)[39m
[90m    at processTicksAndRejections (node:internal/process/task_queues:105:5)[39m
    at [90m/Users/adarshkant/Desktop/linux-mac-os/linuxos-ai/packages/cli/[39msrc/config/config.test.ts:230:20
    at file:///Users/adarshkant/Desktop/linux-mac-os/linuxos-ai/node_modules/[4m@vitest[24m/runner/dist/chunk-hooks.js:752:20 {
  errno: [33m-2[39m,
  code: [32m&apos;ENOENT&apos;[39m,
  syscall: [32m&apos;mkdir&apos;[39m,
  path: [32m&apos;/mock/home/user/.gemini&apos;[39m
}

            </system-err>
        </testcase>
        <testcase classname="src/config/config.test.ts" name="loadCliConfig telemetry &gt; should prioritize --no-telemetry-log-prompts CLI flag (false) over settings (true)" time="0.001635042">
            <system-err>
Error accessing installation ID file, generating ephemeral ID: Error: ENOENT: no such file or directory, mkdir &apos;/mock/home/user/.gemini&apos;
[90m    at Proxy.mkdirSync (node:fs:1363:26)[39m
    at ensureGeminiDirExists (/Users/adarshkant/Desktop/linux-mac-os/linuxos-ai/packages/core/src/utils/user_id.ts:19:8)
    at getInstallationId (/Users/adarshkant/Desktop/linux-mac-os/linuxos-ai/packages/core/src/utils/user_id.ts:42:5)
    at ClearcutLogger.createLogEvent (/Users/adarshkant/Desktop/linux-mac-os/linuxos-ai/packages/core/src/telemetry/clearcut-logger/clearcut-logger.ts:74:43)
    at ClearcutLogger.logStartSessionEvent (/Users/adarshkant/Desktop/linux-mac-os/linuxos-ai/packages/core/src/telemetry/clearcut-logger/clearcut-logger.ts:245:31)
    at new Config (/Users/adarshkant/Desktop/linux-mac-os/linuxos-ai/packages/core/src/config/config.ts:224:41)
    at Module.loadCliConfig [90m(/Users/adarshkant/Desktop/linux-mac-os/linuxos-ai/packages/cli/[39msrc/config/config.ts:201:10[90m)[39m
[90m    at processTicksAndRejections (node:internal/process/task_queues:105:5)[39m
    at [90m/Users/adarshkant/Desktop/linux-mac-os/linuxos-ai/packages/cli/[39msrc/config/config.test.ts:237:20
    at file:///Users/adarshkant/Desktop/linux-mac-os/linuxos-ai/node_modules/[4m@vitest[24m/runner/dist/chunk-hooks.js:752:20 {
  errno: [33m-2[39m,
  code: [32m&apos;ENOENT&apos;[39m,
  syscall: [32m&apos;mkdir&apos;[39m,
  path: [32m&apos;/mock/home/user/.gemini&apos;[39m
}

            </system-err>
        </testcase>
        <testcase classname="src/config/config.test.ts" name="loadCliConfig telemetry &gt; should use default log prompts (true) if no value is provided via CLI or settings" time="0.003511292">
            <system-err>
Error accessing installation ID file, generating ephemeral ID: Error: ENOENT: no such file or directory, mkdir &apos;/mock/home/user/.gemini&apos;
[90m    at Proxy.mkdirSync (node:fs:1363:26)[39m
    at ensureGeminiDirExists (/Users/adarshkant/Desktop/linux-mac-os/linuxos-ai/packages/core/src/utils/user_id.ts:19:8)
    at getInstallationId (/Users/adarshkant/Desktop/linux-mac-os/linuxos-ai/packages/core/src/utils/user_id.ts:42:5)
    at ClearcutLogger.createLogEvent (/Users/adarshkant/Desktop/linux-mac-os/linuxos-ai/packages/core/src/telemetry/clearcut-logger/clearcut-logger.ts:74:43)
    at ClearcutLogger.logStartSessionEvent (/Users/adarshkant/Desktop/linux-mac-os/linuxos-ai/packages/core/src/telemetry/clearcut-logger/clearcut-logger.ts:245:31)
    at new Config (/Users/adarshkant/Desktop/linux-mac-os/linuxos-ai/packages/core/src/config/config.ts:224:41)
    at Module.loadCliConfig [90m(/Users/adarshkant/Desktop/linux-mac-os/linuxos-ai/packages/cli/[39msrc/config/config.ts:201:10[90m)[39m
[90m    at processTicksAndRejections (node:internal/process/task_queues:105:5)[39m
    at [90m/Users/adarshkant/Desktop/linux-mac-os/linuxos-ai/packages/cli/[39msrc/config/config.test.ts:244:20
    at file:///Users/adarshkant/Desktop/linux-mac-os/linuxos-ai/node_modules/[4m@vitest[24m/runner/dist/chunk-hooks.js:752:20 {
  errno: [33m-2[39m,
  code: [32m&apos;ENOENT&apos;[39m,
  syscall: [32m&apos;mkdir&apos;[39m,
  path: [32m&apos;/mock/home/user/.gemini&apos;[39m
}

            </system-err>
        </testcase>
        <testcase classname="src/config/config.test.ts" name="Hierarchical Memory Loading (config.ts) - Placeholder Suite &gt; should pass extension context file paths to loadServerHierarchicalMemory" time="0.003084958">
            <system-err>
Error accessing installation ID file, generating ephemeral ID: Error: ENOENT: no such file or directory, mkdir &apos;/mock/home/user/.gemini&apos;
[90m    at Proxy.mkdirSync (node:fs:1363:26)[39m
    at ensureGeminiDirExists (/Users/adarshkant/Desktop/linux-mac-os/linuxos-ai/packages/core/src/utils/user_id.ts:19:8)
    at getInstallationId (/Users/adarshkant/Desktop/linux-mac-os/linuxos-ai/packages/core/src/utils/user_id.ts:42:5)
    at ClearcutLogger.createLogEvent (/Users/adarshkant/Desktop/linux-mac-os/linuxos-ai/packages/core/src/telemetry/clearcut-logger/clearcut-logger.ts:74:43)
    at ClearcutLogger.logStartSessionEvent (/Users/adarshkant/Desktop/linux-mac-os/linuxos-ai/packages/core/src/telemetry/clearcut-logger/clearcut-logger.ts:245:31)
    at new Config (/Users/adarshkant/Desktop/linux-mac-os/linuxos-ai/packages/core/src/config/config.ts:224:41)
    at Module.loadCliConfig [90m(/Users/adarshkant/Desktop/linux-mac-os/linuxos-ai/packages/cli/[39msrc/config/config.ts:201:10[90m)[39m
[90m    at processTicksAndRejections (node:internal/process/task_queues:105:5)[39m
    at [90m/Users/adarshkant/Desktop/linux-mac-os/linuxos-ai/packages/cli/[39msrc/config/config.test.ts:289:5
    at file:///Users/adarshkant/Desktop/linux-mac-os/linuxos-ai/node_modules/[4m@vitest[24m/runner/dist/chunk-hooks.js:752:20 {
  errno: [33m-2[39m,
  code: [32m&apos;ENOENT&apos;[39m,
  syscall: [32m&apos;mkdir&apos;[39m,
  path: [32m&apos;/mock/home/user/.gemini&apos;[39m
}

            </system-err>
        </testcase>
        <testcase classname="src/config/config.test.ts" name="mergeMcpServers &gt; should not modify the original settings object" time="0.021119042">
            <system-err>
Error accessing installation ID file, generating ephemeral ID: Error: ENOENT: no such file or directory, mkdir &apos;/mock/home/user/.gemini&apos;
[90m    at Proxy.mkdirSync (node:fs:1363:26)[39m
    at ensureGeminiDirExists (/Users/adarshkant/Desktop/linux-mac-os/linuxos-ai/packages/core/src/utils/user_id.ts:19:8)
    at getInstallationId (/Users/adarshkant/Desktop/linux-mac-os/linuxos-ai/packages/core/src/utils/user_id.ts:42:5)
    at ClearcutLogger.createLogEvent (/Users/adarshkant/Desktop/linux-mac-os/linuxos-ai/packages/core/src/telemetry/clearcut-logger/clearcut-logger.ts:74:43)
    at ClearcutLogger.logStartSessionEvent (/Users/adarshkant/Desktop/linux-mac-os/linuxos-ai/packages/core/src/telemetry/clearcut-logger/clearcut-logger.ts:245:31)
    at new Config (/Users/adarshkant/Desktop/linux-mac-os/linuxos-ai/packages/core/src/config/config.ts:224:41)
    at Module.loadCliConfig [90m(/Users/adarshkant/Desktop/linux-mac-os/linuxos-ai/packages/cli/[39msrc/config/config.ts:201:10[90m)[39m
[90m    at processTicksAndRejections (node:internal/process/task_queues:105:5)[39m
    at [90m/Users/adarshkant/Desktop/linux-mac-os/linuxos-ai/packages/cli/[39msrc/config/config.test.ts:349:5
    at file:///Users/adarshkant/Desktop/linux-mac-os/linuxos-ai/node_modules/[4m@vitest[24m/runner/dist/chunk-hooks.js:752:20 {
  errno: [33m-2[39m,
  code: [32m&apos;ENOENT&apos;[39m,
  syscall: [32m&apos;mkdir&apos;[39m,
  path: [32m&apos;/mock/home/user/.gemini&apos;[39m
}

            </system-err>
        </testcase>
        <testcase classname="src/config/config.test.ts" name="mergeExcludeTools &gt; should merge excludeTools from settings and extensions" time="0.004412792">
            <system-err>
Error accessing installation ID file, generating ephemeral ID: Error: ENOENT: no such file or directory, mkdir &apos;/mock/home/user/.gemini&apos;
[90m    at Proxy.mkdirSync (node:fs:1363:26)[39m
    at ensureGeminiDirExists (/Users/adarshkant/Desktop/linux-mac-os/linuxos-ai/packages/core/src/utils/user_id.ts:19:8)
    at getInstallationId (/Users/adarshkant/Desktop/linux-mac-os/linuxos-ai/packages/core/src/utils/user_id.ts:42:5)
    at ClearcutLogger.createLogEvent (/Users/adarshkant/Desktop/linux-mac-os/linuxos-ai/packages/core/src/telemetry/clearcut-logger/clearcut-logger.ts:74:43)
    at ClearcutLogger.logStartSessionEvent (/Users/adarshkant/Desktop/linux-mac-os/linuxos-ai/packages/core/src/telemetry/clearcut-logger/clearcut-logger.ts:245:31)
    at new Config (/Users/adarshkant/Desktop/linux-mac-os/linuxos-ai/packages/core/src/config/config.ts:224:41)
    at Module.loadCliConfig [90m(/Users/adarshkant/Desktop/linux-mac-os/linuxos-ai/packages/cli/[39msrc/config/config.ts:201:10[90m)[39m
[90m    at processTicksAndRejections (node:internal/process/task_queues:105:5)[39m
    at [90m/Users/adarshkant/Desktop/linux-mac-os/linuxos-ai/packages/cli/[39msrc/config/config.test.ts:375:20
    at file:///Users/adarshkant/Desktop/linux-mac-os/linuxos-ai/node_modules/[4m@vitest[24m/runner/dist/chunk-hooks.js:752:20 {
  errno: [33m-2[39m,
  code: [32m&apos;ENOENT&apos;[39m,
  syscall: [32m&apos;mkdir&apos;[39m,
  path: [32m&apos;/mock/home/user/.gemini&apos;[39m
}

            </system-err>
        </testcase>
        <testcase classname="src/config/config.test.ts" name="mergeExcludeTools &gt; should handle overlapping excludeTools between settings and extensions" time="0.011338166">
            <system-err>
Error accessing installation ID file, generating ephemeral ID: Error: ENOENT: no such file or directory, mkdir &apos;/mock/home/user/.gemini&apos;
[90m    at Proxy.mkdirSync (node:fs:1363:26)[39m
    at ensureGeminiDirExists (/Users/adarshkant/Desktop/linux-mac-os/linuxos-ai/packages/core/src/utils/user_id.ts:19:8)
    at getInstallationId (/Users/adarshkant/Desktop/linux-mac-os/linuxos-ai/packages/core/src/utils/user_id.ts:42:5)
    at ClearcutLogger.createLogEvent (/Users/adarshkant/Desktop/linux-mac-os/linuxos-ai/packages/core/src/telemetry/clearcut-logger/clearcut-logger.ts:74:43)
    at ClearcutLogger.logStartSessionEvent (/Users/adarshkant/Desktop/linux-mac-os/linuxos-ai/packages/core/src/telemetry/clearcut-logger/clearcut-logger.ts:245:31)
    at new Config (/Users/adarshkant/Desktop/linux-mac-os/linuxos-ai/packages/core/src/config/config.ts:224:41)
    at Module.loadCliConfig [90m(/Users/adarshkant/Desktop/linux-mac-os/linuxos-ai/packages/cli/[39msrc/config/config.ts:201:10[90m)[39m
[90m    at processTicksAndRejections (node:internal/process/task_queues:105:5)[39m
    at [90m/Users/adarshkant/Desktop/linux-mac-os/linuxos-ai/packages/cli/[39msrc/config/config.test.ts:394:20
    at file:///Users/adarshkant/Desktop/linux-mac-os/linuxos-ai/node_modules/[4m@vitest[24m/runner/dist/chunk-hooks.js:752:20 {
  errno: [33m-2[39m,
  code: [32m&apos;ENOENT&apos;[39m,
  syscall: [32m&apos;mkdir&apos;[39m,
  path: [32m&apos;/mock/home/user/.gemini&apos;[39m
}

            </system-err>
        </testcase>
        <testcase classname="src/config/config.test.ts" name="mergeExcludeTools &gt; should handle overlapping excludeTools between extensions" time="0.015714875">
            <system-err>
Error accessing installation ID file, generating ephemeral ID: Error: ENOENT: no such file or directory, mkdir &apos;/mock/home/user/.gemini&apos;
[90m    at Proxy.mkdirSync (node:fs:1363:26)[39m
    at ensureGeminiDirExists (/Users/adarshkant/Desktop/linux-mac-os/linuxos-ai/packages/core/src/utils/user_id.ts:19:8)
    at getInstallationId (/Users/adarshkant/Desktop/linux-mac-os/linuxos-ai/packages/core/src/utils/user_id.ts:42:5)
    at ClearcutLogger.createLogEvent (/Users/adarshkant/Desktop/linux-mac-os/linuxos-ai/packages/core/src/telemetry/clearcut-logger/clearcut-logger.ts:74:43)
    at ClearcutLogger.logStartSessionEvent (/Users/adarshkant/Desktop/linux-mac-os/linuxos-ai/packages/core/src/telemetry/clearcut-logger/clearcut-logger.ts:245:31)
    at new Config (/Users/adarshkant/Desktop/linux-mac-os/linuxos-ai/packages/core/src/config/config.ts:224:41)
    at Module.loadCliConfig [90m(/Users/adarshkant/Desktop/linux-mac-os/linuxos-ai/packages/cli/[39msrc/config/config.ts:201:10[90m)[39m
[90m    at processTicksAndRejections (node:internal/process/task_queues:105:5)[39m
    at [90m/Users/adarshkant/Desktop/linux-mac-os/linuxos-ai/packages/cli/[39msrc/config/config.test.ts:421:20
    at file:///Users/adarshkant/Desktop/linux-mac-os/linuxos-ai/node_modules/[4m@vitest[24m/runner/dist/chunk-hooks.js:752:20 {
  errno: [33m-2[39m,
  code: [32m&apos;ENOENT&apos;[39m,
  syscall: [32m&apos;mkdir&apos;[39m,
  path: [32m&apos;/mock/home/user/.gemini&apos;[39m
}

            </system-err>
        </testcase>
        <testcase classname="src/config/config.test.ts" name="mergeExcludeTools &gt; should return an empty array when no excludeTools are specified" time="0.003575916">
            <system-err>
Error accessing installation ID file, generating ephemeral ID: Error: ENOENT: no such file or directory, mkdir &apos;/mock/home/user/.gemini&apos;
[90m    at Proxy.mkdirSync (node:fs:1363:26)[39m
    at ensureGeminiDirExists (/Users/adarshkant/Desktop/linux-mac-os/linuxos-ai/packages/core/src/utils/user_id.ts:19:8)
    at getInstallationId (/Users/adarshkant/Desktop/linux-mac-os/linuxos-ai/packages/core/src/utils/user_id.ts:42:5)
    at ClearcutLogger.createLogEvent (/Users/adarshkant/Desktop/linux-mac-os/linuxos-ai/packages/core/src/telemetry/clearcut-logger/clearcut-logger.ts:74:43)
    at ClearcutLogger.logStartSessionEvent (/Users/adarshkant/Desktop/linux-mac-os/linuxos-ai/packages/core/src/telemetry/clearcut-logger/clearcut-logger.ts:245:31)
    at new Config (/Users/adarshkant/Desktop/linux-mac-os/linuxos-ai/packages/core/src/config/config.ts:224:41)
    at Module.loadCliConfig [90m(/Users/adarshkant/Desktop/linux-mac-os/linuxos-ai/packages/cli/[39msrc/config/config.ts:201:10[90m)[39m
[90m    at processTicksAndRejections (node:internal/process/task_queues:105:5)[39m
    at [90m/Users/adarshkant/Desktop/linux-mac-os/linuxos-ai/packages/cli/[39msrc/config/config.test.ts:431:20
    at file:///Users/adarshkant/Desktop/linux-mac-os/linuxos-ai/node_modules/[4m@vitest[24m/runner/dist/chunk-hooks.js:752:20 {
  errno: [33m-2[39m,
  code: [32m&apos;ENOENT&apos;[39m,
  syscall: [32m&apos;mkdir&apos;[39m,
  path: [32m&apos;/mock/home/user/.gemini&apos;[39m
}

            </system-err>
        </testcase>
        <testcase classname="src/config/config.test.ts" name="mergeExcludeTools &gt; should handle settings with excludeTools but no extensions" time="0.003238334">
            <system-err>
Error accessing installation ID file, generating ephemeral ID: Error: ENOENT: no such file or directory, mkdir &apos;/mock/home/user/.gemini&apos;
[90m    at Proxy.mkdirSync (node:fs:1363:26)[39m
    at ensureGeminiDirExists (/Users/adarshkant/Desktop/linux-mac-os/linuxos-ai/packages/core/src/utils/user_id.ts:19:8)
    at getInstallationId (/Users/adarshkant/Desktop/linux-mac-os/linuxos-ai/packages/core/src/utils/user_id.ts:42:5)
    at ClearcutLogger.createLogEvent (/Users/adarshkant/Desktop/linux-mac-os/linuxos-ai/packages/core/src/telemetry/clearcut-logger/clearcut-logger.ts:74:43)
    at ClearcutLogger.logStartSessionEvent (/Users/adarshkant/Desktop/linux-mac-os/linuxos-ai/packages/core/src/telemetry/clearcut-logger/clearcut-logger.ts:245:31)
    at new Config (/Users/adarshkant/Desktop/linux-mac-os/linuxos-ai/packages/core/src/config/config.ts:224:41)
    at Module.loadCliConfig [90m(/Users/adarshkant/Desktop/linux-mac-os/linuxos-ai/packages/cli/[39msrc/config/config.ts:201:10[90m)[39m
[90m    at processTicksAndRejections (node:internal/process/task_queues:105:5)[39m
    at [90m/Users/adarshkant/Desktop/linux-mac-os/linuxos-ai/packages/cli/[39msrc/config/config.test.ts:438:20
    at file:///Users/adarshkant/Desktop/linux-mac-os/linuxos-ai/node_modules/[4m@vitest[24m/runner/dist/chunk-hooks.js:752:20 {
  errno: [33m-2[39m,
  code: [32m&apos;ENOENT&apos;[39m,
  syscall: [32m&apos;mkdir&apos;[39m,
  path: [32m&apos;/mock/home/user/.gemini&apos;[39m
}

            </system-err>
        </testcase>
        <testcase classname="src/config/config.test.ts" name="mergeExcludeTools &gt; should handle extensions with excludeTools but no settings" time="0.004486583">
            <system-err>
Error accessing installation ID file, generating ephemeral ID: Error: ENOENT: no such file or directory, mkdir &apos;/mock/home/user/.gemini&apos;
[90m    at Proxy.mkdirSync (node:fs:1363:26)[39m
    at ensureGeminiDirExists (/Users/adarshkant/Desktop/linux-mac-os/linuxos-ai/packages/core/src/utils/user_id.ts:19:8)
    at getInstallationId (/Users/adarshkant/Desktop/linux-mac-os/linuxos-ai/packages/core/src/utils/user_id.ts:42:5)
    at ClearcutLogger.createLogEvent (/Users/adarshkant/Desktop/linux-mac-os/linuxos-ai/packages/core/src/telemetry/clearcut-logger/clearcut-logger.ts:74:43)
    at ClearcutLogger.logStartSessionEvent (/Users/adarshkant/Desktop/linux-mac-os/linuxos-ai/packages/core/src/telemetry/clearcut-logger/clearcut-logger.ts:245:31)
    at new Config (/Users/adarshkant/Desktop/linux-mac-os/linuxos-ai/packages/core/src/config/config.ts:224:41)
    at Module.loadCliConfig [90m(/Users/adarshkant/Desktop/linux-mac-os/linuxos-ai/packages/cli/[39msrc/config/config.ts:201:10[90m)[39m
[90m    at processTicksAndRejections (node:internal/process/task_queues:105:5)[39m
    at [90m/Users/adarshkant/Desktop/linux-mac-os/linuxos-ai/packages/cli/[39msrc/config/config.test.ts:457:20
    at file:///Users/adarshkant/Desktop/linux-mac-os/linuxos-ai/node_modules/[4m@vitest[24m/runner/dist/chunk-hooks.js:752:20 {
  errno: [33m-2[39m,
  code: [32m&apos;ENOENT&apos;[39m,
  syscall: [32m&apos;mkdir&apos;[39m,
  path: [32m&apos;/mock/home/user/.gemini&apos;[39m
}

            </system-err>
        </testcase>
        <testcase classname="src/config/config.test.ts" name="mergeExcludeTools &gt; should not modify the original settings object" time="0.00195675">
            <system-err>
Error accessing installation ID file, generating ephemeral ID: Error: ENOENT: no such file or directory, mkdir &apos;/mock/home/user/.gemini&apos;
[90m    at Proxy.mkdirSync (node:fs:1363:26)[39m
    at ensureGeminiDirExists (/Users/adarshkant/Desktop/linux-mac-os/linuxos-ai/packages/core/src/utils/user_id.ts:19:8)
    at getInstallationId (/Users/adarshkant/Desktop/linux-mac-os/linuxos-ai/packages/core/src/utils/user_id.ts:42:5)
    at ClearcutLogger.createLogEvent (/Users/adarshkant/Desktop/linux-mac-os/linuxos-ai/packages/core/src/telemetry/clearcut-logger/clearcut-logger.ts:74:43)
    at ClearcutLogger.logStartSessionEvent (/Users/adarshkant/Desktop/linux-mac-os/linuxos-ai/packages/core/src/telemetry/clearcut-logger/clearcut-logger.ts:245:31)
    at new Config (/Users/adarshkant/Desktop/linux-mac-os/linuxos-ai/packages/core/src/config/config.ts:224:41)
    at Module.loadCliConfig [90m(/Users/adarshkant/Desktop/linux-mac-os/linuxos-ai/packages/cli/[39msrc/config/config.ts:201:10[90m)[39m
[90m    at processTicksAndRejections (node:internal/process/task_queues:105:5)[39m
    at [90m/Users/adarshkant/Desktop/linux-mac-os/linuxos-ai/packages/cli/[39msrc/config/config.test.ts:477:5
    at file:///Users/adarshkant/Desktop/linux-mac-os/linuxos-ai/node_modules/[4m@vitest[24m/runner/dist/chunk-hooks.js:752:20 {
  errno: [33m-2[39m,
  code: [32m&apos;ENOENT&apos;[39m,
  syscall: [32m&apos;mkdir&apos;[39m,
  path: [32m&apos;/mock/home/user/.gemini&apos;[39m
}

            </system-err>
        </testcase>
    </testsuite>
    <testsuite name="src/config/extension.test.js" timestamp="2025-07-02T17:04:50.260Z" hostname="Adarshs-MacBook-Pro.local" tests="2" failures="0" errors="0" skipped="0" time="0.012966917">
        <testcase classname="src/config/extension.test.js" name="loadExtensions &gt; should load context file path when GEMINI.md is present" time="0.009923375">
            <system-out>
Loading extension: ext1 (version: 1.0.0)
Loading extension: ext2 (version: 2.0.0)

            </system-out>
        </testcase>
        <testcase classname="src/config/extension.test.js" name="loadExtensions &gt; should load context file path from the extension config" time="0.001527">
            <system-out>
Loading extension: ext1 (version: 1.0.0)

            </system-out>
        </testcase>
    </testsuite>
    <testsuite name="src/config/extension.test.ts" timestamp="2025-07-02T17:04:50.260Z" hostname="Adarshs-MacBook-Pro.local" tests="2" failures="0" errors="0" skipped="0" time="0.012896084">
        <testcase classname="src/config/extension.test.ts" name="loadExtensions &gt; should load context file path when GEMINI.md is present" time="0.009790959">
            <system-out>
Loading extension: ext1 (version: 1.0.0)
Loading extension: ext2 (version: 2.0.0)

            </system-out>
        </testcase>
        <testcase classname="src/config/extension.test.ts" name="loadExtensions &gt; should load context file path from the extension config" time="0.002368">
            <system-out>
Loading extension: ext1 (version: 1.0.0)

            </system-out>
        </testcase>
    </testsuite>
    <testsuite name="src/config/settings.test.js" timestamp="2025-07-02T17:04:50.261Z" hostname="Adarshs-MacBook-Pro.local" tests="21" failures="0" errors="0" skipped="0" time="0.023456167">
        <testcase classname="src/config/settings.test.js" name="Settings Loading and Merging &gt; loadSettings &gt; should load empty settings if no files exist" time="0.005575125">
        </testcase>
        <testcase classname="src/config/settings.test.js" name="Settings Loading and Merging &gt; loadSettings &gt; should load user settings if only user file exists" time="0.002321167">
        </testcase>
        <testcase classname="src/config/settings.test.js" name="Settings Loading and Merging &gt; loadSettings &gt; should load workspace settings if only workspace file exists" time="0.002480583">
        </testcase>
        <testcase classname="src/config/settings.test.js" name="Settings Loading and Merging &gt; loadSettings &gt; should merge user and workspace settings, with workspace taking precedence" time="0.000621208">
        </testcase>
        <testcase classname="src/config/settings.test.js" name="Settings Loading and Merging &gt; loadSettings &gt; should handle contextFileName correctly when only in user settings" time="0.000405375">
        </testcase>
        <testcase classname="src/config/settings.test.js" name="Settings Loading and Merging &gt; loadSettings &gt; should handle contextFileName correctly when only in workspace settings" time="0.001426583">
        </testcase>
        <testcase classname="src/config/settings.test.js" name="Settings Loading and Merging &gt; loadSettings &gt; should default contextFileName to undefined if not in any settings file" time="0.002458583">
        </testcase>
        <testcase classname="src/config/settings.test.js" name="Settings Loading and Merging &gt; loadSettings &gt; should load telemetry setting from user settings" time="0.000695708">
        </testcase>
        <testcase classname="src/config/settings.test.js" name="Settings Loading and Merging &gt; loadSettings &gt; should load telemetry setting from workspace settings" time="0.00046725">
        </testcase>
        <testcase classname="src/config/settings.test.js" name="Settings Loading and Merging &gt; loadSettings &gt; should prioritize workspace telemetry setting over user setting" time="0.00024275">
        </testcase>
        <testcase classname="src/config/settings.test.js" name="Settings Loading and Merging &gt; loadSettings &gt; should have telemetry as undefined if not in any settings file" time="0.0011345">
        </testcase>
        <testcase classname="src/config/settings.test.js" name="Settings Loading and Merging &gt; loadSettings &gt; should handle JSON parsing errors gracefully" time="0.001044334">
        </testcase>
        <testcase classname="src/config/settings.test.js" name="Settings Loading and Merging &gt; loadSettings &gt; should resolve environment variables in user settings" time="0.000294917">
        </testcase>
        <testcase classname="src/config/settings.test.js" name="Settings Loading and Merging &gt; loadSettings &gt; should resolve environment variables in workspace settings" time="0.0002525">
        </testcase>
        <testcase classname="src/config/settings.test.js" name="Settings Loading and Merging &gt; loadSettings &gt; should prioritize workspace env variables over user env variables if keys clash after resolution" time="0.00025975">
        </testcase>
        <testcase classname="src/config/settings.test.js" name="Settings Loading and Merging &gt; loadSettings &gt; should leave unresolved environment variables as is" time="0.000204333">
        </testcase>
        <testcase classname="src/config/settings.test.js" name="Settings Loading and Merging &gt; loadSettings &gt; should resolve multiple environment variables in a single string" time="0.000195833">
        </testcase>
        <testcase classname="src/config/settings.test.js" name="Settings Loading and Merging &gt; loadSettings &gt; should resolve environment variables in arrays" time="0.000216208">
        </testcase>
        <testcase classname="src/config/settings.test.js" name="Settings Loading and Merging &gt; loadSettings &gt; should correctly pass through null, boolean, and number types, and handle undefined properties" time="0.00034125">
        </testcase>
        <testcase classname="src/config/settings.test.js" name="Settings Loading and Merging &gt; loadSettings &gt; should resolve multiple concatenated environment variables in a single string value" time="0.000189209">
        </testcase>
        <testcase classname="src/config/settings.test.js" name="Settings Loading and Merging &gt; LoadedSettings class &gt; setValue should update the correct scope and recompute merged settings" time="0.0004365">
        </testcase>
    </testsuite>
    <testsuite name="src/config/settings.test.ts" timestamp="2025-07-02T17:04:50.262Z" hostname="Adarshs-MacBook-Pro.local" tests="21" failures="0" errors="0" skipped="0" time="0.026263459">
        <testcase classname="src/config/settings.test.ts" name="Settings Loading and Merging &gt; loadSettings &gt; should load empty settings if no files exist" time="0.003729">
        </testcase>
        <testcase classname="src/config/settings.test.ts" name="Settings Loading and Merging &gt; loadSettings &gt; should load user settings if only user file exists" time="0.002884833">
        </testcase>
        <testcase classname="src/config/settings.test.ts" name="Settings Loading and Merging &gt; loadSettings &gt; should load workspace settings if only workspace file exists" time="0.001610917">
        </testcase>
        <testcase classname="src/config/settings.test.ts" name="Settings Loading and Merging &gt; loadSettings &gt; should merge user and workspace settings, with workspace taking precedence" time="0.000487584">
        </testcase>
        <testcase classname="src/config/settings.test.ts" name="Settings Loading and Merging &gt; loadSettings &gt; should handle contextFileName correctly when only in user settings" time="0.000268459">
        </testcase>
        <testcase classname="src/config/settings.test.ts" name="Settings Loading and Merging &gt; loadSettings &gt; should handle contextFileName correctly when only in workspace settings" time="0.000287167">
        </testcase>
        <testcase classname="src/config/settings.test.ts" name="Settings Loading and Merging &gt; loadSettings &gt; should default contextFileName to undefined if not in any settings file" time="0.000686583">
        </testcase>
        <testcase classname="src/config/settings.test.ts" name="Settings Loading and Merging &gt; loadSettings &gt; should load telemetry setting from user settings" time="0.001402041">
        </testcase>
        <testcase classname="src/config/settings.test.ts" name="Settings Loading and Merging &gt; loadSettings &gt; should load telemetry setting from workspace settings" time="0.000354334">
        </testcase>
        <testcase classname="src/config/settings.test.ts" name="Settings Loading and Merging &gt; loadSettings &gt; should prioritize workspace telemetry setting over user setting" time="0.000211209">
        </testcase>
        <testcase classname="src/config/settings.test.ts" name="Settings Loading and Merging &gt; loadSettings &gt; should have telemetry as undefined if not in any settings file" time="0.000173708">
        </testcase>
        <testcase classname="src/config/settings.test.ts" name="Settings Loading and Merging &gt; loadSettings &gt; should handle JSON parsing errors gracefully" time="0.000718125">
        </testcase>
        <testcase classname="src/config/settings.test.ts" name="Settings Loading and Merging &gt; loadSettings &gt; should resolve environment variables in user settings" time="0.0005505">
        </testcase>
        <testcase classname="src/config/settings.test.ts" name="Settings Loading and Merging &gt; loadSettings &gt; should resolve environment variables in workspace settings" time="0.001834917">
        </testcase>
        <testcase classname="src/config/settings.test.ts" name="Settings Loading and Merging &gt; loadSettings &gt; should prioritize workspace env variables over user env variables if keys clash after resolution" time="0.0012755">
        </testcase>
        <testcase classname="src/config/settings.test.ts" name="Settings Loading and Merging &gt; loadSettings &gt; should leave unresolved environment variables as is" time="0.000235541">
        </testcase>
        <testcase classname="src/config/settings.test.ts" name="Settings Loading and Merging &gt; loadSettings &gt; should resolve multiple environment variables in a single string" time="0.000834541">
        </testcase>
        <testcase classname="src/config/settings.test.ts" name="Settings Loading and Merging &gt; loadSettings &gt; should resolve environment variables in arrays" time="0.003666333">
        </testcase>
        <testcase classname="src/config/settings.test.ts" name="Settings Loading and Merging &gt; loadSettings &gt; should correctly pass through null, boolean, and number types, and handle undefined properties" time="0.001750917">
        </testcase>
        <testcase classname="src/config/settings.test.ts" name="Settings Loading and Merging &gt; loadSettings &gt; should resolve multiple concatenated environment variables in a single string value" time="0.000287167">
        </testcase>
        <testcase classname="src/config/settings.test.ts" name="Settings Loading and Merging &gt; LoadedSettings class &gt; setValue should update the correct scope and recompute merged settings" time="0.001113708">
        </testcase>
    </testsuite>
    <testsuite name="src/ui/App.test.js" timestamp="2025-07-02T17:04:50.263Z" hostname="Adarshs-MacBook-Pro.local" tests="1" failures="1" errors="0" skipped="0" time="0">
        <testcase classname="src/ui/App.test.js" name="src/ui/App.test.js" time="0">
            <failure message="Parse failure: Expression expected
At file: /Users/adarshkant/Desktop/linux-mac-os/linuxos-ai/packages/cli/src/ui/App.test.js:165:46" type="RollupError">
RollupError: Parse failure: Expression expected
At file: /Users/adarshkant/Desktop/linux-mac-os/linuxos-ai/packages/cli/src/ui/App.test.js:165:46
  File: /Users/adarshkant/Desktop/linux-mac-os/linuxos-ai/packages/cli/src/ui/App.test.js:165:46
  163|          mockConfig.getDebugMode.mockReturnValue(false);
  164|          mockConfig.getShowMemoryUsage.mockReturnValue(false);
  165|          const { lastFrame, unmount } = render(&lt;App config={mockConfig} settings={mockSettings}/&gt;);
     |                                                ^
  166|          currentUnmount = unmount;
  167|          await Promise.resolve(); // Wait for any async updates
 ❯ getRollupError ../../node_modules/rollup/dist/es/shared/parseAst.js:401:41
 ❯ convertProgram ../../node_modules/rollup/dist/es/shared/parseAst.js:1089:26
 ❯ parseAstAsync ../../node_modules/rollup/dist/es/shared/parseAst.js:2075:106
 ❯ ssrTransformScript ../../node_modules/vite/dist/node/chunks/dep-Bsx9IwL8.js:19135:9
            </failure>
        </testcase>
    </testsuite>
    <testsuite name="src/ui/App.test.tsx" timestamp="2025-07-02T17:04:50.263Z" hostname="Adarshs-MacBook-Pro.local" tests="1" failures="1" errors="0" skipped="0" time="0">
        <testcase classname="src/ui/App.test.tsx" name="src/ui/App.test.tsx" time="0">
            <failure message="Failed to parse source for import analysis because the content contains invalid JS syntax. If you are using JSX, make sure to name the file with the .jsx or .tsx extension." type="Error">
Error: Failed to parse source for import analysis because the content contains invalid JS syntax. If you are using JSX, make sure to name the file with the .jsx or .tsx extension.
  Plugin: vite:import-analysis
  File: /Users/adarshkant/Desktop/linux-mac-os/linuxos-ai/packages/cli/src/ui/App.js:88:2
  54 |  export const AppWrapper = (props) =&gt; (&lt;SessionStatsProvider&gt;
  55 |      &lt;App {...props}/&gt;
  56 |    &lt;/SessionStatsProvider&gt;);
     |                             ^
  57 |  const App = ({ config, settings, startupWarnings = [] }) =&gt; {
  58 |      useBracketedPaste();
 ❯ TransformPluginContext._formatLog ../../node_modules/vite/dist/node/chunks/dep-Bsx9IwL8.js:31446:43
 ❯ TransformPluginContext.error ../../node_modules/vite/dist/node/chunks/dep-Bsx9IwL8.js:31443:14
 ❯ TransformPluginContext.transform ../../node_modules/vite/dist/node/chunks/dep-Bsx9IwL8.js:29955:10
 ❯ EnvironmentPluginContainer.transform ../../node_modules/vite/dist/node/chunks/dep-Bsx9IwL8.js:31260:14
 ❯ loadAndTransform ../../node_modules/vite/dist/node/chunks/dep-Bsx9IwL8.js:26434:26
            </failure>
        </testcase>
    </testsuite>
    <testsuite name="src/utils/startupWarnings.test.js" timestamp="2025-07-02T17:04:50.264Z" hostname="Adarshs-MacBook-Pro.local" tests="4" failures="0" errors="0" skipped="4" time="0">
        <testcase classname="src/utils/startupWarnings.test.js" name="startupWarnings &gt; should return warnings from the file and delete it" time="0">
            <skipped/>
        </testcase>
        <testcase classname="src/utils/startupWarnings.test.js" name="startupWarnings &gt; should return an empty array if the file does not exist" time="0">
            <skipped/>
        </testcase>
        <testcase classname="src/utils/startupWarnings.test.js" name="startupWarnings &gt; should return an error message if reading the file fails" time="0">
            <skipped/>
        </testcase>
        <testcase classname="src/utils/startupWarnings.test.js" name="startupWarnings &gt; should return a warning if deleting the file fails" time="0">
            <skipped/>
        </testcase>
    </testsuite>
    <testsuite name="src/utils/startupWarnings.test.ts" timestamp="2025-07-02T17:04:50.264Z" hostname="Adarshs-MacBook-Pro.local" tests="4" failures="0" errors="0" skipped="4" time="0">
        <testcase classname="src/utils/startupWarnings.test.ts" name="startupWarnings &gt; should return warnings from the file and delete it" time="0">
            <skipped/>
        </testcase>
        <testcase classname="src/utils/startupWarnings.test.ts" name="startupWarnings &gt; should return an empty array if the file does not exist" time="0">
            <skipped/>
        </testcase>
        <testcase classname="src/utils/startupWarnings.test.ts" name="startupWarnings &gt; should return an error message if reading the file fails" time="0">
            <skipped/>
        </testcase>
        <testcase classname="src/utils/startupWarnings.test.ts" name="startupWarnings &gt; should return a warning if deleting the file fails" time="0">
            <skipped/>
        </testcase>
    </testsuite>
    <testsuite name="src/ui/components/AuthDialog.test.js" timestamp="2025-07-02T17:04:50.265Z" hostname="Adarshs-MacBook-Pro.local" tests="1" failures="1" errors="0" skipped="0" time="0">
        <testcase classname="src/ui/components/AuthDialog.test.js" name="src/ui/components/AuthDialog.test.js" time="0">
            <failure message="Parse failure: Expression expected
At file: /Users/adarshkant/Desktop/linux-mac-os/linuxos-ai/packages/cli/src/ui/components/AuthDialog.test.js:23:37" type="RollupError">
RollupError: Parse failure: Expression expected
At file: /Users/adarshkant/Desktop/linux-mac-os/linuxos-ai/packages/cli/src/ui/components/AuthDialog.test.js:23:37
  File: /Users/adarshkant/Desktop/linux-mac-os/linuxos-ai/packages/cli/src/ui/components/AuthDialog.test.js:23:37
  21 |              path: &apos;&apos;,
  22 |          }, []);
  23 |          const { lastFrame } = render(&lt;AuthDialog onSelect={() =&gt; { }} settings={settings} initialErrorMessage=&quot;GEMINI_API_KEY  environment variable not found&quot;/&gt;);
     |                                       ^
  24 |          expect(lastFrame()).toContain(&apos;GEMINI_API_KEY  environment variable not found&apos;);
  25 |      });
 ❯ getRollupError ../../node_modules/rollup/dist/es/shared/parseAst.js:401:41
 ❯ convertProgram ../../node_modules/rollup/dist/es/shared/parseAst.js:1089:26
 ❯ parseAstAsync ../../node_modules/rollup/dist/es/shared/parseAst.js:2075:106
 ❯ ssrTransformScript ../../node_modules/vite/dist/node/chunks/dep-Bsx9IwL8.js:19135:9
            </failure>
        </testcase>
    </testsuite>
    <testsuite name="src/ui/components/AuthDialog.test.tsx" timestamp="2025-07-02T17:04:50.265Z" hostname="Adarshs-MacBook-Pro.local" tests="1" failures="1" errors="0" skipped="0" time="0">
        <testcase classname="src/ui/components/AuthDialog.test.tsx" name="src/ui/components/AuthDialog.test.tsx" time="0">
            <failure message="Failed to parse source for import analysis because the content contains invalid JS syntax. If you are using JSX, make sure to name the file with the .jsx or .tsx extension." type="Error">
Error: Failed to parse source for import analysis because the content contains invalid JS syntax. If you are using JSX, make sure to name the file with the .jsx or .tsx extension.
  Plugin: vite:import-analysis
  File: /Users/adarshkant/Desktop/linux-mac-os/linuxos-ai/packages/cli/src/ui/components/AuthDialog.js:75:6
  43 |      });
  44 |      return (&lt;Box borderStyle=&quot;round&quot; borderColor={Colors.Gray} flexDirection=&quot;column&quot; padding={1} width=&quot;100%&quot;&gt;
  45 |        &lt;Text bold&gt;Select Auth Method&lt;/Text&gt;
     |                                            ^
  46 |        &lt;RadioButtonSelect items={items} initialIndex={initialAuthIndex} onSelect={handleAuthSelect} isFocused={true}/&gt;
  47 |        {errorMessage &amp;&amp; (&lt;Box marginTop={1}&gt;
 ❯ TransformPluginContext._formatLog ../../node_modules/vite/dist/node/chunks/dep-Bsx9IwL8.js:31446:43
 ❯ TransformPluginContext.error ../../node_modules/vite/dist/node/chunks/dep-Bsx9IwL8.js:31443:14
 ❯ TransformPluginContext.transform ../../node_modules/vite/dist/node/chunks/dep-Bsx9IwL8.js:29955:10
 ❯ EnvironmentPluginContainer.transform ../../node_modules/vite/dist/node/chunks/dep-Bsx9IwL8.js:31260:14
 ❯ loadAndTransform ../../node_modules/vite/dist/node/chunks/dep-Bsx9IwL8.js:26434:26
            </failure>
        </testcase>
    </testsuite>
    <testsuite name="src/ui/components/HistoryItemDisplay.test.js" timestamp="2025-07-02T17:04:50.265Z" hostname="Adarshs-MacBook-Pro.local" tests="1" failures="1" errors="0" skipped="0" time="0">
        <testcase classname="src/ui/components/HistoryItemDisplay.test.js" name="src/ui/components/HistoryItemDisplay.test.js" time="0">
            <failure message="Failed to parse source for import analysis because the content contains invalid JS syntax. If you are using JSX, make sure to name the file with the .jsx or .tsx extension." type="Error">
Error: Failed to parse source for import analysis because the content contains invalid JS syntax. If you are using JSX, make sure to name the file with the .jsx or .tsx extension.
  Plugin: vite:import-analysis
  File: /Users/adarshkant/Desktop/linux-mac-os/linuxos-ai/packages/cli/src/ui/components/HistoryItemDisplay.test.js:48:6
  37 |          const { lastFrame } = render(&lt;SessionStatsProvider&gt;
  38 |          &lt;HistoryItemDisplay {...baseItem} item={item}/&gt;
  39 |        &lt;/SessionStatsProvider&gt;);
     |                                 ^
  40 |          expect(lastFrame()).toContain(&apos;Stats&apos;);
  41 |      });
 ❯ TransformPluginContext._formatLog ../../node_modules/vite/dist/node/chunks/dep-Bsx9IwL8.js:31446:43
 ❯ TransformPluginContext.error ../../node_modules/vite/dist/node/chunks/dep-Bsx9IwL8.js:31443:14
 ❯ TransformPluginContext.transform ../../node_modules/vite/dist/node/chunks/dep-Bsx9IwL8.js:29955:10
 ❯ EnvironmentPluginContainer.transform ../../node_modules/vite/dist/node/chunks/dep-Bsx9IwL8.js:31260:14
 ❯ loadAndTransform ../../node_modules/vite/dist/node/chunks/dep-Bsx9IwL8.js:26434:26
            </failure>
        </testcase>
    </testsuite>
    <testsuite name="src/ui/components/HistoryItemDisplay.test.tsx" timestamp="2025-07-02T17:04:50.266Z" hostname="Adarshs-MacBook-Pro.local" tests="1" failures="1" errors="0" skipped="0" time="0">
        <testcase classname="src/ui/components/HistoryItemDisplay.test.tsx" name="src/ui/components/HistoryItemDisplay.test.tsx" time="0">
            <failure message="Failed to parse source for import analysis because the content contains invalid JS syntax. If you are using JSX, make sure to name the file with the .jsx or .tsx extension." type="Error">
Error: Failed to parse source for import analysis because the content contains invalid JS syntax. If you are using JSX, make sure to name the file with the .jsx or .tsx extension.
  Plugin: vite:import-analysis
  File: /Users/adarshkant/Desktop/linux-mac-os/linuxos-ai/packages/cli/src/ui/components/HistoryItemDisplay.js:92:2
  34 |      {item.type === &apos;tool_group&apos; &amp;&amp; (&lt;ToolGroupMessage toolCalls={item.tools} groupId={item.id} availableTerminalHeight={availableTerminalHeight} terminalWidth={terminalWidth} config={config} isFocused={isFocused}/&gt;)}
  35 |      {item.type === &apos;compression&apos; &amp;&amp; (&lt;CompressionMessage compression={item.compression}/&gt;)}
  36 |    &lt;/Box&gt;);
     |            ^
  37 |                                                
 ❯ TransformPluginContext._formatLog ../../node_modules/vite/dist/node/chunks/dep-Bsx9IwL8.js:31446:43
 ❯ TransformPluginContext.error ../../node_modules/vite/dist/node/chunks/dep-Bsx9IwL8.js:31443:14
 ❯ TransformPluginContext.transform ../../node_modules/vite/dist/node/chunks/dep-Bsx9IwL8.js:29955:10
 ❯ EnvironmentPluginContainer.transform ../../node_modules/vite/dist/node/chunks/dep-Bsx9IwL8.js:31260:14
 ❯ loadAndTransform ../../node_modules/vite/dist/node/chunks/dep-Bsx9IwL8.js:26434:26
            </failure>
        </testcase>
    </testsuite>
    <testsuite name="src/ui/components/InputPrompt.test.js" timestamp="2025-07-02T17:04:50.266Z" hostname="Adarshs-MacBook-Pro.local" tests="1" failures="1" errors="0" skipped="0" time="0">
        <testcase classname="src/ui/components/InputPrompt.test.js" name="src/ui/components/InputPrompt.test.js" time="0">
            <failure message="Parse failure: Expression expected
At file: /Users/adarshkant/Desktop/linux-mac-os/linuxos-ai/packages/cli/src/ui/components/InputPrompt.test.js:96:42" type="RollupError">
RollupError: Parse failure: Expression expected
At file: /Users/adarshkant/Desktop/linux-mac-os/linuxos-ai/packages/cli/src/ui/components/InputPrompt.test.js:96:42
  File: /Users/adarshkant/Desktop/linux-mac-os/linuxos-ai/packages/cli/src/ui/components/InputPrompt.test.js:96:42
  94 |      it(&apos;should call shellHistory.getPreviousCommand on up arrow in shell mode&apos;, async () =&gt; {
  95 |          props.shellModeActive = true;
  96 |          const { stdin, unmount } = render(&lt;InputPrompt {...props}/&gt;);
     |                                            ^
  97 |          await wait();
  98 |          stdin.write(&apos;\u001B[A&apos;);
 ❯ getRollupError ../../node_modules/rollup/dist/es/shared/parseAst.js:401:41
 ❯ convertProgram ../../node_modules/rollup/dist/es/shared/parseAst.js:1089:26
 ❯ parseAstAsync ../../node_modules/rollup/dist/es/shared/parseAst.js:2075:106
 ❯ ssrTransformScript ../../node_modules/vite/dist/node/chunks/dep-Bsx9IwL8.js:19135:9
            </failure>
        </testcase>
    </testsuite>
    <testsuite name="src/ui/components/InputPrompt.test.tsx" timestamp="2025-07-02T17:04:50.266Z" hostname="Adarshs-MacBook-Pro.local" tests="1" failures="1" errors="0" skipped="0" time="0">
        <testcase classname="src/ui/components/InputPrompt.test.tsx" name="src/ui/components/InputPrompt.test.tsx" time="0">
            <failure message="Failed to parse source for import analysis because the content contains invalid JS syntax. If you are using JSX, make sure to name the file with the .jsx or .tsx extension." type="Error">
Error: Failed to parse source for import analysis because the content contains invalid JS syntax. If you are using JSX, make sure to name the file with the .jsx or .tsx extension.
  Plugin: vite:import-analysis
  File: /Users/adarshkant/Desktop/linux-mac-os/linuxos-ai/packages/cli/src/ui/components/InputPrompt.js:393:8
  305|          &lt;Text color={shellModeActive ? Colors.AccentYellow : Colors.AccentPurple}&gt;
  306|            {shellModeActive ? &apos;! &apos; : &apos;&gt; &apos;}
  307|          &lt;/Text&gt;
     |                 ^
  308|          &lt;Box flexGrow={1} flexDirection=&quot;column&quot;&gt;
  309|            {buffer.text.length === 0 &amp;&amp; placeholder ? (focus ? (&lt;Text&gt;
 ❯ TransformPluginContext._formatLog ../../node_modules/vite/dist/node/chunks/dep-Bsx9IwL8.js:31446:43
 ❯ TransformPluginContext.error ../../node_modules/vite/dist/node/chunks/dep-Bsx9IwL8.js:31443:14
 ❯ TransformPluginContext.transform ../../node_modules/vite/dist/node/chunks/dep-Bsx9IwL8.js:29955:10
 ❯ EnvironmentPluginContainer.transform ../../node_modules/vite/dist/node/chunks/dep-Bsx9IwL8.js:31260:14
 ❯ loadAndTransform ../../node_modules/vite/dist/node/chunks/dep-Bsx9IwL8.js:26434:26
            </failure>
        </testcase>
    </testsuite>
    <testsuite name="src/ui/components/LoadingIndicator.test.js" timestamp="2025-07-02T17:04:50.267Z" hostname="Adarshs-MacBook-Pro.local" tests="1" failures="1" errors="0" skipped="0" time="0">
        <testcase classname="src/ui/components/LoadingIndicator.test.js" name="src/ui/components/LoadingIndicator.test.js" time="0">
            <failure message="Failed to parse source for import analysis because the content contains invalid JS syntax. If you are using JSX, make sure to name the file with the .jsx or .tsx extension." type="Error">
Error: Failed to parse source for import analysis because the content contains invalid JS syntax. If you are using JSX, make sure to name the file with the .jsx or .tsx extension.
  Plugin: vite:import-analysis
  File: /Users/adarshkant/Desktop/linux-mac-os/linuxos-ai/packages/cli/src/ui/components/LoadingIndicator.test.js:24:48
  16 |          const streamingState = React.useContext(StreamingContext);
  17 |          if (streamingState === StreamingState.Responding) {
  18 |              return &lt;Text&gt;MockRespondingSpinner&lt;/Text&gt;;
     |                                                        ^
  19 |          }
  20 |          else if (nonRespondingDisplay) {
 ❯ TransformPluginContext._formatLog ../../node_modules/vite/dist/node/chunks/dep-Bsx9IwL8.js:31446:43
 ❯ TransformPluginContext.error ../../node_modules/vite/dist/node/chunks/dep-Bsx9IwL8.js:31443:14
 ❯ TransformPluginContext.transform ../../node_modules/vite/dist/node/chunks/dep-Bsx9IwL8.js:29955:10
 ❯ EnvironmentPluginContainer.transform ../../node_modules/vite/dist/node/chunks/dep-Bsx9IwL8.js:31260:14
 ❯ loadAndTransform ../../node_modules/vite/dist/node/chunks/dep-Bsx9IwL8.js:26434:26
            </failure>
        </testcase>
    </testsuite>
    <testsuite name="src/ui/components/LoadingIndicator.test.tsx" timestamp="2025-07-02T17:04:50.267Z" hostname="Adarshs-MacBook-Pro.local" tests="1" failures="1" errors="0" skipped="0" time="0">
        <testcase classname="src/ui/components/LoadingIndicator.test.tsx" name="src/ui/components/LoadingIndicator.test.tsx" time="0">
            <failure message="Failed to parse source for import analysis because the content contains invalid JS syntax. If you are using JSX, make sure to name the file with the .jsx or .tsx extension." type="Error">
Error: Failed to parse source for import analysis because the content contains invalid JS syntax. If you are using JSX, make sure to name the file with the .jsx or .tsx extension.
  Plugin: vite:import-analysis
  File: /Users/adarshkant/Desktop/linux-mac-os/linuxos-ai/packages/cli/src/ui/components/LoadingIndicator.js:49:8
  23 |              ? &apos;⠏&apos;
  24 |              : &apos;&apos;}/&gt;
  25 |          &lt;/Box&gt;
     |                ^
  26 |          {primaryText &amp;&amp; &lt;Text color={Colors.AccentPurple}&gt;{primaryText}&lt;/Text&gt;}
  27 |          &lt;Text color={Colors.Gray}&gt;
 ❯ TransformPluginContext._formatLog ../../node_modules/vite/dist/node/chunks/dep-Bsx9IwL8.js:31446:43
 ❯ TransformPluginContext.error ../../node_modules/vite/dist/node/chunks/dep-Bsx9IwL8.js:31443:14
 ❯ TransformPluginContext.transform ../../node_modules/vite/dist/node/chunks/dep-Bsx9IwL8.js:29955:10
 ❯ EnvironmentPluginContainer.transform ../../node_modules/vite/dist/node/chunks/dep-Bsx9IwL8.js:31260:14
 ❯ loadAndTransform ../../node_modules/vite/dist/node/chunks/dep-Bsx9IwL8.js:26434:26
            </failure>
        </testcase>
    </testsuite>
    <testsuite name="src/ui/components/ModelStatsDisplay.test.js" timestamp="2025-07-02T17:04:50.267Z" hostname="Adarshs-MacBook-Pro.local" tests="1" failures="1" errors="0" skipped="0" time="0">
        <testcase classname="src/ui/components/ModelStatsDisplay.test.js" name="src/ui/components/ModelStatsDisplay.test.js" time="0">
            <failure message="Parse failure: Expression expected
At file: /Users/adarshkant/Desktop/linux-mac-os/linuxos-ai/packages/cli/src/ui/components/ModelStatsDisplay.test.js:27:18" type="RollupError">
RollupError: Parse failure: Expression expected
At file: /Users/adarshkant/Desktop/linux-mac-os/linuxos-ai/packages/cli/src/ui/components/ModelStatsDisplay.test.js:27:18
  File: /Users/adarshkant/Desktop/linux-mac-os/linuxos-ai/packages/cli/src/ui/components/ModelStatsDisplay.test.js:27:18
  25 |          },
  26 |      });
  27 |      return render(&lt;ModelStatsDisplay /&gt;);
     |                    ^
  28 |  };
  29 |  describe(&apos;&lt;ModelStatsDisplay /&gt;&apos;, () =&gt; {
 ❯ getRollupError ../../node_modules/rollup/dist/es/shared/parseAst.js:401:41
 ❯ convertProgram ../../node_modules/rollup/dist/es/shared/parseAst.js:1089:26
 ❯ parseAstAsync ../../node_modules/rollup/dist/es/shared/parseAst.js:2075:106
 ❯ ssrTransformScript ../../node_modules/vite/dist/node/chunks/dep-Bsx9IwL8.js:19135:9
            </failure>
        </testcase>
    </testsuite>
    <testsuite name="src/ui/components/ModelStatsDisplay.test.tsx" timestamp="2025-07-02T17:04:50.267Z" hostname="Adarshs-MacBook-Pro.local" tests="1" failures="1" errors="0" skipped="0" time="0">
        <testcase classname="src/ui/components/ModelStatsDisplay.test.tsx" name="src/ui/components/ModelStatsDisplay.test.tsx" time="0">
            <failure message="Failed to parse source for import analysis because the content contains invalid JS syntax. If you are using JSX, make sure to name the file with the .jsx or .tsx extension." type="Error">
Error: Failed to parse source for import analysis because the content contains invalid JS syntax. If you are using JSX, make sure to name the file with the .jsx or .tsx extension.
  Plugin: vite:import-analysis
  File: /Users/adarshkant/Desktop/linux-mac-os/linuxos-ai/packages/cli/src/ui/components/ModelStatsDisplay.js:39:4
  16 |        &lt;Text bold={isSection} color={isSection ? undefined : Colors.LightBlue}&gt;
  17 |          {isSubtle ? `  ↳ ${title}` : title}
  18 |        &lt;/Text&gt;
     |               ^
  19 |      &lt;/Box&gt;
  20 |      {values.map((value, index) =&gt; (&lt;Box width={MODEL_COL_WIDTH} key={index}&gt;
 ❯ TransformPluginContext._formatLog ../../node_modules/vite/dist/node/chunks/dep-Bsx9IwL8.js:31446:43
 ❯ TransformPluginContext.error ../../node_modules/vite/dist/node/chunks/dep-Bsx9IwL8.js:31443:14
 ❯ TransformPluginContext.transform ../../node_modules/vite/dist/node/chunks/dep-Bsx9IwL8.js:29955:10
 ❯ EnvironmentPluginContainer.transform ../../node_modules/vite/dist/node/chunks/dep-Bsx9IwL8.js:31260:14
 ❯ loadAndTransform ../../node_modules/vite/dist/node/chunks/dep-Bsx9IwL8.js:26434:26
            </failure>
        </testcase>
    </testsuite>
    <testsuite name="src/ui/components/SessionSummaryDisplay.test.js" timestamp="2025-07-02T17:04:50.268Z" hostname="Adarshs-MacBook-Pro.local" tests="1" failures="1" errors="0" skipped="0" time="0">
        <testcase classname="src/ui/components/SessionSummaryDisplay.test.js" name="src/ui/components/SessionSummaryDisplay.test.js" time="0">
            <failure message="Parse failure: Expression expected
At file: /Users/adarshkant/Desktop/linux-mac-os/linuxos-ai/packages/cli/src/ui/components/SessionSummaryDisplay.test.js:26:18" type="RollupError">
RollupError: Parse failure: Expression expected
At file: /Users/adarshkant/Desktop/linux-mac-os/linuxos-ai/packages/cli/src/ui/components/SessionSummaryDisplay.test.js:26:18
  File: /Users/adarshkant/Desktop/linux-mac-os/linuxos-ai/packages/cli/src/ui/components/SessionSummaryDisplay.test.js:26:18
  24 |          },
  25 |      });
  26 |      return render(&lt;SessionSummaryDisplay duration=&quot;1h 23m 45s&quot;/&gt;);
     |                    ^
  27 |  };
  28 |  describe(&apos;&lt;SessionSummaryDisplay /&gt;&apos;, () =&gt; {
 ❯ getRollupError ../../node_modules/rollup/dist/es/shared/parseAst.js:401:41
 ❯ convertProgram ../../node_modules/rollup/dist/es/shared/parseAst.js:1089:26
 ❯ parseAstAsync ../../node_modules/rollup/dist/es/shared/parseAst.js:2075:106
 ❯ ssrTransformScript ../../node_modules/vite/dist/node/chunks/dep-Bsx9IwL8.js:19135:9
            </failure>
        </testcase>
    </testsuite>
    <testsuite name="src/ui/components/SessionSummaryDisplay.test.tsx" timestamp="2025-07-02T17:04:50.268Z" hostname="Adarshs-MacBook-Pro.local" tests="1" failures="1" errors="0" skipped="0" time="0">
        <testcase classname="src/ui/components/SessionSummaryDisplay.test.tsx" name="src/ui/components/SessionSummaryDisplay.test.tsx" time="0">
            <failure message="Parse failure: Expression expected
At file: /src/ui/components/SessionSummaryDisplay.js:8:57" type="RollupError">
RollupError: Parse failure: Expression expected
At file: /src/ui/components/SessionSummaryDisplay.js:8:57
  File: /src/ui/components/SessionSummaryDisplay.js:8:57
  6  |  import React from &quot;/@fs/Users/adarshkant/Desktop/linux-mac-os/linuxos-ai/node_modules/react/index.js&quot;;
  7  |  import { StatsDisplay } from &quot;/src/ui/components/StatsDisplay.js&quot;;
  8  |  export const SessionSummaryDisplay = ({ duration, }) =&gt; (&lt;StatsDisplay title=&quot;Agent powering down. Goodbye!&quot; duration={duration}/&gt;);
     |                                                           ^
  9  |                                                   
 ❯ getRollupError ../../node_modules/rollup/dist/es/shared/parseAst.js:401:41
 ❯ convertProgram ../../node_modules/rollup/dist/es/shared/parseAst.js:1089:26
 ❯ parseAstAsync ../../node_modules/rollup/dist/es/shared/parseAst.js:2075:106
 ❯ ssrTransformScript ../../node_modules/vite/dist/node/chunks/dep-Bsx9IwL8.js:19135:9
            </failure>
        </testcase>
    </testsuite>
    <testsuite name="src/ui/components/StatsDisplay.test.js" timestamp="2025-07-02T17:04:50.268Z" hostname="Adarshs-MacBook-Pro.local" tests="1" failures="1" errors="0" skipped="0" time="0">
        <testcase classname="src/ui/components/StatsDisplay.test.js" name="src/ui/components/StatsDisplay.test.js" time="0">
            <failure message="Parse failure: Expression expected
At file: /Users/adarshkant/Desktop/linux-mac-os/linuxos-ai/packages/cli/src/ui/components/StatsDisplay.test.js:27:18" type="RollupError">
RollupError: Parse failure: Expression expected
At file: /Users/adarshkant/Desktop/linux-mac-os/linuxos-ai/packages/cli/src/ui/components/StatsDisplay.test.js:27:18
  File: /Users/adarshkant/Desktop/linux-mac-os/linuxos-ai/packages/cli/src/ui/components/StatsDisplay.test.js:27:18
  25 |          },
  26 |      });
  27 |      return render(&lt;StatsDisplay duration=&quot;1s&quot;/&gt;);
     |                    ^
  28 |  };
  29 |  describe(&apos;&lt;StatsDisplay /&gt;&apos;, () =&gt; {
 ❯ getRollupError ../../node_modules/rollup/dist/es/shared/parseAst.js:401:41
 ❯ convertProgram ../../node_modules/rollup/dist/es/shared/parseAst.js:1089:26
 ❯ parseAstAsync ../../node_modules/rollup/dist/es/shared/parseAst.js:2075:106
 ❯ ssrTransformScript ../../node_modules/vite/dist/node/chunks/dep-Bsx9IwL8.js:19135:9
            </failure>
        </testcase>
    </testsuite>
    <testsuite name="src/ui/components/StatsDisplay.test.tsx" timestamp="2025-07-02T17:04:50.269Z" hostname="Adarshs-MacBook-Pro.local" tests="1" failures="1" errors="0" skipped="0" time="0">
        <testcase classname="src/ui/components/StatsDisplay.test.tsx" name="src/ui/components/StatsDisplay.test.tsx" time="0">
            <failure message="Failed to parse source for import analysis because the content contains invalid JS syntax. If you are using JSX, make sure to name the file with the .jsx or .tsx extension." type="Error">
Error: Failed to parse source for import analysis because the content contains invalid JS syntax. If you are using JSX, make sure to name the file with the .jsx or .tsx extension.
  Plugin: vite:import-analysis
  File: /Users/adarshkant/Desktop/linux-mac-os/linuxos-ai/packages/cli/src/ui/components/StatsDisplay.js:33:4
  15 |      {/* Fixed width for the label creates a clean &quot;gutter&quot; for alignment */}
  16 |      &lt;Box width={28}&gt;
  17 |        &lt;Text color={Colors.LightBlue}&gt;{title}&lt;/Text&gt;
     |                                                     ^
  18 |      &lt;/Box&gt;
  19 |      {children}
 ❯ TransformPluginContext._formatLog ../../node_modules/vite/dist/node/chunks/dep-Bsx9IwL8.js:31446:43
 ❯ TransformPluginContext.error ../../node_modules/vite/dist/node/chunks/dep-Bsx9IwL8.js:31443:14
 ❯ TransformPluginContext.transform ../../node_modules/vite/dist/node/chunks/dep-Bsx9IwL8.js:29955:10
 ❯ EnvironmentPluginContainer.transform ../../node_modules/vite/dist/node/chunks/dep-Bsx9IwL8.js:31260:14
 ❯ loadAndTransform ../../node_modules/vite/dist/node/chunks/dep-Bsx9IwL8.js:26434:26
            </failure>
        </testcase>
    </testsuite>
    <testsuite name="src/ui/components/ToolStatsDisplay.test.js" timestamp="2025-07-02T17:04:50.269Z" hostname="Adarshs-MacBook-Pro.local" tests="1" failures="1" errors="0" skipped="0" time="0">
        <testcase classname="src/ui/components/ToolStatsDisplay.test.js" name="src/ui/components/ToolStatsDisplay.test.js" time="0">
            <failure message="Parse failure: Expression expected
At file: /Users/adarshkant/Desktop/linux-mac-os/linuxos-ai/packages/cli/src/ui/components/ToolStatsDisplay.test.js:27:18" type="RollupError">
RollupError: Parse failure: Expression expected
At file: /Users/adarshkant/Desktop/linux-mac-os/linuxos-ai/packages/cli/src/ui/components/ToolStatsDisplay.test.js:27:18
  File: /Users/adarshkant/Desktop/linux-mac-os/linuxos-ai/packages/cli/src/ui/components/ToolStatsDisplay.test.js:27:18
  25 |          },
  26 |      });
  27 |      return render(&lt;ToolStatsDisplay /&gt;);
     |                    ^
  28 |  };
  29 |  describe(&apos;&lt;ToolStatsDisplay /&gt;&apos;, () =&gt; {
 ❯ getRollupError ../../node_modules/rollup/dist/es/shared/parseAst.js:401:41
 ❯ convertProgram ../../node_modules/rollup/dist/es/shared/parseAst.js:1089:26
 ❯ parseAstAsync ../../node_modules/rollup/dist/es/shared/parseAst.js:2075:106
 ❯ ssrTransformScript ../../node_modules/vite/dist/node/chunks/dep-Bsx9IwL8.js:19135:9
            </failure>
        </testcase>
    </testsuite>
    <testsuite name="src/ui/components/ToolStatsDisplay.test.tsx" timestamp="2025-07-02T17:04:50.269Z" hostname="Adarshs-MacBook-Pro.local" tests="1" failures="1" errors="0" skipped="0" time="0">
        <testcase classname="src/ui/components/ToolStatsDisplay.test.tsx" name="src/ui/components/ToolStatsDisplay.test.tsx" time="0">
            <failure message="Failed to parse source for import analysis because the content contains invalid JS syntax. If you are using JSX, make sure to name the file with the .jsx or .tsx extension." type="Error">
Error: Failed to parse source for import analysis because the content contains invalid JS syntax. If you are using JSX, make sure to name the file with the .jsx or .tsx extension.
  Plugin: vite:import-analysis
  File: /Users/adarshkant/Desktop/linux-mac-os/linuxos-ai/packages/cli/src/ui/components/ToolStatsDisplay.js:41:6
  23 |      return (&lt;Box&gt;
  24 |        &lt;Box width={TOOL_NAME_COL_WIDTH}&gt;
  25 |          &lt;Text color={Colors.LightBlue}&gt;{name}&lt;/Text&gt;
     |                                                      ^
  26 |        &lt;/Box&gt;
  27 |        &lt;Box width={CALLS_COL_WIDTH} justifyContent=&quot;flex-end&quot;&gt;
 ❯ TransformPluginContext._formatLog ../../node_modules/vite/dist/node/chunks/dep-Bsx9IwL8.js:31446:43
 ❯ TransformPluginContext.error ../../node_modules/vite/dist/node/chunks/dep-Bsx9IwL8.js:31443:14
 ❯ TransformPluginContext.transform ../../node_modules/vite/dist/node/chunks/dep-Bsx9IwL8.js:29955:10
 ❯ EnvironmentPluginContainer.transform ../../node_modules/vite/dist/node/chunks/dep-Bsx9IwL8.js:31260:14
 ❯ loadAndTransform ../../node_modules/vite/dist/node/chunks/dep-Bsx9IwL8.js:26434:26
            </failure>
        </testcase>
    </testsuite>
    <testsuite name="src/ui/contexts/SessionContext.test.js" timestamp="2025-07-02T17:04:50.269Z" hostname="Adarshs-MacBook-Pro.local" tests="1" failures="1" errors="0" skipped="0" time="0">
        <testcase classname="src/ui/contexts/SessionContext.test.js" name="src/ui/contexts/SessionContext.test.js" time="0">
            <failure message="Failed to parse source for import analysis because the content contains invalid JS syntax. If you are using JSX, make sure to name the file with the .jsx or .tsx extension." type="Error">
Error: Failed to parse source for import analysis because the content contains invalid JS syntax. If you are using JSX, make sure to name the file with the .jsx or .tsx extension.
  Plugin: vite:import-analysis
  File: /Users/adarshkant/Desktop/linux-mac-os/linuxos-ai/packages/cli/src/ui/contexts/SessionContext.test.js:43:6
  24 |          render(&lt;SessionStatsProvider&gt;
  25 |          &lt;TestHarness contextRef={contextRef}/&gt;
  26 |        &lt;/SessionStatsProvider&gt;);
     |                                 ^
  27 |          const stats = contextRef.current?.stats;
  28 |          expect(stats?.sessionStartTime).toBeInstanceOf(Date);
 ❯ TransformPluginContext._formatLog ../../node_modules/vite/dist/node/chunks/dep-Bsx9IwL8.js:31446:43
 ❯ TransformPluginContext.error ../../node_modules/vite/dist/node/chunks/dep-Bsx9IwL8.js:31443:14
 ❯ TransformPluginContext.transform ../../node_modules/vite/dist/node/chunks/dep-Bsx9IwL8.js:29955:10
 ❯ EnvironmentPluginContainer.transform ../../node_modules/vite/dist/node/chunks/dep-Bsx9IwL8.js:31260:14
 ❯ loadAndTransform ../../node_modules/vite/dist/node/chunks/dep-Bsx9IwL8.js:26434:26
            </failure>
        </testcase>
    </testsuite>
    <testsuite name="src/ui/contexts/SessionContext.test.tsx" timestamp="2025-07-02T17:04:50.270Z" hostname="Adarshs-MacBook-Pro.local" tests="1" failures="1" errors="0" skipped="0" time="0">
        <testcase classname="src/ui/contexts/SessionContext.test.tsx" name="src/ui/contexts/SessionContext.test.tsx" time="0">
            <failure message="Failed to parse source for import analysis because the content contains invalid JS syntax. If you are using JSX, make sure to name the file with the .jsx or .tsx extension." type="Error">
Error: Failed to parse source for import analysis because the content contains invalid JS syntax. If you are using JSX, make sure to name the file with the .jsx or .tsx extension.
  Plugin: vite:import-analysis
  File: /Users/adarshkant/Desktop/linux-mac-os/linuxos-ai/packages/cli/src/ui/contexts/SessionContext.js:106:4
  38 |      return (&lt;SessionStatsContext.Provider value={value}&gt;
  39 |        {children}
  40 |      &lt;/SessionStatsContext.Provider&gt;);
     |                                       ^
  41 |  };
  42 |  // --- Consumer Hook ---
 ❯ TransformPluginContext._formatLog ../../node_modules/vite/dist/node/chunks/dep-Bsx9IwL8.js:31446:43
 ❯ TransformPluginContext.error ../../node_modules/vite/dist/node/chunks/dep-Bsx9IwL8.js:31443:14
 ❯ TransformPluginContext.transform ../../node_modules/vite/dist/node/chunks/dep-Bsx9IwL8.js:29955:10
 ❯ EnvironmentPluginContainer.transform ../../node_modules/vite/dist/node/chunks/dep-Bsx9IwL8.js:31260:14
 ❯ loadAndTransform ../../node_modules/vite/dist/node/chunks/dep-Bsx9IwL8.js:26434:26
            </failure>
        </testcase>
    </testsuite>
    <testsuite name="src/ui/utils/MarkdownDisplay.test.js" timestamp="2025-07-02T17:04:50.270Z" hostname="Adarshs-MacBook-Pro.local" tests="1" failures="1" errors="0" skipped="0" time="0">
        <testcase classname="src/ui/utils/MarkdownDisplay.test.js" name="src/ui/utils/MarkdownDisplay.test.js" time="0">
            <failure message="Parse failure: Expression expected
At file: /Users/adarshkant/Desktop/linux-mac-os/linuxos-ai/packages/cli/src/ui/utils/MarkdownDisplay.test.js:17:41" type="RollupError">
RollupError: Parse failure: Expression expected
At file: /Users/adarshkant/Desktop/linux-mac-os/linuxos-ai/packages/cli/src/ui/utils/MarkdownDisplay.test.js:17:41
  File: /Users/adarshkant/Desktop/linux-mac-os/linuxos-ai/packages/cli/src/ui/utils/MarkdownDisplay.test.js:17:41
  15 |  | Jane | 30  | LA   |
  16 |  `;
  17 |              const { lastFrame } = render(&lt;MarkdownDisplay text={tableMarkdown} isPending={false} terminalWidth={80}/&gt;);
     |                                           ^
  18 |              expect(lastFrame()).toContain(&apos;Name&apos;);
  19 |              expect(lastFrame()).toContain(&apos;Age&apos;);
 ❯ getRollupError ../../node_modules/rollup/dist/es/shared/parseAst.js:401:41
 ❯ convertProgram ../../node_modules/rollup/dist/es/shared/parseAst.js:1089:26
 ❯ parseAstAsync ../../node_modules/rollup/dist/es/shared/parseAst.js:2075:106
 ❯ ssrTransformScript ../../node_modules/vite/dist/node/chunks/dep-Bsx9IwL8.js:19135:9
            </failure>
        </testcase>
    </testsuite>
    <testsuite name="src/ui/utils/MarkdownDisplay.test.tsx" timestamp="2025-07-02T17:04:50.270Z" hostname="Adarshs-MacBook-Pro.local" tests="1" failures="1" errors="0" skipped="0" time="0">
        <testcase classname="src/ui/utils/MarkdownDisplay.test.tsx" name="src/ui/utils/MarkdownDisplay.test.tsx" time="0">
            <failure message="Failed to parse source for import analysis because the content contains invalid JS syntax. If you are using JSX, make sure to name the file with the .jsx or .tsx extension." type="Error">
Error: Failed to parse source for import analysis because the content contains invalid JS syntax. If you are using JSX, make sure to name the file with the .jsx or .tsx extension.
  Plugin: vite:import-analysis
  File: /Users/adarshkant/Desktop/linux-mac-os/linuxos-ai/packages/cli/src/ui/utils/MarkdownDisplay.js:39:26
  22 |  const MarkdownDisplayInternal = ({ text, isPending, availableTerminalHeight, terminalWidth, }) =&gt; {
  23 |      if (!text)
  24 |          return &lt;&gt;&lt;/&gt;;
     |                       ^
  25 |      const lines = text.split(&apos;\n&apos;);
  26 |      const headerRegex = /^ *(#{1,4}) +(.*)/;
 ❯ TransformPluginContext._formatLog ../../node_modules/vite/dist/node/chunks/dep-Bsx9IwL8.js:31446:43
 ❯ TransformPluginContext.error ../../node_modules/vite/dist/node/chunks/dep-Bsx9IwL8.js:31443:14
 ❯ TransformPluginContext.transform ../../node_modules/vite/dist/node/chunks/dep-Bsx9IwL8.js:29955:10
 ❯ EnvironmentPluginContainer.transform ../../node_modules/vite/dist/node/chunks/dep-Bsx9IwL8.js:31260:14
 ❯ loadAndTransform ../../node_modules/vite/dist/node/chunks/dep-Bsx9IwL8.js:26434:26
            </failure>
        </testcase>
    </testsuite>
    <testsuite name="src/ui/utils/computeStats.test.js" timestamp="2025-07-02T17:04:50.271Z" hostname="Adarshs-MacBook-Pro.local" tests="11" failures="0" errors="0" skipped="0" time="0.004970792">
        <testcase classname="src/ui/utils/computeStats.test.js" name="calculateErrorRate &gt; should return 0 if totalRequests is 0" time="0.001934042">
        </testcase>
        <testcase classname="src/ui/utils/computeStats.test.js" name="calculateErrorRate &gt; should calculate the error rate correctly" time="0.000230333">
        </testcase>
        <testcase classname="src/ui/utils/computeStats.test.js" name="calculateAverageLatency &gt; should return 0 if totalRequests is 0" time="0.00010725">
        </testcase>
        <testcase classname="src/ui/utils/computeStats.test.js" name="calculateAverageLatency &gt; should calculate the average latency correctly" time="0.000051292">
        </testcase>
        <testcase classname="src/ui/utils/computeStats.test.js" name="calculateCacheHitRate &gt; should return 0 if prompt tokens is 0" time="0.000056875">
        </testcase>
        <testcase classname="src/ui/utils/computeStats.test.js" name="calculateCacheHitRate &gt; should calculate the cache hit rate correctly" time="0.0000415">
        </testcase>
        <testcase classname="src/ui/utils/computeStats.test.js" name="computeSessionStats &gt; should return all zeros for initial empty metrics" time="0.000471708">
        </testcase>
        <testcase classname="src/ui/utils/computeStats.test.js" name="computeSessionStats &gt; should correctly calculate API and tool time percentages" time="0.000141834">
        </testcase>
        <testcase classname="src/ui/utils/computeStats.test.js" name="computeSessionStats &gt; should correctly calculate cache efficiency" time="0.00018625">
        </testcase>
        <testcase classname="src/ui/utils/computeStats.test.js" name="computeSessionStats &gt; should correctly calculate success and agreement rates" time="0.000065">
        </testcase>
        <testcase classname="src/ui/utils/computeStats.test.js" name="computeSessionStats &gt; should handle division by zero gracefully" time="0.000089083">
        </testcase>
    </testsuite>
    <testsuite name="src/ui/utils/computeStats.test.ts" timestamp="2025-07-02T17:04:50.272Z" hostname="Adarshs-MacBook-Pro.local" tests="11" failures="0" errors="0" skipped="0" time="0.002617291">
        <testcase classname="src/ui/utils/computeStats.test.ts" name="calculateErrorRate &gt; should return 0 if totalRequests is 0" time="0.00070775">
        </testcase>
        <testcase classname="src/ui/utils/computeStats.test.ts" name="calculateErrorRate &gt; should calculate the error rate correctly" time="0.000073917">
        </testcase>
        <testcase classname="src/ui/utils/computeStats.test.ts" name="calculateAverageLatency &gt; should return 0 if totalRequests is 0" time="0.000064167">
        </testcase>
        <testcase classname="src/ui/utils/computeStats.test.ts" name="calculateAverageLatency &gt; should calculate the average latency correctly" time="0.000042625">
        </testcase>
        <testcase classname="src/ui/utils/computeStats.test.ts" name="calculateCacheHitRate &gt; should return 0 if prompt tokens is 0" time="0.000050834">
        </testcase>
        <testcase classname="src/ui/utils/computeStats.test.ts" name="calculateCacheHitRate &gt; should calculate the cache hit rate correctly" time="0.000039125">
        </testcase>
        <testcase classname="src/ui/utils/computeStats.test.ts" name="computeSessionStats &gt; should return all zeros for initial empty metrics" time="0.000415958">
        </testcase>
        <testcase classname="src/ui/utils/computeStats.test.ts" name="computeSessionStats &gt; should correctly calculate API and tool time percentages" time="0.000126458">
        </testcase>
        <testcase classname="src/ui/utils/computeStats.test.ts" name="computeSessionStats &gt; should correctly calculate cache efficiency" time="0.000173917">
        </testcase>
        <testcase classname="src/ui/utils/computeStats.test.ts" name="computeSessionStats &gt; should correctly calculate success and agreement rates" time="0.000061875">
        </testcase>
        <testcase classname="src/ui/utils/computeStats.test.ts" name="computeSessionStats &gt; should handle division by zero gracefully" time="0.000085209">
        </testcase>
    </testsuite>
    <testsuite name="src/ui/utils/displayUtils.test.js" timestamp="2025-07-02T17:04:50.272Z" hostname="Adarshs-MacBook-Pro.local" tests="5" failures="0" errors="0" skipped="0" time="0.002698875">
        <testcase classname="src/ui/utils/displayUtils.test.js" name="displayUtils &gt; getStatusColor &gt; should return green for values &gt;= green threshold" time="0.001307584">
        </testcase>
        <testcase classname="src/ui/utils/displayUtils.test.js" name="displayUtils &gt; getStatusColor &gt; should return yellow for values &lt; green and &gt;= yellow threshold" time="0.000098125">
        </testcase>
        <testcase classname="src/ui/utils/displayUtils.test.js" name="displayUtils &gt; getStatusColor &gt; should return red for values &lt; yellow threshold" time="0.000072083">
        </testcase>
        <testcase classname="src/ui/utils/displayUtils.test.js" name="displayUtils &gt; getStatusColor &gt; should return defaultColor for values &lt; yellow threshold when provided" time="0.000054">
        </testcase>
        <testcase classname="src/ui/utils/displayUtils.test.js" name="displayUtils &gt; Threshold Constants &gt; should have the correct values" time="0.000129917">
        </testcase>
    </testsuite>
    <testsuite name="src/ui/utils/displayUtils.test.ts" timestamp="2025-07-02T17:04:50.273Z" hostname="Adarshs-MacBook-Pro.local" tests="5" failures="0" errors="0" skipped="0" time="0.023934625">
        <testcase classname="src/ui/utils/displayUtils.test.ts" name="displayUtils &gt; getStatusColor &gt; should return green for values &gt;= green threshold" time="0.004448333">
        </testcase>
        <testcase classname="src/ui/utils/displayUtils.test.ts" name="displayUtils &gt; getStatusColor &gt; should return yellow for values &lt; green and &gt;= yellow threshold" time="0.000099167">
        </testcase>
        <testcase classname="src/ui/utils/displayUtils.test.ts" name="displayUtils &gt; getStatusColor &gt; should return red for values &lt; yellow threshold" time="0.000072125">
        </testcase>
        <testcase classname="src/ui/utils/displayUtils.test.ts" name="displayUtils &gt; getStatusColor &gt; should return defaultColor for values &lt; yellow threshold when provided" time="0.000055584">
        </testcase>
        <testcase classname="src/ui/utils/displayUtils.test.ts" name="displayUtils &gt; Threshold Constants &gt; should have the correct values" time="0.000125666">
        </testcase>
    </testsuite>
    <testsuite name="src/ui/utils/errorParsing.test.js" timestamp="2025-07-02T17:04:50.273Z" hostname="Adarshs-MacBook-Pro.local" tests="11" failures="0" errors="0" skipped="0" time="0.005224">
        <testcase classname="src/ui/utils/errorParsing.test.js" name="parseAndFormatApiError &gt; should format a valid API error JSON" time="0.000962375">
        </testcase>
        <testcase classname="src/ui/utils/errorParsing.test.js" name="parseAndFormatApiError &gt; should format a 429 API error with the default message" time="0.000232292">
        </testcase>
        <testcase classname="src/ui/utils/errorParsing.test.js" name="parseAndFormatApiError &gt; should format a 429 API error with the personal message" time="0.00109975">
        </testcase>
        <testcase classname="src/ui/utils/errorParsing.test.js" name="parseAndFormatApiError &gt; should format a 429 API error with the vertex message" time="0.000899458">
        </testcase>
        <testcase classname="src/ui/utils/errorParsing.test.js" name="parseAndFormatApiError &gt; should return the original message if it is not a JSON error" time="0.0000825">
        </testcase>
        <testcase classname="src/ui/utils/errorParsing.test.js" name="parseAndFormatApiError &gt; should return the original message for malformed JSON" time="0.000059292">
        </testcase>
        <testcase classname="src/ui/utils/errorParsing.test.js" name="parseAndFormatApiError &gt; should handle JSON that does not match the ApiError structure" time="0.000056">
        </testcase>
        <testcase classname="src/ui/utils/errorParsing.test.js" name="parseAndFormatApiError &gt; should format a nested API error" time="0.000088334">
        </testcase>
        <testcase classname="src/ui/utils/errorParsing.test.js" name="parseAndFormatApiError &gt; should format a StructuredError" time="0.000050333">
        </testcase>
        <testcase classname="src/ui/utils/errorParsing.test.js" name="parseAndFormatApiError &gt; should format a 429 StructuredError with the vertex message" time="0.000061083">
        </testcase>
        <testcase classname="src/ui/utils/errorParsing.test.js" name="parseAndFormatApiError &gt; should handle an unknown error type" time="0.000035334">
        </testcase>
    </testsuite>
    <testsuite name="src/ui/utils/errorParsing.test.ts" timestamp="2025-07-02T17:04:50.274Z" hostname="Adarshs-MacBook-Pro.local" tests="11" failures="0" errors="0" skipped="0" time="0.006026084">
        <testcase classname="src/ui/utils/errorParsing.test.ts" name="parseAndFormatApiError &gt; should format a valid API error JSON" time="0.002162834">
        </testcase>
        <testcase classname="src/ui/utils/errorParsing.test.ts" name="parseAndFormatApiError &gt; should format a 429 API error with the default message" time="0.000707958">
        </testcase>
        <testcase classname="src/ui/utils/errorParsing.test.ts" name="parseAndFormatApiError &gt; should format a 429 API error with the personal message" time="0.000227583">
        </testcase>
        <testcase classname="src/ui/utils/errorParsing.test.ts" name="parseAndFormatApiError &gt; should format a 429 API error with the vertex message" time="0.000164834">
        </testcase>
        <testcase classname="src/ui/utils/errorParsing.test.ts" name="parseAndFormatApiError &gt; should return the original message if it is not a JSON error" time="0.000207416">
        </testcase>
        <testcase classname="src/ui/utils/errorParsing.test.ts" name="parseAndFormatApiError &gt; should return the original message for malformed JSON" time="0.000095875">
        </testcase>
        <testcase classname="src/ui/utils/errorParsing.test.ts" name="parseAndFormatApiError &gt; should handle JSON that does not match the ApiError structure" time="0.000059167">
        </testcase>
        <testcase classname="src/ui/utils/errorParsing.test.ts" name="parseAndFormatApiError &gt; should format a nested API error" time="0.000094333">
        </testcase>
        <testcase classname="src/ui/utils/errorParsing.test.ts" name="parseAndFormatApiError &gt; should format a StructuredError" time="0.000053375">
        </testcase>
        <testcase classname="src/ui/utils/errorParsing.test.ts" name="parseAndFormatApiError &gt; should format a 429 StructuredError with the vertex message" time="0.000056084">
        </testcase>
        <testcase classname="src/ui/utils/errorParsing.test.ts" name="parseAndFormatApiError &gt; should handle an unknown error type" time="0.000035834">
        </testcase>
    </testsuite>
    <testsuite name="src/ui/utils/formatters.test.js" timestamp="2025-07-02T17:04:50.274Z" hostname="Adarshs-MacBook-Pro.local" tests="14" failures="0" errors="0" skipped="0" time="0.003526458">
        <testcase classname="src/ui/utils/formatters.test.js" name="formatters &gt; formatMemoryUsage &gt; should format bytes into KB" time="0.000847208">
        </testcase>
        <testcase classname="src/ui/utils/formatters.test.js" name="formatters &gt; formatMemoryUsage &gt; should format bytes into MB" time="0.000071417">
        </testcase>
        <testcase classname="src/ui/utils/formatters.test.js" name="formatters &gt; formatMemoryUsage &gt; should format bytes into GB" time="0.000048792">
        </testcase>
        <testcase classname="src/ui/utils/formatters.test.js" name="formatters &gt; formatDuration &gt; should format milliseconds less than a second" time="0.000076">
        </testcase>
        <testcase classname="src/ui/utils/formatters.test.js" name="formatters &gt; formatDuration &gt; should format a duration of 0" time="0.000037625">
        </testcase>
        <testcase classname="src/ui/utils/formatters.test.js" name="formatters &gt; formatDuration &gt; should format an exact number of seconds" time="0.000037042">
        </testcase>
        <testcase classname="src/ui/utils/formatters.test.js" name="formatters &gt; formatDuration &gt; should format a duration in seconds with one decimal place" time="0.000035541">
        </testcase>
        <testcase classname="src/ui/utils/formatters.test.js" name="formatters &gt; formatDuration &gt; should format an exact number of minutes" time="0.000039166">
        </testcase>
        <testcase classname="src/ui/utils/formatters.test.js" name="formatters &gt; formatDuration &gt; should format a duration in minutes and seconds" time="0.000035292">
        </testcase>
        <testcase classname="src/ui/utils/formatters.test.js" name="formatters &gt; formatDuration &gt; should format an exact number of hours" time="0.000040167">
        </testcase>
        <testcase classname="src/ui/utils/formatters.test.js" name="formatters &gt; formatDuration &gt; should format a duration in hours and seconds" time="0.000034625">
        </testcase>
        <testcase classname="src/ui/utils/formatters.test.js" name="formatters &gt; formatDuration &gt; should format a duration in hours, minutes, and seconds" time="0.000032375">
        </testcase>
        <testcase classname="src/ui/utils/formatters.test.js" name="formatters &gt; formatDuration &gt; should handle large durations" time="0.00003375">
        </testcase>
        <testcase classname="src/ui/utils/formatters.test.js" name="formatters &gt; formatDuration &gt; should handle negative durations" time="0.000031917">
        </testcase>
    </testsuite>
    <testsuite name="src/ui/utils/formatters.test.ts" timestamp="2025-07-02T17:04:50.275Z" hostname="Adarshs-MacBook-Pro.local" tests="14" failures="0" errors="0" skipped="0" time="0.004112833">
        <testcase classname="src/ui/utils/formatters.test.ts" name="formatters &gt; formatMemoryUsage &gt; should format bytes into KB" time="0.002066875">
        </testcase>
        <testcase classname="src/ui/utils/formatters.test.ts" name="formatters &gt; formatMemoryUsage &gt; should format bytes into MB" time="0.00013225">
        </testcase>
        <testcase classname="src/ui/utils/formatters.test.ts" name="formatters &gt; formatMemoryUsage &gt; should format bytes into GB" time="0.000053916">
        </testcase>
        <testcase classname="src/ui/utils/formatters.test.ts" name="formatters &gt; formatDuration &gt; should format milliseconds less than a second" time="0.000086375">
        </testcase>
        <testcase classname="src/ui/utils/formatters.test.ts" name="formatters &gt; formatDuration &gt; should format a duration of 0" time="0.000043375">
        </testcase>
        <testcase classname="src/ui/utils/formatters.test.ts" name="formatters &gt; formatDuration &gt; should format an exact number of seconds" time="0.000039375">
        </testcase>
        <testcase classname="src/ui/utils/formatters.test.ts" name="formatters &gt; formatDuration &gt; should format a duration in seconds with one decimal place" time="0.00003625">
        </testcase>
        <testcase classname="src/ui/utils/formatters.test.ts" name="formatters &gt; formatDuration &gt; should format an exact number of minutes" time="0.000039">
        </testcase>
        <testcase classname="src/ui/utils/formatters.test.ts" name="formatters &gt; formatDuration &gt; should format a duration in minutes and seconds" time="0.000037292">
        </testcase>
        <testcase classname="src/ui/utils/formatters.test.ts" name="formatters &gt; formatDuration &gt; should format an exact number of hours" time="0.000041">
        </testcase>
        <testcase classname="src/ui/utils/formatters.test.ts" name="formatters &gt; formatDuration &gt; should format a duration in hours and seconds" time="0.00003525">
        </testcase>
        <testcase classname="src/ui/utils/formatters.test.ts" name="formatters &gt; formatDuration &gt; should format a duration in hours, minutes, and seconds" time="0.000033709">
        </testcase>
        <testcase classname="src/ui/utils/formatters.test.ts" name="formatters &gt; formatDuration &gt; should handle large durations" time="0.000034875">
        </testcase>
        <testcase classname="src/ui/utils/formatters.test.ts" name="formatters &gt; formatDuration &gt; should handle negative durations" time="0.000032041">
        </testcase>
    </testsuite>
    <testsuite name="src/ui/utils/markdownUtilities.test.js" timestamp="2025-07-02T17:04:50.276Z" hostname="Adarshs-MacBook-Pro.local" tests="7" failures="0" errors="0" skipped="0" time="0.00323325">
        <testcase classname="src/ui/utils/markdownUtilities.test.js" name="markdownUtilities &gt; findLastSafeSplitPoint &gt; should split at the last double newline if not in a code block" time="0.001446959">
        </testcase>
        <testcase classname="src/ui/utils/markdownUtilities.test.js" name="markdownUtilities &gt; findLastSafeSplitPoint &gt; should return content.length if no safe split point is found" time="0.000118666">
        </testcase>
        <testcase classname="src/ui/utils/markdownUtilities.test.js" name="markdownUtilities &gt; findLastSafeSplitPoint &gt; should prioritize splitting at 

 over being at the very end of the string if the end is not in a code block" time="0.000053625">
        </testcase>
        <testcase classname="src/ui/utils/markdownUtilities.test.js" name="markdownUtilities &gt; findLastSafeSplitPoint &gt; should return content.length if the only 

 is inside a code block and the end of content is not" time="0.000042833">
        </testcase>
        <testcase classname="src/ui/utils/markdownUtilities.test.js" name="markdownUtilities &gt; findLastSafeSplitPoint &gt; should correctly identify the last 

 even if it is followed by text not in a code block" time="0.000041291">
        </testcase>
        <testcase classname="src/ui/utils/markdownUtilities.test.js" name="markdownUtilities &gt; findLastSafeSplitPoint &gt; should return content.length if content is empty" time="0.000331166">
        </testcase>
        <testcase classname="src/ui/utils/markdownUtilities.test.js" name="markdownUtilities &gt; findLastSafeSplitPoint &gt; should return content.length if content has no newlines and no code blocks" time="0.0002595">
        </testcase>
    </testsuite>
    <testsuite name="src/ui/utils/markdownUtilities.test.ts" timestamp="2025-07-02T17:04:50.276Z" hostname="Adarshs-MacBook-Pro.local" tests="7" failures="0" errors="0" skipped="0" time="0.001697291">
        <testcase classname="src/ui/utils/markdownUtilities.test.ts" name="markdownUtilities &gt; findLastSafeSplitPoint &gt; should split at the last double newline if not in a code block" time="0.000744292">
        </testcase>
        <testcase classname="src/ui/utils/markdownUtilities.test.ts" name="markdownUtilities &gt; findLastSafeSplitPoint &gt; should return content.length if no safe split point is found" time="0.000069084">
        </testcase>
        <testcase classname="src/ui/utils/markdownUtilities.test.ts" name="markdownUtilities &gt; findLastSafeSplitPoint &gt; should prioritize splitting at 

 over being at the very end of the string if the end is not in a code block" time="0.00004625">
        </testcase>
        <testcase classname="src/ui/utils/markdownUtilities.test.ts" name="markdownUtilities &gt; findLastSafeSplitPoint &gt; should return content.length if the only 

 is inside a code block and the end of content is not" time="0.0000425">
        </testcase>
        <testcase classname="src/ui/utils/markdownUtilities.test.ts" name="markdownUtilities &gt; findLastSafeSplitPoint &gt; should correctly identify the last 

 even if it is followed by text not in a code block" time="0.000039834">
        </testcase>
        <testcase classname="src/ui/utils/markdownUtilities.test.ts" name="markdownUtilities &gt; findLastSafeSplitPoint &gt; should return content.length if content is empty" time="0.000034875">
        </testcase>
        <testcase classname="src/ui/utils/markdownUtilities.test.ts" name="markdownUtilities &gt; findLastSafeSplitPoint &gt; should return content.length if content has no newlines and no code blocks" time="0.000034875">
        </testcase>
    </testsuite>
    <testsuite name="src/ui/utils/textUtils.test.js" timestamp="2025-07-02T17:04:50.277Z" hostname="Adarshs-MacBook-Pro.local" tests="5" failures="0" errors="0" skipped="0" time="0.003481">
        <testcase classname="src/ui/utils/textUtils.test.js" name="textUtils &gt; isBinary &gt; should return true for a buffer containing a null byte" time="0.001045375">
        </testcase>
        <testcase classname="src/ui/utils/textUtils.test.js" name="textUtils &gt; isBinary &gt; should return false for a buffer containing only text" time="0.000326">
        </testcase>
        <testcase classname="src/ui/utils/textUtils.test.js" name="textUtils &gt; isBinary &gt; should return false for an empty buffer" time="0.000127667">
        </testcase>
        <testcase classname="src/ui/utils/textUtils.test.js" name="textUtils &gt; isBinary &gt; should return false for a null or undefined buffer" time="0.000164166">
        </testcase>
        <testcase classname="src/ui/utils/textUtils.test.js" name="textUtils &gt; isBinary &gt; should only check the sample size" time="0.000445625">
        </testcase>
    </testsuite>
    <testsuite name="src/ui/utils/textUtils.test.ts" timestamp="2025-07-02T17:04:50.277Z" hostname="Adarshs-MacBook-Pro.local" tests="5" failures="0" errors="0" skipped="0" time="0.00155125">
        <testcase classname="src/ui/utils/textUtils.test.ts" name="textUtils &gt; isBinary &gt; should return true for a buffer containing a null byte" time="0.0006715">
        </testcase>
        <testcase classname="src/ui/utils/textUtils.test.ts" name="textUtils &gt; isBinary &gt; should return false for a buffer containing only text" time="0.000071375">
        </testcase>
        <testcase classname="src/ui/utils/textUtils.test.ts" name="textUtils &gt; isBinary &gt; should return false for an empty buffer" time="0.000048833">
        </testcase>
        <testcase classname="src/ui/utils/textUtils.test.ts" name="textUtils &gt; isBinary &gt; should return false for a null or undefined buffer" time="0.000052708">
        </testcase>
        <testcase classname="src/ui/utils/textUtils.test.ts" name="textUtils &gt; isBinary &gt; should only check the sample size" time="0.000080167">
        </testcase>
    </testsuite>
    <testsuite name="src/ui/utils/updateCheck.test.js" timestamp="2025-07-02T17:04:50.277Z" hostname="Adarshs-MacBook-Pro.local" tests="6" failures="0" errors="0" skipped="0" time="0.00689325">
        <testcase classname="src/ui/utils/updateCheck.test.js" name="checkForUpdates &gt; should return null if package.json is missing" time="0.001521334">
        </testcase>
        <testcase classname="src/ui/utils/updateCheck.test.js" name="checkForUpdates &gt; should return null if there is no update" time="0.000139875">
        </testcase>
        <testcase classname="src/ui/utils/updateCheck.test.js" name="checkForUpdates &gt; should return a message if a newer version is available" time="0.001150875">
        </testcase>
        <testcase classname="src/ui/utils/updateCheck.test.js" name="checkForUpdates &gt; should return null if the latest version is the same as the current version" time="0.000131666">
        </testcase>
        <testcase classname="src/ui/utils/updateCheck.test.js" name="checkForUpdates &gt; should return null if the latest version is older than the current version" time="0.000067875">
        </testcase>
        <testcase classname="src/ui/utils/updateCheck.test.js" name="checkForUpdates &gt; should handle errors gracefully" time="0.001579208">
            <system-err>
Failed to check for updates: Error: test error

            </system-err>
        </testcase>
    </testsuite>
    <testsuite name="src/ui/utils/updateCheck.test.ts" timestamp="2025-07-02T17:04:50.278Z" hostname="Adarshs-MacBook-Pro.local" tests="6" failures="0" errors="0" skipped="0" time="0.006499292">
        <testcase classname="src/ui/utils/updateCheck.test.ts" name="checkForUpdates &gt; should return null if package.json is missing" time="0.002193167">
        </testcase>
        <testcase classname="src/ui/utils/updateCheck.test.ts" name="checkForUpdates &gt; should return null if there is no update" time="0.000273333">
        </testcase>
        <testcase classname="src/ui/utils/updateCheck.test.ts" name="checkForUpdates &gt; should return a message if a newer version is available" time="0.000824959">
        </testcase>
        <testcase classname="src/ui/utils/updateCheck.test.ts" name="checkForUpdates &gt; should return null if the latest version is the same as the current version" time="0.000227417">
        </testcase>
        <testcase classname="src/ui/utils/updateCheck.test.ts" name="checkForUpdates &gt; should return null if the latest version is older than the current version" time="0.000138333">
        </testcase>
        <testcase classname="src/ui/utils/updateCheck.test.ts" name="checkForUpdates &gt; should handle errors gracefully" time="0.00146575">
            <system-err>
Failed to check for updates: Error: test error

            </system-err>
        </testcase>
    </testsuite>
    <testsuite name="src/ui/hooks/atCommandProcessor.test.js" timestamp="2025-07-02T17:04:50.278Z" hostname="Adarshs-MacBook-Pro.local" tests="17" failures="0" errors="0" skipped="0" time="0.026273">
        <testcase classname="src/ui/hooks/atCommandProcessor.test.js" name="handleAtCommand &gt; should pass through query if no @ command is present" time="0.0030035">
        </testcase>
        <testcase classname="src/ui/hooks/atCommandProcessor.test.js" name="handleAtCommand &gt; should pass through original query if only a lone @ symbol is present" time="0.001330791">
        </testcase>
        <testcase classname="src/ui/hooks/atCommandProcessor.test.js" name="handleAtCommand &gt; should process a valid text file path" time="0.005432417">
        </testcase>
        <testcase classname="src/ui/hooks/atCommandProcessor.test.js" name="handleAtCommand &gt; should process a valid directory path and convert to glob" time="0.002320458">
        </testcase>
        <testcase classname="src/ui/hooks/atCommandProcessor.test.js" name="handleAtCommand &gt; should process a valid image file path (as text content for now)" time="0.000763708">
        </testcase>
        <testcase classname="src/ui/hooks/atCommandProcessor.test.js" name="handleAtCommand &gt; should handle query with text before and after @command" time="0.001972125">
        </testcase>
        <testcase classname="src/ui/hooks/atCommandProcessor.test.js" name="handleAtCommand &gt; should correctly unescape paths with escaped spaces" time="0.000636917">
        </testcase>
        <testcase classname="src/ui/hooks/atCommandProcessor.test.js" name="handleAtCommand &gt; should handle multiple @file references" time="0.000618833">
        </testcase>
        <testcase classname="src/ui/hooks/atCommandProcessor.test.js" name="handleAtCommand &gt; should handle multiple @file references with interleaved text" time="0.001899792">
        </testcase>
        <testcase classname="src/ui/hooks/atCommandProcessor.test.js" name="handleAtCommand &gt; should handle a mix of valid, invalid, and lone @ references" time="0.002679709">
        </testcase>
        <testcase classname="src/ui/hooks/atCommandProcessor.test.js" name="handleAtCommand &gt; should return original query if all @paths are invalid or lone @" time="0.000410166">
        </testcase>
        <testcase classname="src/ui/hooks/atCommandProcessor.test.js" name="handleAtCommand &gt; should process a file path case-insensitively" time="0.001265458">
        </testcase>
        <testcase classname="src/ui/hooks/atCommandProcessor.test.js" name="handleAtCommand &gt; git-aware filtering &gt; should skip git-ignored files in @ commands" time="0.0004965">
        </testcase>
        <testcase classname="src/ui/hooks/atCommandProcessor.test.js" name="handleAtCommand &gt; git-aware filtering &gt; should process non-git-ignored files normally" time="0.00053575">
        </testcase>
        <testcase classname="src/ui/hooks/atCommandProcessor.test.js" name="handleAtCommand &gt; git-aware filtering &gt; should handle mixed git-ignored and valid files" time="0.00053275">
        </testcase>
        <testcase classname="src/ui/hooks/atCommandProcessor.test.js" name="handleAtCommand &gt; git-aware filtering &gt; should always ignore .git directory files" time="0.000278542">
        </testcase>
        <testcase classname="src/ui/hooks/atCommandProcessor.test.js" name="handleAtCommand &gt; when recursive file search is disabled &gt; should not use glob search for a nonexistent file" time="0.000302209">
        </testcase>
    </testsuite>
    <testsuite name="src/ui/hooks/atCommandProcessor.test.ts" timestamp="2025-07-02T17:04:50.279Z" hostname="Adarshs-MacBook-Pro.local" tests="17" failures="0" errors="0" skipped="0" time="0.030746167">
        <testcase classname="src/ui/hooks/atCommandProcessor.test.ts" name="handleAtCommand &gt; should pass through query if no @ command is present" time="0.007010542">
        </testcase>
        <testcase classname="src/ui/hooks/atCommandProcessor.test.ts" name="handleAtCommand &gt; should pass through original query if only a lone @ symbol is present" time="0.000739917">
        </testcase>
        <testcase classname="src/ui/hooks/atCommandProcessor.test.ts" name="handleAtCommand &gt; should process a valid text file path" time="0.004268417">
        </testcase>
        <testcase classname="src/ui/hooks/atCommandProcessor.test.ts" name="handleAtCommand &gt; should process a valid directory path and convert to glob" time="0.0013215">
        </testcase>
        <testcase classname="src/ui/hooks/atCommandProcessor.test.ts" name="handleAtCommand &gt; should process a valid image file path (as text content for now)" time="0.000888125">
        </testcase>
        <testcase classname="src/ui/hooks/atCommandProcessor.test.ts" name="handleAtCommand &gt; should handle query with text before and after @command" time="0.001070125">
        </testcase>
        <testcase classname="src/ui/hooks/atCommandProcessor.test.ts" name="handleAtCommand &gt; should correctly unescape paths with escaped spaces" time="0.001965084">
        </testcase>
        <testcase classname="src/ui/hooks/atCommandProcessor.test.ts" name="handleAtCommand &gt; should handle multiple @file references" time="0.001027125">
        </testcase>
        <testcase classname="src/ui/hooks/atCommandProcessor.test.ts" name="handleAtCommand &gt; should handle multiple @file references with interleaved text" time="0.000727375">
        </testcase>
        <testcase classname="src/ui/hooks/atCommandProcessor.test.ts" name="handleAtCommand &gt; should handle a mix of valid, invalid, and lone @ references" time="0.003554792">
        </testcase>
        <testcase classname="src/ui/hooks/atCommandProcessor.test.ts" name="handleAtCommand &gt; should return original query if all @paths are invalid or lone @" time="0.000761125">
        </testcase>
        <testcase classname="src/ui/hooks/atCommandProcessor.test.ts" name="handleAtCommand &gt; should process a file path case-insensitively" time="0.001619625">
        </testcase>
        <testcase classname="src/ui/hooks/atCommandProcessor.test.ts" name="handleAtCommand &gt; git-aware filtering &gt; should skip git-ignored files in @ commands" time="0.001076917">
        </testcase>
        <testcase classname="src/ui/hooks/atCommandProcessor.test.ts" name="handleAtCommand &gt; git-aware filtering &gt; should process non-git-ignored files normally" time="0.000771333">
        </testcase>
        <testcase classname="src/ui/hooks/atCommandProcessor.test.ts" name="handleAtCommand &gt; git-aware filtering &gt; should handle mixed git-ignored and valid files" time="0.000537708">
        </testcase>
        <testcase classname="src/ui/hooks/atCommandProcessor.test.ts" name="handleAtCommand &gt; git-aware filtering &gt; should always ignore .git directory files" time="0.000279459">
        </testcase>
        <testcase classname="src/ui/hooks/atCommandProcessor.test.ts" name="handleAtCommand &gt; when recursive file search is disabled &gt; should not use glob search for a nonexistent file" time="0.002023083">
        </testcase>
    </testsuite>
    <testsuite name="src/ui/hooks/shellCommandProcessor.test.js" timestamp="2025-07-02T17:04:50.280Z" hostname="Adarshs-MacBook-Pro.local" tests="3" failures="0" errors="0" skipped="0" time="0.058491708">
        <testcase classname="src/ui/hooks/shellCommandProcessor.test.js" name="useShellCommandProcessor &gt; should execute a command and update history on success" time="0.045164125">
        </testcase>
        <testcase classname="src/ui/hooks/shellCommandProcessor.test.js" name="useShellCommandProcessor &gt; should handle binary output" time="0.007381375">
        </testcase>
        <testcase classname="src/ui/hooks/shellCommandProcessor.test.js" name="useShellCommandProcessor &gt; should handle command failure" time="0.004120584">
        </testcase>
    </testsuite>
    <testsuite name="src/ui/hooks/shellCommandProcessor.test.ts" timestamp="2025-07-02T17:04:50.280Z" hostname="Adarshs-MacBook-Pro.local" tests="3" failures="0" errors="0" skipped="0" time="0.059790458">
        <testcase classname="src/ui/hooks/shellCommandProcessor.test.ts" name="useShellCommandProcessor &gt; should execute a command and update history on success" time="0.039344833">
        </testcase>
        <testcase classname="src/ui/hooks/shellCommandProcessor.test.ts" name="useShellCommandProcessor &gt; should handle binary output" time="0.007806042">
        </testcase>
        <testcase classname="src/ui/hooks/shellCommandProcessor.test.ts" name="useShellCommandProcessor &gt; should handle command failure" time="0.00529225">
        </testcase>
    </testsuite>
    <testsuite name="src/ui/hooks/slashCommandProcessor.test.js" timestamp="2025-07-02T17:04:50.281Z" hostname="Adarshs-MacBook-Pro.local" tests="32" failures="0" errors="0" skipped="0" time="0.12304625">
        <testcase classname="src/ui/hooks/slashCommandProcessor.test.js" name="useSlashCommandProcessor &gt; /memory add &gt; should return tool scheduling info on valid input" time="0.01259925">
        </testcase>
        <testcase classname="src/ui/hooks/slashCommandProcessor.test.js" name="useSlashCommandProcessor &gt; /memory add &gt; should show usage error and return true if no text is provided" time="0.001325916">
        </testcase>
        <testcase classname="src/ui/hooks/slashCommandProcessor.test.js" name="useSlashCommandProcessor &gt; /memory show &gt; should call the showMemoryAction and return true" time="0.006747">
        </testcase>
        <testcase classname="src/ui/hooks/slashCommandProcessor.test.js" name="useSlashCommandProcessor &gt; /memory refresh &gt; should call performMemoryRefresh and return true" time="0.002598708">
        </testcase>
        <testcase classname="src/ui/hooks/slashCommandProcessor.test.js" name="useSlashCommandProcessor &gt; Unknown /memory subcommand &gt; should show an error for unknown /memory subcommand and return true" time="0.004480584">
        </testcase>
        <testcase classname="src/ui/hooks/slashCommandProcessor.test.js" name="useSlashCommandProcessor &gt; /stats command &gt; should show detailed session statistics" time="0.015844125">
        </testcase>
        <testcase classname="src/ui/hooks/slashCommandProcessor.test.js" name="useSlashCommandProcessor &gt; /stats command &gt; should show model-specific statistics when using /stats model" time="0.002666666">
        </testcase>
        <testcase classname="src/ui/hooks/slashCommandProcessor.test.js" name="useSlashCommandProcessor &gt; /stats command &gt; should show tool-specific statistics when using /stats tools" time="0.001864958">
        </testcase>
        <testcase classname="src/ui/hooks/slashCommandProcessor.test.js" name="useSlashCommandProcessor &gt; /about command &gt; should show the about box with all details including auth and project" time="0.004398">
        </testcase>
        <testcase classname="src/ui/hooks/slashCommandProcessor.test.js" name="useSlashCommandProcessor &gt; /about command &gt; should show sandbox-exec profile when applicable" time="0.00264125">
        </testcase>
        <testcase classname="src/ui/hooks/slashCommandProcessor.test.js" name="useSlashCommandProcessor &gt; Other commands &gt; /help should open help and return true" time="0.002652875">
        </testcase>
        <testcase classname="src/ui/hooks/slashCommandProcessor.test.js" name="useSlashCommandProcessor &gt; Other commands &gt; /clear should clear items, reset chat, and refresh static" time="0.005150667">
        </testcase>
        <testcase classname="src/ui/hooks/slashCommandProcessor.test.js" name="useSlashCommandProcessor &gt; Other commands &gt; /editor should open editor dialog and return true" time="0.0023695">
        </testcase>
        <testcase classname="src/ui/hooks/slashCommandProcessor.test.js" name="useSlashCommandProcessor &gt; /bug command &gt; should call open with the correct GitHub issue URL and return true" time="0.006946916">
        </testcase>
        <testcase classname="src/ui/hooks/slashCommandProcessor.test.js" name="useSlashCommandProcessor &gt; /bug command &gt; should use the custom bug command URL from config if available" time="0.004997542">
        </testcase>
        <testcase classname="src/ui/hooks/slashCommandProcessor.test.js" name="useSlashCommandProcessor &gt; /quit and /exit commands &gt; should handle /quit, set quitting messages, and exit the process" time="0.009779625">
        </testcase>
        <testcase classname="src/ui/hooks/slashCommandProcessor.test.js" name="useSlashCommandProcessor &gt; /quit and /exit commands &gt; should handle /exit, set quitting messages, and exit the process" time="0.0036455">
        </testcase>
        <testcase classname="src/ui/hooks/slashCommandProcessor.test.js" name="useSlashCommandProcessor &gt; Unknown command &gt; should show an error and return true for a general unknown command" time="0.001803834">
        </testcase>
        <testcase classname="src/ui/hooks/slashCommandProcessor.test.js" name="useSlashCommandProcessor &gt; /tools command &gt; should show an error if tool registry is not available" time="0.001364916">
        </testcase>
        <testcase classname="src/ui/hooks/slashCommandProcessor.test.js" name="useSlashCommandProcessor &gt; /tools command &gt; should show an error if getAllTools returns undefined" time="0.001211625">
        </testcase>
        <testcase classname="src/ui/hooks/slashCommandProcessor.test.js" name="useSlashCommandProcessor &gt; /tools command &gt; should display only Gemini CLI tools (filtering out MCP tools)" time="0.004793125">
        </testcase>
        <testcase classname="src/ui/hooks/slashCommandProcessor.test.js" name="useSlashCommandProcessor &gt; /tools command &gt; should display a message when no Gemini CLI tools are available" time="0.001152083">
        </testcase>
        <testcase classname="src/ui/hooks/slashCommandProcessor.test.js" name="useSlashCommandProcessor &gt; /tools command &gt; should display tool descriptions when /tools desc is used" time="0.000888084">
        </testcase>
        <testcase classname="src/ui/hooks/slashCommandProcessor.test.js" name="useSlashCommandProcessor &gt; /mcp command &gt; should show an error if tool registry is not available" time="0.000949208">
        </testcase>
        <testcase classname="src/ui/hooks/slashCommandProcessor.test.js" name="useSlashCommandProcessor &gt; /mcp command &gt; should display a message with a URL when no MCP servers are configured in a sandbox" time="0.001284833">
        </testcase>
        <testcase classname="src/ui/hooks/slashCommandProcessor.test.js" name="useSlashCommandProcessor &gt; /mcp command &gt; should display a message and open a URL when no MCP servers are configured outside a sandbox" time="0.001517458">
        </testcase>
        <testcase classname="src/ui/hooks/slashCommandProcessor.test.js" name="useSlashCommandProcessor &gt; /mcp command &gt; should display configured MCP servers with status indicators and their tools" time="0.001938042">
        </testcase>
        <testcase classname="src/ui/hooks/slashCommandProcessor.test.js" name="useSlashCommandProcessor &gt; /mcp command &gt; should display tool descriptions when showToolDescriptions is true" time="0.003081417">
        </testcase>
        <testcase classname="src/ui/hooks/slashCommandProcessor.test.js" name="useSlashCommandProcessor &gt; /mcp command &gt; should indicate when a server has no tools" time="0.003026833">
        </testcase>
        <testcase classname="src/ui/hooks/slashCommandProcessor.test.js" name="useSlashCommandProcessor &gt; /mcp command &gt; should show startup indicator when servers are connecting" time="0.00133875">
        </testcase>
        <testcase classname="src/ui/hooks/slashCommandProcessor.test.js" name="useSlashCommandProcessor &gt; /mcp schema &gt; should display tool schemas and descriptions" time="0.001382">
        </testcase>
        <testcase classname="src/ui/hooks/slashCommandProcessor.test.js" name="useSlashCommandProcessor &gt; /compress command &gt; should call tryCompressChat(true)" time="0.003869083">
        </testcase>
    </testsuite>
    <testsuite name="src/ui/hooks/slashCommandProcessor.test.ts" timestamp="2025-07-02T17:04:50.282Z" hostname="Adarshs-MacBook-Pro.local" tests="32" failures="0" errors="0" skipped="0" time="0.108356125">
        <testcase classname="src/ui/hooks/slashCommandProcessor.test.ts" name="useSlashCommandProcessor &gt; /memory add &gt; should return tool scheduling info on valid input" time="0.015099042">
        </testcase>
        <testcase classname="src/ui/hooks/slashCommandProcessor.test.ts" name="useSlashCommandProcessor &gt; /memory add &gt; should show usage error and return true if no text is provided" time="0.002106417">
        </testcase>
        <testcase classname="src/ui/hooks/slashCommandProcessor.test.ts" name="useSlashCommandProcessor &gt; /memory show &gt; should call the showMemoryAction and return true" time="0.005833291">
        </testcase>
        <testcase classname="src/ui/hooks/slashCommandProcessor.test.ts" name="useSlashCommandProcessor &gt; /memory refresh &gt; should call performMemoryRefresh and return true" time="0.007100292">
        </testcase>
        <testcase classname="src/ui/hooks/slashCommandProcessor.test.ts" name="useSlashCommandProcessor &gt; Unknown /memory subcommand &gt; should show an error for unknown /memory subcommand and return true" time="0.003818334">
        </testcase>
        <testcase classname="src/ui/hooks/slashCommandProcessor.test.ts" name="useSlashCommandProcessor &gt; /stats command &gt; should show detailed session statistics" time="0.003194">
        </testcase>
        <testcase classname="src/ui/hooks/slashCommandProcessor.test.ts" name="useSlashCommandProcessor &gt; /stats command &gt; should show model-specific statistics when using /stats model" time="0.004191708">
        </testcase>
        <testcase classname="src/ui/hooks/slashCommandProcessor.test.ts" name="useSlashCommandProcessor &gt; /stats command &gt; should show tool-specific statistics when using /stats tools" time="0.002049125">
        </testcase>
        <testcase classname="src/ui/hooks/slashCommandProcessor.test.ts" name="useSlashCommandProcessor &gt; /about command &gt; should show the about box with all details including auth and project" time="0.001998625">
        </testcase>
        <testcase classname="src/ui/hooks/slashCommandProcessor.test.ts" name="useSlashCommandProcessor &gt; /about command &gt; should show sandbox-exec profile when applicable" time="0.001078833">
        </testcase>
        <testcase classname="src/ui/hooks/slashCommandProcessor.test.ts" name="useSlashCommandProcessor &gt; Other commands &gt; /help should open help and return true" time="0.001030375">
        </testcase>
        <testcase classname="src/ui/hooks/slashCommandProcessor.test.ts" name="useSlashCommandProcessor &gt; Other commands &gt; /clear should clear items, reset chat, and refresh static" time="0.00095225">
        </testcase>
        <testcase classname="src/ui/hooks/slashCommandProcessor.test.ts" name="useSlashCommandProcessor &gt; Other commands &gt; /editor should open editor dialog and return true" time="0.000793375">
        </testcase>
        <testcase classname="src/ui/hooks/slashCommandProcessor.test.ts" name="useSlashCommandProcessor &gt; /bug command &gt; should call open with the correct GitHub issue URL and return true" time="0.004246375">
        </testcase>
        <testcase classname="src/ui/hooks/slashCommandProcessor.test.ts" name="useSlashCommandProcessor &gt; /bug command &gt; should use the custom bug command URL from config if available" time="0.002003459">
        </testcase>
        <testcase classname="src/ui/hooks/slashCommandProcessor.test.ts" name="useSlashCommandProcessor &gt; /quit and /exit commands &gt; should handle /quit, set quitting messages, and exit the process" time="0.006007333">
        </testcase>
        <testcase classname="src/ui/hooks/slashCommandProcessor.test.ts" name="useSlashCommandProcessor &gt; /quit and /exit commands &gt; should handle /exit, set quitting messages, and exit the process" time="0.00374625">
        </testcase>
        <testcase classname="src/ui/hooks/slashCommandProcessor.test.ts" name="useSlashCommandProcessor &gt; Unknown command &gt; should show an error and return true for a general unknown command" time="0.002093875">
        </testcase>
        <testcase classname="src/ui/hooks/slashCommandProcessor.test.ts" name="useSlashCommandProcessor &gt; /tools command &gt; should show an error if tool registry is not available" time="0.002629333">
        </testcase>
        <testcase classname="src/ui/hooks/slashCommandProcessor.test.ts" name="useSlashCommandProcessor &gt; /tools command &gt; should show an error if getAllTools returns undefined" time="0.003279708">
        </testcase>
        <testcase classname="src/ui/hooks/slashCommandProcessor.test.ts" name="useSlashCommandProcessor &gt; /tools command &gt; should display only Gemini CLI tools (filtering out MCP tools)" time="0.0020695">
        </testcase>
        <testcase classname="src/ui/hooks/slashCommandProcessor.test.ts" name="useSlashCommandProcessor &gt; /tools command &gt; should display a message when no Gemini CLI tools are available" time="0.0016395">
        </testcase>
        <testcase classname="src/ui/hooks/slashCommandProcessor.test.ts" name="useSlashCommandProcessor &gt; /tools command &gt; should display tool descriptions when /tools desc is used" time="0.009982542">
        </testcase>
        <testcase classname="src/ui/hooks/slashCommandProcessor.test.ts" name="useSlashCommandProcessor &gt; /mcp command &gt; should show an error if tool registry is not available" time="0.001677834">
        </testcase>
        <testcase classname="src/ui/hooks/slashCommandProcessor.test.ts" name="useSlashCommandProcessor &gt; /mcp command &gt; should display a message with a URL when no MCP servers are configured in a sandbox" time="0.002174167">
        </testcase>
        <testcase classname="src/ui/hooks/slashCommandProcessor.test.ts" name="useSlashCommandProcessor &gt; /mcp command &gt; should display a message and open a URL when no MCP servers are configured outside a sandbox" time="0.002794917">
        </testcase>
        <testcase classname="src/ui/hooks/slashCommandProcessor.test.ts" name="useSlashCommandProcessor &gt; /mcp command &gt; should display configured MCP servers with status indicators and their tools" time="0.003042167">
        </testcase>
        <testcase classname="src/ui/hooks/slashCommandProcessor.test.ts" name="useSlashCommandProcessor &gt; /mcp command &gt; should display tool descriptions when showToolDescriptions is true" time="0.001433208">
        </testcase>
        <testcase classname="src/ui/hooks/slashCommandProcessor.test.ts" name="useSlashCommandProcessor &gt; /mcp command &gt; should indicate when a server has no tools" time="0.003909042">
        </testcase>
        <testcase classname="src/ui/hooks/slashCommandProcessor.test.ts" name="useSlashCommandProcessor &gt; /mcp command &gt; should show startup indicator when servers are connecting" time="0.001166917">
        </testcase>
        <testcase classname="src/ui/hooks/slashCommandProcessor.test.ts" name="useSlashCommandProcessor &gt; /mcp schema &gt; should display tool schemas and descriptions" time="0.000922167">
        </testcase>
        <testcase classname="src/ui/hooks/slashCommandProcessor.test.ts" name="useSlashCommandProcessor &gt; /compress command &gt; should call tryCompressChat(true)" time="0.002569375">
        </testcase>
    </testsuite>
    <testsuite name="src/ui/hooks/useAutoAcceptIndicator.test.js" timestamp="2025-07-02T17:04:50.284Z" hostname="Adarshs-MacBook-Pro.local" tests="6" failures="0" errors="0" skipped="0" time="0.042907709">
        <testcase classname="src/ui/hooks/useAutoAcceptIndicator.test.js" name="useAutoAcceptIndicator &gt; should initialize with ApprovalMode.AUTO_EDIT if config.getApprovalMode returns ApprovalMode.AUTO_EDIT" time="0.010867459">
        </testcase>
        <testcase classname="src/ui/hooks/useAutoAcceptIndicator.test.js" name="useAutoAcceptIndicator &gt; should initialize with ApprovalMode.DEFAULT if config.getApprovalMode returns ApprovalMode.DEFAULT" time="0.001211">
        </testcase>
        <testcase classname="src/ui/hooks/useAutoAcceptIndicator.test.js" name="useAutoAcceptIndicator &gt; should initialize with ApprovalMode.YOLO if config.getApprovalMode returns ApprovalMode.YOLO" time="0.002343958">
        </testcase>
        <testcase classname="src/ui/hooks/useAutoAcceptIndicator.test.js" name="useAutoAcceptIndicator &gt; should toggle the indicator and update config when Shift+Tab or Ctrl+Y is pressed" time="0.004063916">
        </testcase>
        <testcase classname="src/ui/hooks/useAutoAcceptIndicator.test.js" name="useAutoAcceptIndicator &gt; should not toggle if only one key or other keys combinations are pressed" time="0.001505666">
        </testcase>
        <testcase classname="src/ui/hooks/useAutoAcceptIndicator.test.js" name="useAutoAcceptIndicator &gt; should update indicator when config value changes externally (useEffect dependency)" time="0.018181208">
        </testcase>
    </testsuite>
    <testsuite name="src/ui/hooks/useAutoAcceptIndicator.test.ts" timestamp="2025-07-02T17:04:50.284Z" hostname="Adarshs-MacBook-Pro.local" tests="6" failures="0" errors="0" skipped="0" time="0.035200959">
        <testcase classname="src/ui/hooks/useAutoAcceptIndicator.test.ts" name="useAutoAcceptIndicator &gt; should initialize with ApprovalMode.AUTO_EDIT if config.getApprovalMode returns ApprovalMode.AUTO_EDIT" time="0.021096375">
        </testcase>
        <testcase classname="src/ui/hooks/useAutoAcceptIndicator.test.ts" name="useAutoAcceptIndicator &gt; should initialize with ApprovalMode.DEFAULT if config.getApprovalMode returns ApprovalMode.DEFAULT" time="0.001195042">
        </testcase>
        <testcase classname="src/ui/hooks/useAutoAcceptIndicator.test.ts" name="useAutoAcceptIndicator &gt; should initialize with ApprovalMode.YOLO if config.getApprovalMode returns ApprovalMode.YOLO" time="0.002630792">
        </testcase>
        <testcase classname="src/ui/hooks/useAutoAcceptIndicator.test.ts" name="useAutoAcceptIndicator &gt; should toggle the indicator and update config when Shift+Tab or Ctrl+Y is pressed" time="0.004877542">
        </testcase>
        <testcase classname="src/ui/hooks/useAutoAcceptIndicator.test.ts" name="useAutoAcceptIndicator &gt; should not toggle if only one key or other keys combinations are pressed" time="0.002961417">
        </testcase>
        <testcase classname="src/ui/hooks/useAutoAcceptIndicator.test.ts" name="useAutoAcceptIndicator &gt; should update indicator when config value changes externally (useEffect dependency)" time="0.001145541">
        </testcase>
    </testsuite>
    <testsuite name="src/ui/hooks/useCompletion.integration.test.js" timestamp="2025-07-02T17:04:50.285Z" hostname="Adarshs-MacBook-Pro.local" tests="1" failures="1" errors="0" skipped="0" time="0">
        <testcase classname="src/ui/hooks/useCompletion.integration.test.js" name="src/ui/hooks/useCompletion.integration.test.js" time="0">
            <failure message="Failed to parse source for import analysis because the content contains invalid JS syntax. If you are using JSX, make sure to name the file with the .jsx or .tsx extension." type="Error">
Error: Failed to parse source for import analysis because the content contains invalid JS syntax. If you are using JSX, make sure to name the file with the .jsx or .tsx extension.
  Plugin: vite:import-analysis
  File: /Users/adarshkant/Desktop/linux-mac-os/linuxos-ai/packages/cli/src/ui/components/SuggestionsDisplay.js:37:6
  10 |      if (isLoading) {
  11 |          return (&lt;Box paddingX={1} width={width}&gt;
  12 |          &lt;Text color=&quot;gray&quot;&gt;Loading suggestions...&lt;/Text&gt;
     |                                                          ^
  13 |        &lt;/Box&gt;);
  14 |      }
 ❯ TransformPluginContext._formatLog ../../node_modules/vite/dist/node/chunks/dep-Bsx9IwL8.js:31446:43
 ❯ TransformPluginContext.error ../../node_modules/vite/dist/node/chunks/dep-Bsx9IwL8.js:31443:14
 ❯ TransformPluginContext.transform ../../node_modules/vite/dist/node/chunks/dep-Bsx9IwL8.js:29955:10
 ❯ EnvironmentPluginContainer.transform ../../node_modules/vite/dist/node/chunks/dep-Bsx9IwL8.js:31260:14
 ❯ loadAndTransform ../../node_modules/vite/dist/node/chunks/dep-Bsx9IwL8.js:26434:26
            </failure>
        </testcase>
    </testsuite>
    <testsuite name="src/ui/hooks/useCompletion.integration.test.ts" timestamp="2025-07-02T17:04:50.285Z" hostname="Adarshs-MacBook-Pro.local" tests="1" failures="1" errors="0" skipped="0" time="0">
        <testcase classname="src/ui/hooks/useCompletion.integration.test.ts" name="src/ui/hooks/useCompletion.integration.test.ts" time="0">
            <failure message="Failed to parse source for import analysis because the content contains invalid JS syntax. If you are using JSX, make sure to name the file with the .jsx or .tsx extension." type="Error">
Error: Failed to parse source for import analysis because the content contains invalid JS syntax. If you are using JSX, make sure to name the file with the .jsx or .tsx extension.
  Plugin: vite:import-analysis
  File: /Users/adarshkant/Desktop/linux-mac-os/linuxos-ai/packages/cli/src/ui/components/SuggestionsDisplay.js:37:6
  10 |      if (isLoading) {
  11 |          return (&lt;Box paddingX={1} width={width}&gt;
  12 |          &lt;Text color=&quot;gray&quot;&gt;Loading suggestions...&lt;/Text&gt;
     |                                                          ^
  13 |        &lt;/Box&gt;);
  14 |      }
 ❯ TransformPluginContext._formatLog ../../node_modules/vite/dist/node/chunks/dep-Bsx9IwL8.js:31446:43
 ❯ TransformPluginContext.error ../../node_modules/vite/dist/node/chunks/dep-Bsx9IwL8.js:31443:14
 ❯ TransformPluginContext.transform ../../node_modules/vite/dist/node/chunks/dep-Bsx9IwL8.js:29955:10
 ❯ EnvironmentPluginContainer.transform ../../node_modules/vite/dist/node/chunks/dep-Bsx9IwL8.js:31260:14
 ❯ loadAndTransform ../../node_modules/vite/dist/node/chunks/dep-Bsx9IwL8.js:26434:26
            </failure>
        </testcase>
    </testsuite>
    <testsuite name="src/ui/hooks/useConsoleMessages.test.js" timestamp="2025-07-02T17:04:50.285Z" hostname="Adarshs-MacBook-Pro.local" tests="9" failures="0" errors="0" skipped="0" time="0.038663958">
        <testcase classname="src/ui/hooks/useConsoleMessages.test.js" name="useConsoleMessages &gt; should initialize with an empty array of console messages" time="0.007718417">
        </testcase>
        <testcase classname="src/ui/hooks/useConsoleMessages.test.js" name="useConsoleMessages &gt; should add a new message" time="0.002762541">
        </testcase>
        <testcase classname="src/ui/hooks/useConsoleMessages.test.js" name="useConsoleMessages &gt; should consolidate identical consecutive messages" time="0.0018965">
        </testcase>
        <testcase classname="src/ui/hooks/useConsoleMessages.test.js" name="useConsoleMessages &gt; should not consolidate different messages" time="0.000872583">
        </testcase>
        <testcase classname="src/ui/hooks/useConsoleMessages.test.js" name="useConsoleMessages &gt; should not consolidate messages if type is different" time="0.000890583">
        </testcase>
        <testcase classname="src/ui/hooks/useConsoleMessages.test.js" name="useConsoleMessages &gt; should clear console messages" time="0.0122515">
        </testcase>
        <testcase classname="src/ui/hooks/useConsoleMessages.test.js" name="useConsoleMessages &gt; should clear pending timeout on clearConsoleMessages" time="0.009120792">
        </testcase>
        <testcase classname="src/ui/hooks/useConsoleMessages.test.js" name="useConsoleMessages &gt; should clear message queue on clearConsoleMessages" time="0.000731083">
        </testcase>
        <testcase classname="src/ui/hooks/useConsoleMessages.test.js" name="useConsoleMessages &gt; should cleanup timeout on unmount" time="0.00070275">
        </testcase>
    </testsuite>
    <testsuite name="src/ui/hooks/useConsoleMessages.test.ts" timestamp="2025-07-02T17:04:50.286Z" hostname="Adarshs-MacBook-Pro.local" tests="9" failures="0" errors="0" skipped="0" time="0.025778292">
        <testcase classname="src/ui/hooks/useConsoleMessages.test.ts" name="useConsoleMessages &gt; should initialize with an empty array of console messages" time="0.013169416">
        </testcase>
        <testcase classname="src/ui/hooks/useConsoleMessages.test.ts" name="useConsoleMessages &gt; should add a new message" time="0.003282334">
        </testcase>
        <testcase classname="src/ui/hooks/useConsoleMessages.test.ts" name="useConsoleMessages &gt; should consolidate identical consecutive messages" time="0.002607792">
        </testcase>
        <testcase classname="src/ui/hooks/useConsoleMessages.test.ts" name="useConsoleMessages &gt; should not consolidate different messages" time="0.000954375">
        </testcase>
        <testcase classname="src/ui/hooks/useConsoleMessages.test.ts" name="useConsoleMessages &gt; should not consolidate messages if type is different" time="0.000766375">
        </testcase>
        <testcase classname="src/ui/hooks/useConsoleMessages.test.ts" name="useConsoleMessages &gt; should clear console messages" time="0.001139083">
        </testcase>
        <testcase classname="src/ui/hooks/useConsoleMessages.test.ts" name="useConsoleMessages &gt; should clear pending timeout on clearConsoleMessages" time="0.000667292">
        </testcase>
        <testcase classname="src/ui/hooks/useConsoleMessages.test.ts" name="useConsoleMessages &gt; should clear message queue on clearConsoleMessages" time="0.000579917">
        </testcase>
        <testcase classname="src/ui/hooks/useConsoleMessages.test.ts" name="useConsoleMessages &gt; should cleanup timeout on unmount" time="0.000639667">
        </testcase>
    </testsuite>
    <testsuite name="src/ui/hooks/useEditorSettings.test.js" timestamp="2025-07-02T17:04:50.286Z" hostname="Adarshs-MacBook-Pro.local" tests="10" failures="0" errors="0" skipped="0" time="0.078741875">
        <testcase classname="src/ui/hooks/useEditorSettings.test.js" name="useEditorSettings &gt; should initialize with dialog closed" time="0.011777333">
        </testcase>
        <testcase classname="src/ui/hooks/useEditorSettings.test.js" name="useEditorSettings &gt; should open editor dialog when openEditorDialog is called" time="0.013299333">
        </testcase>
        <testcase classname="src/ui/hooks/useEditorSettings.test.js" name="useEditorSettings &gt; should close editor dialog when exitEditorDialog is called" time="0.003212625">
        </testcase>
        <testcase classname="src/ui/hooks/useEditorSettings.test.js" name="useEditorSettings &gt; should handle editor selection successfully" time="0.021009417">
        </testcase>
        <testcase classname="src/ui/hooks/useEditorSettings.test.js" name="useEditorSettings &gt; should handle clearing editor preference (undefined editor)" time="0.001393416">
        </testcase>
        <testcase classname="src/ui/hooks/useEditorSettings.test.js" name="useEditorSettings &gt; should handle different editor types" time="0.003919833">
        </testcase>
        <testcase classname="src/ui/hooks/useEditorSettings.test.js" name="useEditorSettings &gt; should handle different setting scopes" time="0.001909458">
        </testcase>
        <testcase classname="src/ui/hooks/useEditorSettings.test.js" name="useEditorSettings &gt; should not set preference for unavailable editors" time="0.002646583">
        </testcase>
        <testcase classname="src/ui/hooks/useEditorSettings.test.js" name="useEditorSettings &gt; should not set preference for editors not allowed in sandbox" time="0.003041917">
        </testcase>
        <testcase classname="src/ui/hooks/useEditorSettings.test.js" name="useEditorSettings &gt; should handle errors during editor selection" time="0.004006333">
        </testcase>
    </testsuite>
    <testsuite name="src/ui/hooks/useEditorSettings.test.ts" timestamp="2025-07-02T17:04:50.287Z" hostname="Adarshs-MacBook-Pro.local" tests="10" failures="0" errors="0" skipped="0" time="0.043951084">
        <testcase classname="src/ui/hooks/useEditorSettings.test.ts" name="useEditorSettings &gt; should initialize with dialog closed" time="0.008529833">
        </testcase>
        <testcase classname="src/ui/hooks/useEditorSettings.test.ts" name="useEditorSettings &gt; should open editor dialog when openEditorDialog is called" time="0.00411825">
        </testcase>
        <testcase classname="src/ui/hooks/useEditorSettings.test.ts" name="useEditorSettings &gt; should close editor dialog when exitEditorDialog is called" time="0.001160042">
        </testcase>
        <testcase classname="src/ui/hooks/useEditorSettings.test.ts" name="useEditorSettings &gt; should handle editor selection successfully" time="0.003079792">
        </testcase>
        <testcase classname="src/ui/hooks/useEditorSettings.test.ts" name="useEditorSettings &gt; should handle clearing editor preference (undefined editor)" time="0.003376">
        </testcase>
        <testcase classname="src/ui/hooks/useEditorSettings.test.ts" name="useEditorSettings &gt; should handle different editor types" time="0.001814875">
        </testcase>
        <testcase classname="src/ui/hooks/useEditorSettings.test.ts" name="useEditorSettings &gt; should handle different setting scopes" time="0.002092333">
        </testcase>
        <testcase classname="src/ui/hooks/useEditorSettings.test.ts" name="useEditorSettings &gt; should not set preference for unavailable editors" time="0.002677167">
        </testcase>
        <testcase classname="src/ui/hooks/useEditorSettings.test.ts" name="useEditorSettings &gt; should not set preference for editors not allowed in sandbox" time="0.002971416">
        </testcase>
        <testcase classname="src/ui/hooks/useEditorSettings.test.ts" name="useEditorSettings &gt; should handle errors during editor selection" time="0.002642917">
        </testcase>
    </testsuite>
    <testsuite name="src/ui/hooks/useGeminiStream.test.js" timestamp="2025-07-02T17:04:50.288Z" hostname="Adarshs-MacBook-Pro.local" tests="20" failures="0" errors="0" skipped="0" time="0.190298541">
        <testcase classname="src/ui/hooks/useGeminiStream.test.js" name="mergePartListUnions &gt; should merge multiple PartListUnion arrays" time="0.002477208">
        </testcase>
        <testcase classname="src/ui/hooks/useGeminiStream.test.js" name="mergePartListUnions &gt; should handle empty arrays in the input list" time="0.00033875">
        </testcase>
        <testcase classname="src/ui/hooks/useGeminiStream.test.js" name="mergePartListUnions &gt; should handle a single PartListUnion array" time="0.000179625">
        </testcase>
        <testcase classname="src/ui/hooks/useGeminiStream.test.js" name="mergePartListUnions &gt; should return an empty array if all input arrays are empty" time="0.000078542">
        </testcase>
        <testcase classname="src/ui/hooks/useGeminiStream.test.js" name="mergePartListUnions &gt; should handle input list being empty" time="0.000054792">
        </testcase>
        <testcase classname="src/ui/hooks/useGeminiStream.test.js" name="mergePartListUnions &gt; should correctly merge when PartListUnion items are single Parts not in arrays" time="0.000083791">
        </testcase>
        <testcase classname="src/ui/hooks/useGeminiStream.test.js" name="mergePartListUnions &gt; should handle a mix of arrays and single parts, including empty arrays and undefined/null parts if they were possible (though PartListUnion typing restricts this)" time="0.00007775">
        </testcase>
        <testcase classname="src/ui/hooks/useGeminiStream.test.js" name="mergePartListUnions &gt; should preserve the order of parts from the input arrays" time="0.000070792">
        </testcase>
        <testcase classname="src/ui/hooks/useGeminiStream.test.js" name="mergePartListUnions &gt; should handle cases where some PartListUnion items are single Parts and others are arrays of Parts" time="0.00008025">
        </testcase>
        <testcase classname="src/ui/hooks/useGeminiStream.test.js" name="useGeminiStream &gt; should not submit tool responses if not all tool calls are completed" time="0.014812958">
        </testcase>
        <testcase classname="src/ui/hooks/useGeminiStream.test.js" name="useGeminiStream &gt; should submit tool responses when all tool calls are completed and ready" time="0.012272875">
        </testcase>
        <testcase classname="src/ui/hooks/useGeminiStream.test.js" name="useGeminiStream &gt; should handle all tool calls being cancelled" time="0.0034115">
        </testcase>
        <testcase classname="src/ui/hooks/useGeminiStream.test.js" name="useGeminiStream &gt; should not flicker streaming state to Idle between tool completion and submission" time="0.00660275">
        </testcase>
        <testcase classname="src/ui/hooks/useGeminiStream.test.js" name="useGeminiStream &gt; User Cancellation &gt; should cancel an in-progress stream when escape is pressed" time="0.054970709">
        </testcase>
        <testcase classname="src/ui/hooks/useGeminiStream.test.js" name="useGeminiStream &gt; User Cancellation &gt; should not do anything if escape is pressed when not responding" time="0.002660875">
        </testcase>
        <testcase classname="src/ui/hooks/useGeminiStream.test.js" name="useGeminiStream &gt; User Cancellation &gt; should prevent further processing after cancellation" time="0.059230291">
            <system-err>
An update to TestComponent inside a test was not wrapped in act(...).

When testing, code that causes React state updates should be wrapped into act(...):

act(() =&gt; {
  /* fire events that update state */
});
/* assert on the output */

This ensures that you&apos;re testing the behavior the user would see in the browser. Learn more at https://react.dev/link/wrap-tests-with-act

            </system-err>
        </testcase>
        <testcase classname="src/ui/hooks/useGeminiStream.test.js" name="useGeminiStream &gt; User Cancellation &gt; should not cancel if a tool call is in progress (not just responding)" time="0.003289875">
        </testcase>
        <testcase classname="src/ui/hooks/useGeminiStream.test.js" name="useGeminiStream &gt; Client-Initiated Tool Calls &gt; should execute a client-initiated tool without sending a response to Gemini" time="0.006877375">
        </testcase>
        <testcase classname="src/ui/hooks/useGeminiStream.test.js" name="useGeminiStream &gt; Memory Refresh on save_memory &gt; should call performMemoryRefresh when a save_memory tool call completes successfully" time="0.004431208">
        </testcase>
        <testcase classname="src/ui/hooks/useGeminiStream.test.js" name="useGeminiStream &gt; Error Handling &gt; should call parseAndFormatApiError with the correct authType on stream initialization failure" time="0.01488725">
        </testcase>
    </testsuite>
    <testsuite name="src/ui/hooks/useGeminiStream.test.tsx" timestamp="2025-07-02T17:04:50.289Z" hostname="Adarshs-MacBook-Pro.local" tests="20" failures="0" errors="0" skipped="0" time="0.171634958">
        <testcase classname="src/ui/hooks/useGeminiStream.test.tsx" name="mergePartListUnions &gt; should merge multiple PartListUnion arrays" time="0.002299459">
        </testcase>
        <testcase classname="src/ui/hooks/useGeminiStream.test.tsx" name="mergePartListUnions &gt; should handle empty arrays in the input list" time="0.00026975">
        </testcase>
        <testcase classname="src/ui/hooks/useGeminiStream.test.tsx" name="mergePartListUnions &gt; should handle a single PartListUnion array" time="0.000166625">
        </testcase>
        <testcase classname="src/ui/hooks/useGeminiStream.test.tsx" name="mergePartListUnions &gt; should return an empty array if all input arrays are empty" time="0.000122">
        </testcase>
        <testcase classname="src/ui/hooks/useGeminiStream.test.tsx" name="mergePartListUnions &gt; should handle input list being empty" time="0.000107458">
        </testcase>
        <testcase classname="src/ui/hooks/useGeminiStream.test.tsx" name="mergePartListUnions &gt; should correctly merge when PartListUnion items are single Parts not in arrays" time="0.00016525">
        </testcase>
        <testcase classname="src/ui/hooks/useGeminiStream.test.tsx" name="mergePartListUnions &gt; should handle a mix of arrays and single parts, including empty arrays and undefined/null parts if they were possible (though PartListUnion typing restricts this)" time="0.000170875">
        </testcase>
        <testcase classname="src/ui/hooks/useGeminiStream.test.tsx" name="mergePartListUnions &gt; should preserve the order of parts from the input arrays" time="0.000161041">
        </testcase>
        <testcase classname="src/ui/hooks/useGeminiStream.test.tsx" name="mergePartListUnions &gt; should handle cases where some PartListUnion items are single Parts and others are arrays of Parts" time="0.000175375">
        </testcase>
        <testcase classname="src/ui/hooks/useGeminiStream.test.tsx" name="useGeminiStream &gt; should not submit tool responses if not all tool calls are completed" time="0.014616959">
        </testcase>
        <testcase classname="src/ui/hooks/useGeminiStream.test.tsx" name="useGeminiStream &gt; should submit tool responses when all tool calls are completed and ready" time="0.009026">
        </testcase>
        <testcase classname="src/ui/hooks/useGeminiStream.test.tsx" name="useGeminiStream &gt; should handle all tool calls being cancelled" time="0.003797">
        </testcase>
        <testcase classname="src/ui/hooks/useGeminiStream.test.tsx" name="useGeminiStream &gt; should not flicker streaming state to Idle between tool completion and submission" time="0.004637291">
        </testcase>
        <testcase classname="src/ui/hooks/useGeminiStream.test.tsx" name="useGeminiStream &gt; User Cancellation &gt; should cancel an in-progress stream when escape is pressed" time="0.043213959">
        </testcase>
        <testcase classname="src/ui/hooks/useGeminiStream.test.tsx" name="useGeminiStream &gt; User Cancellation &gt; should not do anything if escape is pressed when not responding" time="0.004071709">
        </testcase>
        <testcase classname="src/ui/hooks/useGeminiStream.test.tsx" name="useGeminiStream &gt; User Cancellation &gt; should prevent further processing after cancellation" time="0.058539083">
            <system-err>
An update to TestComponent inside a test was not wrapped in act(...).

When testing, code that causes React state updates should be wrapped into act(...):

act(() =&gt; {
  /* fire events that update state */
});
/* assert on the output */

This ensures that you&apos;re testing the behavior the user would see in the browser. Learn more at https://react.dev/link/wrap-tests-with-act

            </system-err>
        </testcase>
        <testcase classname="src/ui/hooks/useGeminiStream.test.tsx" name="useGeminiStream &gt; User Cancellation &gt; should not cancel if a tool call is in progress (not just responding)" time="0.003041625">
        </testcase>
        <testcase classname="src/ui/hooks/useGeminiStream.test.tsx" name="useGeminiStream &gt; Client-Initiated Tool Calls &gt; should execute a client-initiated tool without sending a response to Gemini" time="0.008072292">
        </testcase>
        <testcase classname="src/ui/hooks/useGeminiStream.test.tsx" name="useGeminiStream &gt; Memory Refresh on save_memory &gt; should call performMemoryRefresh when a save_memory tool call completes successfully" time="0.011500167">
        </testcase>
        <testcase classname="src/ui/hooks/useGeminiStream.test.tsx" name="useGeminiStream &gt; Error Handling &gt; should call parseAndFormatApiError with the correct authType on stream initialization failure" time="0.005340375">
        </testcase>
    </testsuite>
    <testsuite name="src/ui/hooks/useGitBranchName.test.js" timestamp="2025-07-02T17:04:50.290Z" hostname="Adarshs-MacBook-Pro.local" tests="7" failures="0" errors="0" skipped="2" time="0.035742708">
        <testcase classname="src/ui/hooks/useGitBranchName.test.js" name="useGitBranchName &gt; should return branch name" time="0.013727584">
        </testcase>
        <testcase classname="src/ui/hooks/useGitBranchName.test.js" name="useGitBranchName &gt; should return undefined if git command fails" time="0.003627917">
        </testcase>
        <testcase classname="src/ui/hooks/useGitBranchName.test.js" name="useGitBranchName &gt; should return short commit hash if branch is HEAD (detached state)" time="0.004987666">
        </testcase>
        <testcase classname="src/ui/hooks/useGitBranchName.test.js" name="useGitBranchName &gt; should return undefined if branch is HEAD and getting commit hash fails" time="0.002303958">
        </testcase>
        <testcase classname="src/ui/hooks/useGitBranchName.test.js" name="useGitBranchName &gt; should update branch name when .git/HEAD changes" time="0.000812167">
            <skipped/>
        </testcase>
        <testcase classname="src/ui/hooks/useGitBranchName.test.js" name="useGitBranchName &gt; should handle watcher setup error silently" time="0.007394542">
        </testcase>
        <testcase classname="src/ui/hooks/useGitBranchName.test.js" name="useGitBranchName &gt; should cleanup watcher on unmount" time="0.00078225">
            <skipped/>
        </testcase>
    </testsuite>
    <testsuite name="src/ui/hooks/useGitBranchName.test.ts" timestamp="2025-07-02T17:04:50.290Z" hostname="Adarshs-MacBook-Pro.local" tests="7" failures="0" errors="0" skipped="2" time="0.039907084">
        <testcase classname="src/ui/hooks/useGitBranchName.test.ts" name="useGitBranchName &gt; should return branch name" time="0.022696875">
        </testcase>
        <testcase classname="src/ui/hooks/useGitBranchName.test.ts" name="useGitBranchName &gt; should return undefined if git command fails" time="0.003102875">
        </testcase>
        <testcase classname="src/ui/hooks/useGitBranchName.test.ts" name="useGitBranchName &gt; should return short commit hash if branch is HEAD (detached state)" time="0.002946583">
        </testcase>
        <testcase classname="src/ui/hooks/useGitBranchName.test.ts" name="useGitBranchName &gt; should return undefined if branch is HEAD and getting commit hash fails" time="0.001694833">
        </testcase>
        <testcase classname="src/ui/hooks/useGitBranchName.test.ts" name="useGitBranchName &gt; should update branch name when .git/HEAD changes" time="0.00084125">
            <skipped/>
        </testcase>
        <testcase classname="src/ui/hooks/useGitBranchName.test.ts" name="useGitBranchName &gt; should handle watcher setup error silently" time="0.006132083">
        </testcase>
        <testcase classname="src/ui/hooks/useGitBranchName.test.ts" name="useGitBranchName &gt; should cleanup watcher on unmount" time="0.001157292">
            <skipped/>
        </testcase>
    </testsuite>
    <testsuite name="src/ui/hooks/useHistoryManager.test.js" timestamp="2025-07-02T17:04:50.291Z" hostname="Adarshs-MacBook-Pro.local" tests="8" failures="0" errors="0" skipped="0" time="0.103596708">
        <testcase classname="src/ui/hooks/useHistoryManager.test.js" name="useHistoryManager &gt; should initialize with an empty history" time="0.008806959">
        </testcase>
        <testcase classname="src/ui/hooks/useHistoryManager.test.js" name="useHistoryManager &gt; should add an item to history with a unique ID" time="0.015469">
        </testcase>
        <testcase classname="src/ui/hooks/useHistoryManager.test.js" name="useHistoryManager &gt; should generate unique IDs for items added with the same base timestamp" time="0.014413916">
        </testcase>
        <testcase classname="src/ui/hooks/useHistoryManager.test.js" name="useHistoryManager &gt; should update an existing history item" time="0.028521459">
        </testcase>
        <testcase classname="src/ui/hooks/useHistoryManager.test.js" name="useHistoryManager &gt; should not change history if updateHistoryItem is called with a non-existent ID" time="0.016121166">
        </testcase>
        <testcase classname="src/ui/hooks/useHistoryManager.test.js" name="useHistoryManager &gt; should clear the history" time="0.002699792">
        </testcase>
        <testcase classname="src/ui/hooks/useHistoryManager.test.js" name="useHistoryManager &gt; should not add consecutive duplicate user messages" time="0.009963583">
        </testcase>
        <testcase classname="src/ui/hooks/useHistoryManager.test.js" name="useHistoryManager &gt; should add duplicate user messages if they are not consecutive" time="0.005462792">
        </testcase>
    </testsuite>
    <testsuite name="src/ui/hooks/useHistoryManager.test.ts" timestamp="2025-07-02T17:04:50.291Z" hostname="Adarshs-MacBook-Pro.local" tests="8" failures="0" errors="0" skipped="0" time="0.038030709">
        <testcase classname="src/ui/hooks/useHistoryManager.test.ts" name="useHistoryManager &gt; should initialize with an empty history" time="0.01483675">
        </testcase>
        <testcase classname="src/ui/hooks/useHistoryManager.test.ts" name="useHistoryManager &gt; should add an item to history with a unique ID" time="0.005741125">
        </testcase>
        <testcase classname="src/ui/hooks/useHistoryManager.test.ts" name="useHistoryManager &gt; should generate unique IDs for items added with the same base timestamp" time="0.006185417">
        </testcase>
        <testcase classname="src/ui/hooks/useHistoryManager.test.ts" name="useHistoryManager &gt; should update an existing history item" time="0.003147167">
        </testcase>
        <testcase classname="src/ui/hooks/useHistoryManager.test.ts" name="useHistoryManager &gt; should not change history if updateHistoryItem is called with a non-existent ID" time="0.002573042">
        </testcase>
        <testcase classname="src/ui/hooks/useHistoryManager.test.ts" name="useHistoryManager &gt; should clear the history" time="0.001787084">
        </testcase>
        <testcase classname="src/ui/hooks/useHistoryManager.test.ts" name="useHistoryManager &gt; should not add consecutive duplicate user messages" time="0.000795334">
        </testcase>
        <testcase classname="src/ui/hooks/useHistoryManager.test.ts" name="useHistoryManager &gt; should add duplicate user messages if they are not consecutive" time="0.000632375">
        </testcase>
    </testsuite>
    <testsuite name="src/ui/hooks/useInputHistory.test.js" timestamp="2025-07-02T17:04:50.292Z" hostname="Adarshs-MacBook-Pro.local" tests="11" failures="0" errors="0" skipped="0" time="0.036189709">
        <testcase classname="src/ui/hooks/useInputHistory.test.js" name="useInputHistory &gt; should initialize with historyIndex -1 and empty originalQueryBeforeNav" time="0.018745125">
        </testcase>
        <testcase classname="src/ui/hooks/useInputHistory.test.js" name="useInputHistory &gt; handleSubmit &gt; should call onSubmit with trimmed value and reset history" time="0.00319775">
        </testcase>
        <testcase classname="src/ui/hooks/useInputHistory.test.js" name="useInputHistory &gt; handleSubmit &gt; should not call onSubmit if value is empty after trimming" time="0.002604334">
        </testcase>
        <testcase classname="src/ui/hooks/useInputHistory.test.js" name="useInputHistory &gt; navigateUp &gt; should not navigate if isActive is false" time="0.002094833">
        </testcase>
        <testcase classname="src/ui/hooks/useInputHistory.test.js" name="useInputHistory &gt; navigateUp &gt; should not navigate if userMessages is empty" time="0.000916166">
        </testcase>
        <testcase classname="src/ui/hooks/useInputHistory.test.js" name="useInputHistory &gt; navigateUp &gt; should call onChange with the last message when navigating up from initial state" time="0.001094917">
        </testcase>
        <testcase classname="src/ui/hooks/useInputHistory.test.js" name="useInputHistory &gt; navigateUp &gt; should store currentQuery as originalQueryBeforeNav on first navigateUp" time="0.001598291">
        </testcase>
        <testcase classname="src/ui/hooks/useInputHistory.test.js" name="useInputHistory &gt; navigateUp &gt; should navigate through history messages on subsequent navigateUp calls" time="0.002312459">
        </testcase>
        <testcase classname="src/ui/hooks/useInputHistory.test.js" name="useInputHistory &gt; navigateDown &gt; should not navigate if isActive is false" time="0.001006416">
        </testcase>
        <testcase classname="src/ui/hooks/useInputHistory.test.js" name="useInputHistory &gt; navigateDown &gt; should not navigate if historyIndex is -1 (not in history navigation)" time="0.000666">
        </testcase>
        <testcase classname="src/ui/hooks/useInputHistory.test.js" name="useInputHistory &gt; navigateDown &gt; should restore originalQueryBeforeNav when navigating down to initial state" time="0.000661375">
        </testcase>
    </testsuite>
    <testsuite name="src/ui/hooks/useInputHistory.test.ts" timestamp="2025-07-02T17:04:50.292Z" hostname="Adarshs-MacBook-Pro.local" tests="11" failures="0" errors="0" skipped="0" time="0.0660765">
        <testcase classname="src/ui/hooks/useInputHistory.test.ts" name="useInputHistory &gt; should initialize with historyIndex -1 and empty originalQueryBeforeNav" time="0.034985875">
        </testcase>
        <testcase classname="src/ui/hooks/useInputHistory.test.ts" name="useInputHistory &gt; handleSubmit &gt; should call onSubmit with trimmed value and reset history" time="0.004283458">
        </testcase>
        <testcase classname="src/ui/hooks/useInputHistory.test.ts" name="useInputHistory &gt; handleSubmit &gt; should not call onSubmit if value is empty after trimming" time="0.001430375">
        </testcase>
        <testcase classname="src/ui/hooks/useInputHistory.test.ts" name="useInputHistory &gt; navigateUp &gt; should not navigate if isActive is false" time="0.001422667">
        </testcase>
        <testcase classname="src/ui/hooks/useInputHistory.test.ts" name="useInputHistory &gt; navigateUp &gt; should not navigate if userMessages is empty" time="0.009657625">
        </testcase>
        <testcase classname="src/ui/hooks/useInputHistory.test.ts" name="useInputHistory &gt; navigateUp &gt; should call onChange with the last message when navigating up from initial state" time="0.003691417">
        </testcase>
        <testcase classname="src/ui/hooks/useInputHistory.test.ts" name="useInputHistory &gt; navigateUp &gt; should store currentQuery as originalQueryBeforeNav on first navigateUp" time="0.00124475">
        </testcase>
        <testcase classname="src/ui/hooks/useInputHistory.test.ts" name="useInputHistory &gt; navigateUp &gt; should navigate through history messages on subsequent navigateUp calls" time="0.002697541">
        </testcase>
        <testcase classname="src/ui/hooks/useInputHistory.test.ts" name="useInputHistory &gt; navigateDown &gt; should not navigate if isActive is false" time="0.001034541">
        </testcase>
        <testcase classname="src/ui/hooks/useInputHistory.test.ts" name="useInputHistory &gt; navigateDown &gt; should not navigate if historyIndex is -1 (not in history navigation)" time="0.001440375">
        </testcase>
        <testcase classname="src/ui/hooks/useInputHistory.test.ts" name="useInputHistory &gt; navigateDown &gt; should restore originalQueryBeforeNav when navigating down to initial state" time="0.002917833">
        </testcase>
    </testsuite>
    <testsuite name="src/ui/hooks/useLoadingIndicator.test.js" timestamp="2025-07-02T17:04:50.293Z" hostname="Adarshs-MacBook-Pro.local" tests="5" failures="0" errors="0" skipped="0" time="0.062323625">
        <testcase classname="src/ui/hooks/useLoadingIndicator.test.js" name="useLoadingIndicator &gt; should initialize with default values when Idle" time="0.023758833">
        </testcase>
        <testcase classname="src/ui/hooks/useLoadingIndicator.test.js" name="useLoadingIndicator &gt; should reflect values when Responding" time="0.012093542">
        </testcase>
        <testcase classname="src/ui/hooks/useLoadingIndicator.test.js" name="useLoadingIndicator &gt; should show waiting phrase and retain elapsedTime when WaitingForConfirmation" time="0.008741042">
        </testcase>
        <testcase classname="src/ui/hooks/useLoadingIndicator.test.js" name="useLoadingIndicator &gt; should reset elapsedTime and use a witty phrase when transitioning from WaitingForConfirmation to Responding" time="0.009955042">
        </testcase>
        <testcase classname="src/ui/hooks/useLoadingIndicator.test.js" name="useLoadingIndicator &gt; should reset timer and phrase when streamingState changes from Responding to Idle" time="0.005710042">
        </testcase>
    </testsuite>
    <testsuite name="src/ui/hooks/useLoadingIndicator.test.ts" timestamp="2025-07-02T17:04:50.293Z" hostname="Adarshs-MacBook-Pro.local" tests="5" failures="0" errors="0" skipped="0" time="0.052218541">
        <testcase classname="src/ui/hooks/useLoadingIndicator.test.ts" name="useLoadingIndicator &gt; should initialize with default values when Idle" time="0.023720875">
        </testcase>
        <testcase classname="src/ui/hooks/useLoadingIndicator.test.ts" name="useLoadingIndicator &gt; should reflect values when Responding" time="0.011045416">
        </testcase>
        <testcase classname="src/ui/hooks/useLoadingIndicator.test.ts" name="useLoadingIndicator &gt; should show waiting phrase and retain elapsedTime when WaitingForConfirmation" time="0.005914042">
        </testcase>
        <testcase classname="src/ui/hooks/useLoadingIndicator.test.ts" name="useLoadingIndicator &gt; should reset elapsedTime and use a witty phrase when transitioning from WaitingForConfirmation to Responding" time="0.005265542">
        </testcase>
        <testcase classname="src/ui/hooks/useLoadingIndicator.test.ts" name="useLoadingIndicator &gt; should reset timer and phrase when streamingState changes from Responding to Idle" time="0.004290542">
        </testcase>
    </testsuite>
    <testsuite name="src/ui/hooks/usePhraseCycler.test.js" timestamp="2025-07-02T17:04:50.294Z" hostname="Adarshs-MacBook-Pro.local" tests="7" failures="0" errors="0" skipped="0" time="0.040555834">
        <testcase classname="src/ui/hooks/usePhraseCycler.test.js" name="usePhraseCycler &gt; should initialize with the first witty phrase when not active and not waiting" time="0.018627041">
        </testcase>
        <testcase classname="src/ui/hooks/usePhraseCycler.test.js" name="usePhraseCycler &gt; should show &quot;Waiting for user confirmation...&quot; when isWaiting is true" time="0.007059542">
        </testcase>
        <testcase classname="src/ui/hooks/usePhraseCycler.test.js" name="usePhraseCycler &gt; should not cycle phrases if isActive is false and not waiting" time="0.001685292">
        </testcase>
        <testcase classname="src/ui/hooks/usePhraseCycler.test.js" name="usePhraseCycler &gt; should cycle through witty phrases when isActive is true and not waiting" time="0.00230275">
        </testcase>
        <testcase classname="src/ui/hooks/usePhraseCycler.test.js" name="usePhraseCycler &gt; should reset to a witty phrase when isActive becomes true after being false (and not waiting)" time="0.006185667">
        </testcase>
        <testcase classname="src/ui/hooks/usePhraseCycler.test.js" name="usePhraseCycler &gt; should clear phrase interval on unmount when active" time="0.001212333">
        </testcase>
        <testcase classname="src/ui/hooks/usePhraseCycler.test.js" name="usePhraseCycler &gt; should reset to a witty phrase when transitioning from waiting to active" time="0.001063">
        </testcase>
    </testsuite>
    <testsuite name="src/ui/hooks/usePhraseCycler.test.ts" timestamp="2025-07-02T17:04:50.294Z" hostname="Adarshs-MacBook-Pro.local" tests="7" failures="0" errors="0" skipped="0" time="0.087707166">
        <testcase classname="src/ui/hooks/usePhraseCycler.test.ts" name="usePhraseCycler &gt; should initialize with the first witty phrase when not active and not waiting" time="0.0438215">
        </testcase>
        <testcase classname="src/ui/hooks/usePhraseCycler.test.ts" name="usePhraseCycler &gt; should show &quot;Waiting for user confirmation...&quot; when isWaiting is true" time="0.011340292">
        </testcase>
        <testcase classname="src/ui/hooks/usePhraseCycler.test.ts" name="usePhraseCycler &gt; should not cycle phrases if isActive is false and not waiting" time="0.001635833">
        </testcase>
        <testcase classname="src/ui/hooks/usePhraseCycler.test.ts" name="usePhraseCycler &gt; should cycle through witty phrases when isActive is true and not waiting" time="0.005005">
        </testcase>
        <testcase classname="src/ui/hooks/usePhraseCycler.test.ts" name="usePhraseCycler &gt; should reset to a witty phrase when isActive becomes true after being false (and not waiting)" time="0.0065825">
        </testcase>
        <testcase classname="src/ui/hooks/usePhraseCycler.test.ts" name="usePhraseCycler &gt; should clear phrase interval on unmount when active" time="0.001382375">
        </testcase>
        <testcase classname="src/ui/hooks/usePhraseCycler.test.ts" name="usePhraseCycler &gt; should reset to a witty phrase when transitioning from waiting to active" time="0.016300959">
        </testcase>
    </testsuite>
    <testsuite name="src/ui/hooks/useShellHistory.test.js" timestamp="2025-07-02T17:04:50.295Z" hostname="Adarshs-MacBook-Pro.local" tests="7" failures="0" errors="0" skipped="0" time="0.570217709">
        <testcase classname="src/ui/hooks/useShellHistory.test.js" name="useShellHistory &gt; should initialize and read the history file from the correct path" time="0.078897667">
        </testcase>
        <testcase classname="src/ui/hooks/useShellHistory.test.js" name="useShellHistory &gt; should handle a non-existent history file gracefully" time="0.053851375">
        </testcase>
        <testcase classname="src/ui/hooks/useShellHistory.test.js" name="useShellHistory &gt; should add a command and write to the history file" time="0.109868584">
        </testcase>
        <testcase classname="src/ui/hooks/useShellHistory.test.js" name="useShellHistory &gt; should navigate history correctly with previous/next commands" time="0.0577855">
        </testcase>
        <testcase classname="src/ui/hooks/useShellHistory.test.js" name="useShellHistory &gt; should not add empty or whitespace-only commands to history" time="0.055858833">
        </testcase>
        <testcase classname="src/ui/hooks/useShellHistory.test.js" name="useShellHistory &gt; should truncate history to MAX_HISTORY_LENGTH (100)" time="0.105991125">
        </testcase>
        <testcase classname="src/ui/hooks/useShellHistory.test.js" name="useShellHistory &gt; should move an existing command to the top when re-added" time="0.10577925">
        </testcase>
    </testsuite>
    <testsuite name="src/ui/hooks/useShellHistory.test.ts" timestamp="2025-07-02T17:04:50.295Z" hostname="Adarshs-MacBook-Pro.local" tests="7" failures="0" errors="0" skipped="0" time="0.571467042">
        <testcase classname="src/ui/hooks/useShellHistory.test.ts" name="useShellHistory &gt; should initialize and read the history file from the correct path" time="0.068816875">
        </testcase>
        <testcase classname="src/ui/hooks/useShellHistory.test.ts" name="useShellHistory &gt; should handle a non-existent history file gracefully" time="0.058106208">
        </testcase>
        <testcase classname="src/ui/hooks/useShellHistory.test.ts" name="useShellHistory &gt; should add a command and write to the history file" time="0.11863675">
        </testcase>
        <testcase classname="src/ui/hooks/useShellHistory.test.ts" name="useShellHistory &gt; should navigate history correctly with previous/next commands" time="0.053709208">
        </testcase>
        <testcase classname="src/ui/hooks/useShellHistory.test.ts" name="useShellHistory &gt; should not add empty or whitespace-only commands to history" time="0.052636042">
        </testcase>
        <testcase classname="src/ui/hooks/useShellHistory.test.ts" name="useShellHistory &gt; should truncate history to MAX_HISTORY_LENGTH (100)" time="0.107220375">
        </testcase>
        <testcase classname="src/ui/hooks/useShellHistory.test.ts" name="useShellHistory &gt; should move an existing command to the top when re-added" time="0.110613125">
        </testcase>
    </testsuite>
    <testsuite name="src/ui/hooks/useTimer.test.js" timestamp="2025-07-02T17:04:50.295Z" hostname="Adarshs-MacBook-Pro.local" tests="8" failures="0" errors="0" skipped="0" time="0.053122833">
        <testcase classname="src/ui/hooks/useTimer.test.js" name="useTimer &gt; should initialize with 0" time="0.017572583">
        </testcase>
        <testcase classname="src/ui/hooks/useTimer.test.js" name="useTimer &gt; should not increment time if isActive is false" time="0.0009015">
        </testcase>
        <testcase classname="src/ui/hooks/useTimer.test.js" name="useTimer &gt; should increment time every second if isActive is true" time="0.001484083">
        </testcase>
        <testcase classname="src/ui/hooks/useTimer.test.js" name="useTimer &gt; should reset to 0 and start incrementing when isActive becomes true from false" time="0.000886583">
        </testcase>
        <testcase classname="src/ui/hooks/useTimer.test.js" name="useTimer &gt; should reset to 0 when resetKey changes while active" time="0.001011625">
        </testcase>
        <testcase classname="src/ui/hooks/useTimer.test.js" name="useTimer &gt; should be 0 if isActive is false, regardless of resetKey changes" time="0.005222583">
        </testcase>
        <testcase classname="src/ui/hooks/useTimer.test.js" name="useTimer &gt; should clear timer on unmount" time="0.019733792">
        </testcase>
        <testcase classname="src/ui/hooks/useTimer.test.js" name="useTimer &gt; should preserve elapsedTime when isActive becomes false, and reset to 0 when it becomes active again" time="0.004991375">
        </testcase>
    </testsuite>
    <testsuite name="src/ui/hooks/useTimer.test.ts" timestamp="2025-07-02T17:04:50.296Z" hostname="Adarshs-MacBook-Pro.local" tests="8" failures="0" errors="0" skipped="0" time="0.033739958">
        <testcase classname="src/ui/hooks/useTimer.test.ts" name="useTimer &gt; should initialize with 0" time="0.020774291">
        </testcase>
        <testcase classname="src/ui/hooks/useTimer.test.ts" name="useTimer &gt; should not increment time if isActive is false" time="0.002381791">
        </testcase>
        <testcase classname="src/ui/hooks/useTimer.test.ts" name="useTimer &gt; should increment time every second if isActive is true" time="0.001698041">
        </testcase>
        <testcase classname="src/ui/hooks/useTimer.test.ts" name="useTimer &gt; should reset to 0 and start incrementing when isActive becomes true from false" time="0.002615667">
        </testcase>
        <testcase classname="src/ui/hooks/useTimer.test.ts" name="useTimer &gt; should reset to 0 when resetKey changes while active" time="0.0013855">
        </testcase>
        <testcase classname="src/ui/hooks/useTimer.test.ts" name="useTimer &gt; should be 0 if isActive is false, regardless of resetKey changes" time="0.000707458">
        </testcase>
        <testcase classname="src/ui/hooks/useTimer.test.ts" name="useTimer &gt; should clear timer on unmount" time="0.001588916">
        </testcase>
        <testcase classname="src/ui/hooks/useTimer.test.ts" name="useTimer &gt; should preserve elapsedTime when isActive becomes false, and reset to 0 when it becomes active again" time="0.001123542">
        </testcase>
    </testsuite>
    <testsuite name="src/ui/hooks/useToolScheduler.test.js" timestamp="2025-07-02T17:04:50.296Z" hostname="Adarshs-MacBook-Pro.local" tests="21" failures="0" errors="0" skipped="4" time="0.105101291">
        <testcase classname="src/ui/hooks/useToolScheduler.test.js" name="useReactToolScheduler in YOLO Mode &gt; should skip confirmation and execute tool directly when yoloMode is true" time="0.072333917">
        </testcase>
        <testcase classname="src/ui/hooks/useToolScheduler.test.js" name="useReactToolScheduler &gt; initial state should be empty" time="0.001200875">
        </testcase>
        <testcase classname="src/ui/hooks/useToolScheduler.test.js" name="useReactToolScheduler &gt; should schedule and execute a tool call successfully" time="0.006308333">
        </testcase>
        <testcase classname="src/ui/hooks/useToolScheduler.test.js" name="useReactToolScheduler &gt; should handle tool not found" time="0.005696416">
        </testcase>
        <testcase classname="src/ui/hooks/useToolScheduler.test.js" name="useReactToolScheduler &gt; should handle error during shouldConfirmExecute" time="0.003177375">
        </testcase>
        <testcase classname="src/ui/hooks/useToolScheduler.test.js" name="useReactToolScheduler &gt; should handle error during execute" time="0.004444625">
        </testcase>
        <testcase classname="src/ui/hooks/useToolScheduler.test.js" name="useReactToolScheduler &gt; should handle tool requiring confirmation - approved" time="0">
            <skipped/>
        </testcase>
        <testcase classname="src/ui/hooks/useToolScheduler.test.js" name="useReactToolScheduler &gt; should handle tool requiring confirmation - cancelled by user" time="0">
            <skipped/>
        </testcase>
        <testcase classname="src/ui/hooks/useToolScheduler.test.js" name="useReactToolScheduler &gt; should handle live output updates" time="0">
            <skipped/>
        </testcase>
        <testcase classname="src/ui/hooks/useToolScheduler.test.js" name="useReactToolScheduler &gt; should schedule and execute multiple tool calls" time="0.008470416">
        </testcase>
        <testcase classname="src/ui/hooks/useToolScheduler.test.js" name="useReactToolScheduler &gt; should throw error if scheduling while already running" time="0">
            <skipped/>
        </testcase>
        <testcase classname="src/ui/hooks/useToolScheduler.test.js" name="mapToDisplay &gt; should map ToolCall with status &apos;validating&apos; (validating) correctly" time="0.000538334">
        </testcase>
        <testcase classname="src/ui/hooks/useToolScheduler.test.js" name="mapToDisplay &gt; should map ToolCall with status &apos;awaiting_approval&apos; (awaiting_approval) correctly" time="0.00012875">
        </testcase>
        <testcase classname="src/ui/hooks/useToolScheduler.test.js" name="mapToDisplay &gt; should map ToolCall with status &apos;scheduled&apos; (scheduled) correctly" time="0.000104042">
        </testcase>
        <testcase classname="src/ui/hooks/useToolScheduler.test.js" name="mapToDisplay &gt; should map ToolCall with status &apos;executing&apos; (executing no live output) correctly" time="0.000100417">
        </testcase>
        <testcase classname="src/ui/hooks/useToolScheduler.test.js" name="mapToDisplay &gt; should map ToolCall with status &apos;executing&apos; (executing with live output) correctly" time="0.000101041">
        </testcase>
        <testcase classname="src/ui/hooks/useToolScheduler.test.js" name="mapToDisplay &gt; should map ToolCall with status &apos;success&apos; (success) correctly" time="0.000102792">
        </testcase>
        <testcase classname="src/ui/hooks/useToolScheduler.test.js" name="mapToDisplay &gt; should map ToolCall with status &apos;error&apos; (error tool not found) correctly" time="0.000103834">
        </testcase>
        <testcase classname="src/ui/hooks/useToolScheduler.test.js" name="mapToDisplay &gt; should map ToolCall with status &apos;error&apos; (error tool execution failed) correctly" time="0.000094292">
        </testcase>
        <testcase classname="src/ui/hooks/useToolScheduler.test.js" name="mapToDisplay &gt; should map ToolCall with status &apos;cancelled&apos; (cancelled) correctly" time="0.000095083">
        </testcase>
        <testcase classname="src/ui/hooks/useToolScheduler.test.js" name="mapToDisplay &gt; should map an array of ToolCalls correctly" time="0.000147709">
        </testcase>
    </testsuite>
    <testsuite name="src/ui/hooks/useToolScheduler.test.ts" timestamp="2025-07-02T17:04:50.298Z" hostname="Adarshs-MacBook-Pro.local" tests="21" failures="0" errors="0" skipped="4" time="0.133956125">
        <testcase classname="src/ui/hooks/useToolScheduler.test.ts" name="useReactToolScheduler in YOLO Mode &gt; should skip confirmation and execute tool directly when yoloMode is true" time="0.071129959">
        </testcase>
        <testcase classname="src/ui/hooks/useToolScheduler.test.ts" name="useReactToolScheduler &gt; initial state should be empty" time="0.002000875">
        </testcase>
        <testcase classname="src/ui/hooks/useToolScheduler.test.ts" name="useReactToolScheduler &gt; should schedule and execute a tool call successfully" time="0.010913125">
        </testcase>
        <testcase classname="src/ui/hooks/useToolScheduler.test.ts" name="useReactToolScheduler &gt; should handle tool not found" time="0.005278041">
        </testcase>
        <testcase classname="src/ui/hooks/useToolScheduler.test.ts" name="useReactToolScheduler &gt; should handle error during shouldConfirmExecute" time="0.014430625">
        </testcase>
        <testcase classname="src/ui/hooks/useToolScheduler.test.ts" name="useReactToolScheduler &gt; should handle error during execute" time="0.011563125">
        </testcase>
        <testcase classname="src/ui/hooks/useToolScheduler.test.ts" name="useReactToolScheduler &gt; should handle tool requiring confirmation - approved" time="0">
            <skipped/>
        </testcase>
        <testcase classname="src/ui/hooks/useToolScheduler.test.ts" name="useReactToolScheduler &gt; should handle tool requiring confirmation - cancelled by user" time="0">
            <skipped/>
        </testcase>
        <testcase classname="src/ui/hooks/useToolScheduler.test.ts" name="useReactToolScheduler &gt; should handle live output updates" time="0">
            <skipped/>
        </testcase>
        <testcase classname="src/ui/hooks/useToolScheduler.test.ts" name="useReactToolScheduler &gt; should schedule and execute multiple tool calls" time="0.011705667">
        </testcase>
        <testcase classname="src/ui/hooks/useToolScheduler.test.ts" name="useReactToolScheduler &gt; should throw error if scheduling while already running" time="0">
            <skipped/>
        </testcase>
        <testcase classname="src/ui/hooks/useToolScheduler.test.ts" name="mapToDisplay &gt; should map ToolCall with status &apos;validating&apos; (validating) correctly" time="0.001387375">
        </testcase>
        <testcase classname="src/ui/hooks/useToolScheduler.test.ts" name="mapToDisplay &gt; should map ToolCall with status &apos;awaiting_approval&apos; (awaiting_approval) correctly" time="0.000490583">
        </testcase>
        <testcase classname="src/ui/hooks/useToolScheduler.test.ts" name="mapToDisplay &gt; should map ToolCall with status &apos;scheduled&apos; (scheduled) correctly" time="0.000275291">
        </testcase>
        <testcase classname="src/ui/hooks/useToolScheduler.test.ts" name="mapToDisplay &gt; should map ToolCall with status &apos;executing&apos; (executing no live output) correctly" time="0.000408416">
        </testcase>
        <testcase classname="src/ui/hooks/useToolScheduler.test.ts" name="mapToDisplay &gt; should map ToolCall with status &apos;executing&apos; (executing with live output) correctly" time="0.000542959">
        </testcase>
        <testcase classname="src/ui/hooks/useToolScheduler.test.ts" name="mapToDisplay &gt; should map ToolCall with status &apos;success&apos; (success) correctly" time="0.000734042">
        </testcase>
        <testcase classname="src/ui/hooks/useToolScheduler.test.ts" name="mapToDisplay &gt; should map ToolCall with status &apos;error&apos; (error tool not found) correctly" time="0.000187167">
        </testcase>
        <testcase classname="src/ui/hooks/useToolScheduler.test.ts" name="mapToDisplay &gt; should map ToolCall with status &apos;error&apos; (error tool execution failed) correctly" time="0.000117708">
        </testcase>
        <testcase classname="src/ui/hooks/useToolScheduler.test.ts" name="mapToDisplay &gt; should map ToolCall with status &apos;cancelled&apos; (cancelled) correctly" time="0.00010575">
        </testcase>
        <testcase classname="src/ui/hooks/useToolScheduler.test.ts" name="mapToDisplay &gt; should map an array of ToolCalls correctly" time="0.000173042">
        </testcase>
    </testsuite>
    <testsuite name="src/ui/components/shared/MaxSizedBox.test.js" timestamp="2025-07-02T17:04:50.299Z" hostname="Adarshs-MacBook-Pro.local" tests="1" failures="1" errors="0" skipped="0" time="0">
        <testcase classname="src/ui/components/shared/MaxSizedBox.test.js" name="src/ui/components/shared/MaxSizedBox.test.js" time="0">
            <failure message="Failed to parse source for import analysis because the content contains invalid JS syntax. If you are using JSX, make sure to name the file with the .jsx or .tsx extension." type="Error">
Error: Failed to parse source for import analysis because the content contains invalid JS syntax. If you are using JSX, make sure to name the file with the .jsx or .tsx extension.
  Plugin: vite:import-analysis
  File: /Users/adarshkant/Desktop/linux-mac-os/linuxos-ai/packages/cli/src/ui/components/shared/MaxSizedBox.test.js:26:10
  19 |          &lt;MaxSizedBox maxWidth={80} maxHeight={10}&gt;
  20 |            &lt;Box&gt;
  21 |              &lt;Text&gt;Hello, World!&lt;/Text&gt;
     |                                        ^
  22 |            &lt;/Box&gt;
  23 |          &lt;/MaxSizedBox&gt;
 ❯ TransformPluginContext._formatLog ../../node_modules/vite/dist/node/chunks/dep-Bsx9IwL8.js:31446:43
 ❯ TransformPluginContext.error ../../node_modules/vite/dist/node/chunks/dep-Bsx9IwL8.js:31443:14
 ❯ TransformPluginContext.transform ../../node_modules/vite/dist/node/chunks/dep-Bsx9IwL8.js:29955:10
 ❯ EnvironmentPluginContainer.transform ../../node_modules/vite/dist/node/chunks/dep-Bsx9IwL8.js:31260:14
 ❯ loadAndTransform ../../node_modules/vite/dist/node/chunks/dep-Bsx9IwL8.js:26434:26
            </failure>
        </testcase>
    </testsuite>
    <testsuite name="src/ui/components/shared/MaxSizedBox.test.tsx" timestamp="2025-07-02T17:04:50.299Z" hostname="Adarshs-MacBook-Pro.local" tests="1" failures="1" errors="0" skipped="0" time="0">
        <testcase classname="src/ui/components/shared/MaxSizedBox.test.tsx" name="src/ui/components/shared/MaxSizedBox.test.tsx" time="0">
            <failure message="Failed to parse source for import analysis because the content contains invalid JS syntax. If you are using JSX, make sure to name the file with the .jsx or .tsx extension." type="Error">
Error: Failed to parse source for import analysis because the content contains invalid JS syntax. If you are using JSX, make sure to name the file with the .jsx or .tsx extension.
  Plugin: vite:import-analysis
  File: /Users/adarshkant/Desktop/linux-mac-os/linuxos-ai/packages/cli/src/ui/contexts/OverflowContext.js:85:4
  41 |        &lt;OverflowActionsContext.Provider value={actionsValue}&gt;
  42 |          {children}
  43 |        &lt;/OverflowActionsContext.Provider&gt;
     |                                          ^
  44 |      &lt;/OverflowStateContext.Provider&gt;);
  45 |  };
 ❯ TransformPluginContext._formatLog ../../node_modules/vite/dist/node/chunks/dep-Bsx9IwL8.js:31446:43
 ❯ TransformPluginContext.error ../../node_modules/vite/dist/node/chunks/dep-Bsx9IwL8.js:31443:14
 ❯ TransformPluginContext.transform ../../node_modules/vite/dist/node/chunks/dep-Bsx9IwL8.js:29955:10
 ❯ EnvironmentPluginContainer.transform ../../node_modules/vite/dist/node/chunks/dep-Bsx9IwL8.js:31260:14
 ❯ loadAndTransform ../../node_modules/vite/dist/node/chunks/dep-Bsx9IwL8.js:26434:26
            </failure>
        </testcase>
    </testsuite>
    <testsuite name="src/ui/components/shared/text-buffer.test.js" timestamp="2025-07-02T17:04:50.300Z" hostname="Adarshs-MacBook-Pro.local" tests="60" failures="0" errors="0" skipped="0" time="0.166054084">
        <testcase classname="src/ui/components/shared/text-buffer.test.js" name="useTextBuffer &gt; Initialization &gt; should initialize with empty text and cursor at (0,0) by default" time="0.016950333">
        </testcase>
        <testcase classname="src/ui/components/shared/text-buffer.test.js" name="useTextBuffer &gt; Initialization &gt; should initialize with provided initialText" time="0.001942375">
        </testcase>
        <testcase classname="src/ui/components/shared/text-buffer.test.js" name="useTextBuffer &gt; Initialization &gt; should initialize with initialText and initialCursorOffset" time="0.001116584">
        </testcase>
        <testcase classname="src/ui/components/shared/text-buffer.test.js" name="useTextBuffer &gt; Initialization &gt; should wrap visual lines" time="0.001001875">
        </testcase>
        <testcase classname="src/ui/components/shared/text-buffer.test.js" name="useTextBuffer &gt; Initialization &gt; should wrap visual lines with multiple spaces" time="0.003237541">
        </testcase>
        <testcase classname="src/ui/components/shared/text-buffer.test.js" name="useTextBuffer &gt; Initialization &gt; should wrap visual lines even without spaces" time="0.001397792">
        </testcase>
        <testcase classname="src/ui/components/shared/text-buffer.test.js" name="useTextBuffer &gt; Initialization &gt; should initialize with multi-byte unicode characters and correct cursor offset" time="0.002339042">
        </testcase>
        <testcase classname="src/ui/components/shared/text-buffer.test.js" name="useTextBuffer &gt; Basic Editing &gt; insert: should insert a character and update cursor" time="0.002631875">
        </testcase>
        <testcase classname="src/ui/components/shared/text-buffer.test.js" name="useTextBuffer &gt; Basic Editing &gt; insert: should insert text in the middle of a line" time="0.004995208">
        </testcase>
        <testcase classname="src/ui/components/shared/text-buffer.test.js" name="useTextBuffer &gt; Basic Editing &gt; newline: should create a new line and move cursor" time="0.003936792">
        </testcase>
        <testcase classname="src/ui/components/shared/text-buffer.test.js" name="useTextBuffer &gt; Basic Editing &gt; backspace: should delete char to the left or merge lines" time="0.004013292">
        </testcase>
        <testcase classname="src/ui/components/shared/text-buffer.test.js" name="useTextBuffer &gt; Basic Editing &gt; del: should delete char to the right or merge lines" time="0.003115292">
        </testcase>
        <testcase classname="src/ui/components/shared/text-buffer.test.js" name="useTextBuffer &gt; Drag and Drop File Paths &gt; should prepend @ to a valid file path on insert" time="0.001106417">
        </testcase>
        <testcase classname="src/ui/components/shared/text-buffer.test.js" name="useTextBuffer &gt; Drag and Drop File Paths &gt; should not prepend @ to an invalid file path on insert" time="0.004290167">
        </testcase>
        <testcase classname="src/ui/components/shared/text-buffer.test.js" name="useTextBuffer &gt; Drag and Drop File Paths &gt; should handle quoted paths" time="0.016964917">
        </testcase>
        <testcase classname="src/ui/components/shared/text-buffer.test.js" name="useTextBuffer &gt; Drag and Drop File Paths &gt; should not prepend @ to short text that is not a path" time="0.001480625">
        </testcase>
        <testcase classname="src/ui/components/shared/text-buffer.test.js" name="useTextBuffer &gt; Cursor Movement &gt; move: left/right should work within and across visual lines (due to wrapping)" time="0.007808917">
        </testcase>
        <testcase classname="src/ui/components/shared/text-buffer.test.js" name="useTextBuffer &gt; Cursor Movement &gt; move: up/down should preserve preferred visual column" time="0.002795041">
        </testcase>
        <testcase classname="src/ui/components/shared/text-buffer.test.js" name="useTextBuffer &gt; Cursor Movement &gt; move: home/end should go to visual line start/end" time="0.001858167">
        </testcase>
        <testcase classname="src/ui/components/shared/text-buffer.test.js" name="useTextBuffer &gt; Visual Layout &amp; Viewport &gt; should wrap long lines correctly into visualLines" time="0.00086275">
        </testcase>
        <testcase classname="src/ui/components/shared/text-buffer.test.js" name="useTextBuffer &gt; Visual Layout &amp; Viewport &gt; should update visualScrollRow when visualCursor moves out of viewport" time="0.00188675">
        </testcase>
        <testcase classname="src/ui/components/shared/text-buffer.test.js" name="useTextBuffer &gt; Undo/Redo &gt; should undo and redo an insert operation" time="0.001500333">
        </testcase>
        <testcase classname="src/ui/components/shared/text-buffer.test.js" name="useTextBuffer &gt; Undo/Redo &gt; should undo and redo a newline operation" time="0.001347834">
        </testcase>
        <testcase classname="src/ui/components/shared/text-buffer.test.js" name="useTextBuffer &gt; Unicode Handling &gt; insert: should correctly handle multi-byte unicode characters" time="0.002378708">
        </testcase>
        <testcase classname="src/ui/components/shared/text-buffer.test.js" name="useTextBuffer &gt; Unicode Handling &gt; backspace: should correctly delete multi-byte unicode characters" time="0.0022545">
        </testcase>
        <testcase classname="src/ui/components/shared/text-buffer.test.js" name="useTextBuffer &gt; Unicode Handling &gt; move: left/right should treat multi-byte chars as single units for visual cursor" time="0.001189666">
        </testcase>
        <testcase classname="src/ui/components/shared/text-buffer.test.js" name="useTextBuffer &gt; handleInput &gt; should insert printable characters" time="0.006041667">
        </testcase>
        <testcase classname="src/ui/components/shared/text-buffer.test.js" name="useTextBuffer &gt; handleInput &gt; should handle &quot;Enter&quot; key as newline" time="0.000862458">
        </testcase>
        <testcase classname="src/ui/components/shared/text-buffer.test.js" name="useTextBuffer &gt; handleInput &gt; should handle &quot;Backspace&quot; key" time="0.002893459">
        </testcase>
        <testcase classname="src/ui/components/shared/text-buffer.test.js" name="useTextBuffer &gt; handleInput &gt; should handle multiple delete characters in one input" time="0.004751875">
        </testcase>
        <testcase classname="src/ui/components/shared/text-buffer.test.js" name="useTextBuffer &gt; handleInput &gt; should handle inserts that contain delete characters " time="0.001909209">
        </testcase>
        <testcase classname="src/ui/components/shared/text-buffer.test.js" name="useTextBuffer &gt; handleInput &gt; should handle inserts with a mix of regular and delete characters " time="0.001311834">
        </testcase>
        <testcase classname="src/ui/components/shared/text-buffer.test.js" name="useTextBuffer &gt; handleInput &gt; should handle arrow keys for movement" time="0.001652125">
        </testcase>
        <testcase classname="src/ui/components/shared/text-buffer.test.js" name="useTextBuffer &gt; handleInput &gt; should strip ANSI escape codes when pasting text" time="0.001995291">
        </testcase>
        <testcase classname="src/ui/components/shared/text-buffer.test.js" name="useTextBuffer &gt; handleInput &gt; should handle VSCode terminal Shift+Enter as newline" time="0.00106425">
        </testcase>
        <testcase classname="src/ui/components/shared/text-buffer.test.js" name="useTextBuffer &gt; handleInput &gt; should correctly handle repeated pasting of long text" time="0.03122625">
        </testcase>
        <testcase classname="src/ui/components/shared/text-buffer.test.js" name="useTextBuffer &gt; replaceRange &gt; should replace a single-line range with single-line text" time="0.001496458">
        </testcase>
        <testcase classname="src/ui/components/shared/text-buffer.test.js" name="useTextBuffer &gt; replaceRange &gt; should replace a multi-line range with single-line text" time="0.001270166">
        </testcase>
        <testcase classname="src/ui/components/shared/text-buffer.test.js" name="useTextBuffer &gt; replaceRange &gt; should delete a range when replacing with an empty string" time="0.000832458">
        </testcase>
        <testcase classname="src/ui/components/shared/text-buffer.test.js" name="useTextBuffer &gt; replaceRange &gt; should handle replacing at the beginning of the text" time="0.000714292">
        </testcase>
        <testcase classname="src/ui/components/shared/text-buffer.test.js" name="useTextBuffer &gt; replaceRange &gt; should handle replacing at the end of the text" time="0.000740542">
        </testcase>
        <testcase classname="src/ui/components/shared/text-buffer.test.js" name="useTextBuffer &gt; replaceRange &gt; should handle replacing the entire buffer content" time="0.000690791">
        </testcase>
        <testcase classname="src/ui/components/shared/text-buffer.test.js" name="useTextBuffer &gt; replaceRange &gt; should correctly replace with unicode characters" time="0.000780875">
        </testcase>
        <testcase classname="src/ui/components/shared/text-buffer.test.js" name="useTextBuffer &gt; replaceRange &gt; should handle invalid range by returning false and not changing text" time="0.00188675">
            <system-err>
Invalid range provided to replaceRange {
  startRow: [33m0[39m,
  startCol: [33m5[39m,
  endRow: [33m0[39m,
  endCol: [33m3[39m,
  linesLength: [33m1[39m,
  endRowLineLength: [33m4[39m
}
Invalid range provided to replaceRange {
  startRow: [33m1[39m,
  startCol: [33m0[39m,
  endRow: [33m0[39m,
  endCol: [33m0[39m,
  linesLength: [33m1[39m,
  endRowLineLength: [33m4[39m
}

            </system-err>
        </testcase>
        <testcase classname="src/ui/components/shared/text-buffer.test.js" name="useTextBuffer &gt; replaceRange &gt; replaceRange: multiple lines with a single character" time="0.002094291">
        </testcase>
        <testcase classname="src/ui/components/shared/text-buffer.test.js" name="useTextBuffer &gt; Input Sanitization &gt; should strip ANSI escape codes from input" time="0.000898708">
        </testcase>
        <testcase classname="src/ui/components/shared/text-buffer.test.js" name="useTextBuffer &gt; Input Sanitization &gt; should strip control characters from input" time="0.000718125">
        </testcase>
        <testcase classname="src/ui/components/shared/text-buffer.test.js" name="useTextBuffer &gt; Input Sanitization &gt; should strip mixed ANSI and control characters from input" time="0.00067925">
        </testcase>
        <testcase classname="src/ui/components/shared/text-buffer.test.js" name="useTextBuffer &gt; Input Sanitization &gt; should not strip standard characters or newlines" time="0.000785625">
        </testcase>
        <testcase classname="src/ui/components/shared/text-buffer.test.js" name="useTextBuffer &gt; Input Sanitization &gt; should sanitize pasted text via handleInput" time="0.000669917">
        </testcase>
        <testcase classname="src/ui/components/shared/text-buffer.test.js" name="offsetToLogicalPos &gt; should return [0,0] for offset 0" time="0.000075709">
        </testcase>
        <testcase classname="src/ui/components/shared/text-buffer.test.js" name="offsetToLogicalPos &gt; should handle single line text" time="0.000100417">
        </testcase>
        <testcase classname="src/ui/components/shared/text-buffer.test.js" name="offsetToLogicalPos &gt; should handle multi-line text" time="0.000168834">
        </testcase>
        <testcase classname="src/ui/components/shared/text-buffer.test.js" name="offsetToLogicalPos &gt; should handle empty lines" time="0.000202209">
        </testcase>
        <testcase classname="src/ui/components/shared/text-buffer.test.js" name="offsetToLogicalPos &gt; should handle text ending with a newline" time="0.000084041">
        </testcase>
        <testcase classname="src/ui/components/shared/text-buffer.test.js" name="offsetToLogicalPos &gt; should handle text starting with a newline" time="0.000079458">
        </testcase>
        <testcase classname="src/ui/components/shared/text-buffer.test.js" name="offsetToLogicalPos &gt; should handle empty string input" time="0.000057">
        </testcase>
        <testcase classname="src/ui/components/shared/text-buffer.test.js" name="offsetToLogicalPos &gt; should handle multi-byte unicode characters correctly" time="0.000165125">
        </testcase>
        <testcase classname="src/ui/components/shared/text-buffer.test.js" name="offsetToLogicalPos &gt; should handle offset exactly at newline character" time="0.000054917">
        </testcase>
        <testcase classname="src/ui/components/shared/text-buffer.test.js" name="offsetToLogicalPos &gt; should handle offset in the middle of a multi-byte character (should place at start of that char)" time="0.000064208">
        </testcase>
    </testsuite>
    <testsuite name="src/ui/components/shared/text-buffer.test.ts" timestamp="2025-07-02T17:04:50.303Z" hostname="Adarshs-MacBook-Pro.local" tests="60" failures="0" errors="0" skipped="0" time="0.204929916">
        <testcase classname="src/ui/components/shared/text-buffer.test.ts" name="useTextBuffer &gt; Initialization &gt; should initialize with empty text and cursor at (0,0) by default" time="0.018219417">
        </testcase>
        <testcase classname="src/ui/components/shared/text-buffer.test.ts" name="useTextBuffer &gt; Initialization &gt; should initialize with provided initialText" time="0.002029459">
        </testcase>
        <testcase classname="src/ui/components/shared/text-buffer.test.ts" name="useTextBuffer &gt; Initialization &gt; should initialize with initialText and initialCursorOffset" time="0.001252667">
        </testcase>
        <testcase classname="src/ui/components/shared/text-buffer.test.ts" name="useTextBuffer &gt; Initialization &gt; should wrap visual lines" time="0.000987">
        </testcase>
        <testcase classname="src/ui/components/shared/text-buffer.test.ts" name="useTextBuffer &gt; Initialization &gt; should wrap visual lines with multiple spaces" time="0.0010435">
        </testcase>
        <testcase classname="src/ui/components/shared/text-buffer.test.ts" name="useTextBuffer &gt; Initialization &gt; should wrap visual lines even without spaces" time="0.001053042">
        </testcase>
        <testcase classname="src/ui/components/shared/text-buffer.test.ts" name="useTextBuffer &gt; Initialization &gt; should initialize with multi-byte unicode characters and correct cursor offset" time="0.003045834">
        </testcase>
        <testcase classname="src/ui/components/shared/text-buffer.test.ts" name="useTextBuffer &gt; Basic Editing &gt; insert: should insert a character and update cursor" time="0.004327583">
        </testcase>
        <testcase classname="src/ui/components/shared/text-buffer.test.ts" name="useTextBuffer &gt; Basic Editing &gt; insert: should insert text in the middle of a line" time="0.00498325">
        </testcase>
        <testcase classname="src/ui/components/shared/text-buffer.test.ts" name="useTextBuffer &gt; Basic Editing &gt; newline: should create a new line and move cursor" time="0.004145792">
        </testcase>
        <testcase classname="src/ui/components/shared/text-buffer.test.ts" name="useTextBuffer &gt; Basic Editing &gt; backspace: should delete char to the left or merge lines" time="0.005956875">
        </testcase>
        <testcase classname="src/ui/components/shared/text-buffer.test.ts" name="useTextBuffer &gt; Basic Editing &gt; del: should delete char to the right or merge lines" time="0.002396917">
        </testcase>
        <testcase classname="src/ui/components/shared/text-buffer.test.ts" name="useTextBuffer &gt; Drag and Drop File Paths &gt; should prepend @ to a valid file path on insert" time="0.001141417">
        </testcase>
        <testcase classname="src/ui/components/shared/text-buffer.test.ts" name="useTextBuffer &gt; Drag and Drop File Paths &gt; should not prepend @ to an invalid file path on insert" time="0.002981542">
        </testcase>
        <testcase classname="src/ui/components/shared/text-buffer.test.ts" name="useTextBuffer &gt; Drag and Drop File Paths &gt; should handle quoted paths" time="0.001598458">
        </testcase>
        <testcase classname="src/ui/components/shared/text-buffer.test.ts" name="useTextBuffer &gt; Drag and Drop File Paths &gt; should not prepend @ to short text that is not a path" time="0.000934541">
        </testcase>
        <testcase classname="src/ui/components/shared/text-buffer.test.ts" name="useTextBuffer &gt; Cursor Movement &gt; move: left/right should work within and across visual lines (due to wrapping)" time="0.00736875">
        </testcase>
        <testcase classname="src/ui/components/shared/text-buffer.test.ts" name="useTextBuffer &gt; Cursor Movement &gt; move: up/down should preserve preferred visual column" time="0.002931167">
        </testcase>
        <testcase classname="src/ui/components/shared/text-buffer.test.ts" name="useTextBuffer &gt; Cursor Movement &gt; move: home/end should go to visual line start/end" time="0.011684916">
        </testcase>
        <testcase classname="src/ui/components/shared/text-buffer.test.ts" name="useTextBuffer &gt; Visual Layout &amp; Viewport &gt; should wrap long lines correctly into visualLines" time="0.002417667">
        </testcase>
        <testcase classname="src/ui/components/shared/text-buffer.test.ts" name="useTextBuffer &gt; Visual Layout &amp; Viewport &gt; should update visualScrollRow when visualCursor moves out of viewport" time="0.003670084">
        </testcase>
        <testcase classname="src/ui/components/shared/text-buffer.test.ts" name="useTextBuffer &gt; Undo/Redo &gt; should undo and redo an insert operation" time="0.002438084">
        </testcase>
        <testcase classname="src/ui/components/shared/text-buffer.test.ts" name="useTextBuffer &gt; Undo/Redo &gt; should undo and redo a newline operation" time="0.004467458">
        </testcase>
        <testcase classname="src/ui/components/shared/text-buffer.test.ts" name="useTextBuffer &gt; Unicode Handling &gt; insert: should correctly handle multi-byte unicode characters" time="0.001194166">
        </testcase>
        <testcase classname="src/ui/components/shared/text-buffer.test.ts" name="useTextBuffer &gt; Unicode Handling &gt; backspace: should correctly delete multi-byte unicode characters" time="0.001242708">
        </testcase>
        <testcase classname="src/ui/components/shared/text-buffer.test.ts" name="useTextBuffer &gt; Unicode Handling &gt; move: left/right should treat multi-byte chars as single units for visual cursor" time="0.001116042">
        </testcase>
        <testcase classname="src/ui/components/shared/text-buffer.test.ts" name="useTextBuffer &gt; handleInput &gt; should insert printable characters" time="0.018463959">
        </testcase>
        <testcase classname="src/ui/components/shared/text-buffer.test.ts" name="useTextBuffer &gt; handleInput &gt; should handle &quot;Enter&quot; key as newline" time="0.006988583">
        </testcase>
        <testcase classname="src/ui/components/shared/text-buffer.test.ts" name="useTextBuffer &gt; handleInput &gt; should handle &quot;Backspace&quot; key" time="0.003740667">
        </testcase>
        <testcase classname="src/ui/components/shared/text-buffer.test.ts" name="useTextBuffer &gt; handleInput &gt; should handle multiple delete characters in one input" time="0.001695875">
        </testcase>
        <testcase classname="src/ui/components/shared/text-buffer.test.ts" name="useTextBuffer &gt; handleInput &gt; should handle inserts that contain delete characters " time="0.001203667">
        </testcase>
        <testcase classname="src/ui/components/shared/text-buffer.test.ts" name="useTextBuffer &gt; handleInput &gt; should handle inserts with a mix of regular and delete characters " time="0.000979417">
        </testcase>
        <testcase classname="src/ui/components/shared/text-buffer.test.ts" name="useTextBuffer &gt; handleInput &gt; should handle arrow keys for movement" time="0.001032375">
        </testcase>
        <testcase classname="src/ui/components/shared/text-buffer.test.ts" name="useTextBuffer &gt; handleInput &gt; should strip ANSI escape codes when pasting text" time="0.002141125">
        </testcase>
        <testcase classname="src/ui/components/shared/text-buffer.test.ts" name="useTextBuffer &gt; handleInput &gt; should handle VSCode terminal Shift+Enter as newline" time="0.002539708">
        </testcase>
        <testcase classname="src/ui/components/shared/text-buffer.test.ts" name="useTextBuffer &gt; handleInput &gt; should correctly handle repeated pasting of long text" time="0.036245875">
        </testcase>
        <testcase classname="src/ui/components/shared/text-buffer.test.ts" name="useTextBuffer &gt; replaceRange &gt; should replace a single-line range with single-line text" time="0.001212375">
        </testcase>
        <testcase classname="src/ui/components/shared/text-buffer.test.ts" name="useTextBuffer &gt; replaceRange &gt; should replace a multi-line range with single-line text" time="0.002436583">
        </testcase>
        <testcase classname="src/ui/components/shared/text-buffer.test.ts" name="useTextBuffer &gt; replaceRange &gt; should delete a range when replacing with an empty string" time="0.002287917">
        </testcase>
        <testcase classname="src/ui/components/shared/text-buffer.test.ts" name="useTextBuffer &gt; replaceRange &gt; should handle replacing at the beginning of the text" time="0.001568917">
        </testcase>
        <testcase classname="src/ui/components/shared/text-buffer.test.ts" name="useTextBuffer &gt; replaceRange &gt; should handle replacing at the end of the text" time="0.002931834">
        </testcase>
        <testcase classname="src/ui/components/shared/text-buffer.test.ts" name="useTextBuffer &gt; replaceRange &gt; should handle replacing the entire buffer content" time="0.002062167">
        </testcase>
        <testcase classname="src/ui/components/shared/text-buffer.test.ts" name="useTextBuffer &gt; replaceRange &gt; should correctly replace with unicode characters" time="0.001412166">
        </testcase>
        <testcase classname="src/ui/components/shared/text-buffer.test.ts" name="useTextBuffer &gt; replaceRange &gt; should handle invalid range by returning false and not changing text" time="0.001234208">
            <system-err>
Invalid range provided to replaceRange {
  startRow: [33m0[39m,
  startCol: [33m5[39m,
  endRow: [33m0[39m,
  endCol: [33m3[39m,
  linesLength: [33m1[39m,
  endRowLineLength: [33m4[39m
}
Invalid range provided to replaceRange {
  startRow: [33m1[39m,
  startCol: [33m0[39m,
  endRow: [33m0[39m,
  endCol: [33m0[39m,
  linesLength: [33m1[39m,
  endRowLineLength: [33m4[39m
}

            </system-err>
        </testcase>
        <testcase classname="src/ui/components/shared/text-buffer.test.ts" name="useTextBuffer &gt; replaceRange &gt; replaceRange: multiple lines with a single character" time="0.000799875">
        </testcase>
        <testcase classname="src/ui/components/shared/text-buffer.test.ts" name="useTextBuffer &gt; Input Sanitization &gt; should strip ANSI escape codes from input" time="0.000758084">
        </testcase>
        <testcase classname="src/ui/components/shared/text-buffer.test.ts" name="useTextBuffer &gt; Input Sanitization &gt; should strip control characters from input" time="0.000700584">
        </testcase>
        <testcase classname="src/ui/components/shared/text-buffer.test.ts" name="useTextBuffer &gt; Input Sanitization &gt; should strip mixed ANSI and control characters from input" time="0.000698166">
        </testcase>
        <testcase classname="src/ui/components/shared/text-buffer.test.ts" name="useTextBuffer &gt; Input Sanitization &gt; should not strip standard characters or newlines" time="0.004465541">
        </testcase>
        <testcase classname="src/ui/components/shared/text-buffer.test.ts" name="useTextBuffer &gt; Input Sanitization &gt; should sanitize pasted text via handleInput" time="0.002118209">
        </testcase>
        <testcase classname="src/ui/components/shared/text-buffer.test.ts" name="offsetToLogicalPos &gt; should return [0,0] for offset 0" time="0.000100958">
        </testcase>
        <testcase classname="src/ui/components/shared/text-buffer.test.ts" name="offsetToLogicalPos &gt; should handle single line text" time="0.000112">
        </testcase>
        <testcase classname="src/ui/components/shared/text-buffer.test.ts" name="offsetToLogicalPos &gt; should handle multi-line text" time="0.000571875">
        </testcase>
        <testcase classname="src/ui/components/shared/text-buffer.test.ts" name="offsetToLogicalPos &gt; should handle empty lines" time="0.000702916">
        </testcase>
        <testcase classname="src/ui/components/shared/text-buffer.test.ts" name="offsetToLogicalPos &gt; should handle text ending with a newline" time="0.001495458">
        </testcase>
        <testcase classname="src/ui/components/shared/text-buffer.test.ts" name="offsetToLogicalPos &gt; should handle text starting with a newline" time="0.000441625">
        </testcase>
        <testcase classname="src/ui/components/shared/text-buffer.test.ts" name="offsetToLogicalPos &gt; should handle empty string input" time="0.000252083">
        </testcase>
        <testcase classname="src/ui/components/shared/text-buffer.test.ts" name="offsetToLogicalPos &gt; should handle multi-byte unicode characters correctly" time="0.000487083">
        </testcase>
        <testcase classname="src/ui/components/shared/text-buffer.test.ts" name="offsetToLogicalPos &gt; should handle offset exactly at newline character" time="0.000089875">
        </testcase>
        <testcase classname="src/ui/components/shared/text-buffer.test.ts" name="offsetToLogicalPos &gt; should handle offset in the middle of a multi-byte character (should place at start of that char)" time="0.000266791">
        </testcase>
    </testsuite>
    <testsuite name="src/ui/components/messages/DiffRenderer.test.js" timestamp="2025-07-02T17:04:50.306Z" hostname="Adarshs-MacBook-Pro.local" tests="1" failures="1" errors="0" skipped="0" time="0">
        <testcase classname="src/ui/components/messages/DiffRenderer.test.js" name="src/ui/components/messages/DiffRenderer.test.js" time="0">
            <failure message="Failed to parse source for import analysis because the content contains invalid JS syntax. If you are using JSX, make sure to name the file with the .jsx or .tsx extension." type="Error">
Error: Failed to parse source for import analysis because the content contains invalid JS syntax. If you are using JSX, make sure to name the file with the .jsx or .tsx extension.
  Plugin: vite:import-analysis
  File: /Users/adarshkant/Desktop/linux-mac-os/linuxos-ai/packages/cli/src/ui/components/messages/DiffRenderer.test.js:41:6
  27 |          render(&lt;OverflowProvider&gt;
  28 |          &lt;DiffRenderer diffContent={newFileDiffContent} filename=&quot;test.py&quot; terminalWidth={80}/&gt;
  29 |        &lt;/OverflowProvider&gt;);
     |                             ^
  30 |          expect(mockColorizeCode).toHaveBeenCalledWith(&apos;print(&quot;hello world&quot;)&apos;, &apos;python&apos;, undefined, 80);
  31 |      });
 ❯ TransformPluginContext._formatLog ../../node_modules/vite/dist/node/chunks/dep-Bsx9IwL8.js:31446:43
 ❯ TransformPluginContext.error ../../node_modules/vite/dist/node/chunks/dep-Bsx9IwL8.js:31443:14
 ❯ TransformPluginContext.transform ../../node_modules/vite/dist/node/chunks/dep-Bsx9IwL8.js:29955:10
 ❯ EnvironmentPluginContainer.transform ../../node_modules/vite/dist/node/chunks/dep-Bsx9IwL8.js:31260:14
 ❯ loadAndTransform ../../node_modules/vite/dist/node/chunks/dep-Bsx9IwL8.js:26434:26
            </failure>
        </testcase>
    </testsuite>
    <testsuite name="src/ui/components/messages/DiffRenderer.test.tsx" timestamp="2025-07-02T17:04:50.306Z" hostname="Adarshs-MacBook-Pro.local" tests="1" failures="1" errors="0" skipped="0" time="0">
        <testcase classname="src/ui/components/messages/DiffRenderer.test.tsx" name="src/ui/components/messages/DiffRenderer.test.tsx" time="0">
            <failure message="Failed to parse source for import analysis because the content contains invalid JS syntax. If you are using JSX, make sure to name the file with the .jsx or .tsx extension." type="Error">
Error: Failed to parse source for import analysis because the content contains invalid JS syntax. If you are using JSX, make sure to name the file with the .jsx or .tsx extension.
  Plugin: vite:import-analysis
  File: /Users/adarshkant/Desktop/linux-mac-os/linuxos-ai/packages/cli/src/ui/contexts/OverflowContext.js:85:4
  41 |        &lt;OverflowActionsContext.Provider value={actionsValue}&gt;
  42 |          {children}
  43 |        &lt;/OverflowActionsContext.Provider&gt;
     |                                          ^
  44 |      &lt;/OverflowStateContext.Provider&gt;);
  45 |  };
 ❯ TransformPluginContext._formatLog ../../node_modules/vite/dist/node/chunks/dep-Bsx9IwL8.js:31446:43
 ❯ TransformPluginContext.error ../../node_modules/vite/dist/node/chunks/dep-Bsx9IwL8.js:31443:14
 ❯ TransformPluginContext.transform ../../node_modules/vite/dist/node/chunks/dep-Bsx9IwL8.js:29955:10
 ❯ EnvironmentPluginContainer.transform ../../node_modules/vite/dist/node/chunks/dep-Bsx9IwL8.js:31260:14
 ❯ loadAndTransform ../../node_modules/vite/dist/node/chunks/dep-Bsx9IwL8.js:26434:26
            </failure>
        </testcase>
    </testsuite>
    <testsuite name="src/ui/components/messages/ToolConfirmationMessage.test.js" timestamp="2025-07-02T17:04:50.306Z" hostname="Adarshs-MacBook-Pro.local" tests="1" failures="1" errors="0" skipped="0" time="0">
        <testcase classname="src/ui/components/messages/ToolConfirmationMessage.test.js" name="src/ui/components/messages/ToolConfirmationMessage.test.js" time="0">
            <failure message="Parse failure: Expression expected
At file: /Users/adarshkant/Desktop/linux-mac-os/linuxos-ai/packages/cli/src/ui/components/messages/ToolConfirmationMessage.test.js:18:37" type="RollupError">
RollupError: Parse failure: Expression expected
At file: /Users/adarshkant/Desktop/linux-mac-os/linuxos-ai/packages/cli/src/ui/components/messages/ToolConfirmationMessage.test.js:18:37
  File: /Users/adarshkant/Desktop/linux-mac-os/linuxos-ai/packages/cli/src/ui/components/messages/ToolConfirmationMessage.test.js:18:37
  16 |              onConfirm: vi.fn(),
  17 |          };
  18 |          const { lastFrame } = render(&lt;ToolConfirmationMessage confirmationDetails={confirmationDetails} availableTerminalHeight={30} terminalWidth={80}/&gt;);
     |                                       ^
  19 |          expect(lastFrame()).not.toContain(&apos;URLs to fetch:&apos;);
  20 |      });
 ❯ getRollupError ../../node_modules/rollup/dist/es/shared/parseAst.js:401:41
 ❯ convertProgram ../../node_modules/rollup/dist/es/shared/parseAst.js:1089:26
 ❯ parseAstAsync ../../node_modules/rollup/dist/es/shared/parseAst.js:2075:106
 ❯ ssrTransformScript ../../node_modules/vite/dist/node/chunks/dep-Bsx9IwL8.js:19135:9
            </failure>
        </testcase>
    </testsuite>
    <testsuite name="src/ui/components/messages/ToolConfirmationMessage.test.tsx" timestamp="2025-07-02T17:04:50.307Z" hostname="Adarshs-MacBook-Pro.local" tests="1" failures="1" errors="0" skipped="0" time="0">
        <testcase classname="src/ui/components/messages/ToolConfirmationMessage.test.tsx" name="src/ui/components/messages/ToolConfirmationMessage.test.tsx" time="0">
            <failure message="Failed to parse source for import analysis because the content contains invalid JS syntax. If you are using JSX, make sure to name the file with the .jsx or .tsx extension." type="Error">
Error: Failed to parse source for import analysis because the content contains invalid JS syntax. If you are using JSX, make sure to name the file with the .jsx or .tsx extension.
  Plugin: vite:import-analysis
  File: /Users/adarshkant/Desktop/linux-mac-os/linuxos-ai/packages/cli/src/ui/components/messages/ToolConfirmationMessage.js:100:10
  52 |          if (confirmationDetails.isModifying) {
  53 |              return (&lt;Box minWidth=&quot;90%&quot; borderStyle=&quot;round&quot; borderColor={Colors.Gray} justifyContent=&quot;space-around&quot; padding={1} overflow=&quot;hidden&quot;&gt;
  54 |            &lt;Text&gt;Modify in progress: &lt;/Text&gt;
     |                                             ^
  55 |            &lt;Text color={Colors.AccentGreen}&gt;
  56 |              Save and close external editor to continue
 ❯ TransformPluginContext._formatLog ../../node_modules/vite/dist/node/chunks/dep-Bsx9IwL8.js:31446:43
 ❯ TransformPluginContext.error ../../node_modules/vite/dist/node/chunks/dep-Bsx9IwL8.js:31443:14
 ❯ TransformPluginContext.transform ../../node_modules/vite/dist/node/chunks/dep-Bsx9IwL8.js:29955:10
 ❯ EnvironmentPluginContainer.transform ../../node_modules/vite/dist/node/chunks/dep-Bsx9IwL8.js:31260:14
 ❯ loadAndTransform ../../node_modules/vite/dist/node/chunks/dep-Bsx9IwL8.js:26434:26
            </failure>
        </testcase>
    </testsuite>
    <testsuite name="src/ui/components/messages/ToolMessage.test.js" timestamp="2025-07-02T17:04:50.307Z" hostname="Adarshs-MacBook-Pro.local" tests="1" failures="1" errors="0" skipped="0" time="0">
        <testcase classname="src/ui/components/messages/ToolMessage.test.js" name="src/ui/components/messages/ToolMessage.test.js" time="0">
            <failure message="Failed to parse source for import analysis because the content contains invalid JS syntax. If you are using JSX, make sure to name the file with the .jsx or .tsx extension." type="Error">
Error: Failed to parse source for import analysis because the content contains invalid JS syntax. If you are using JSX, make sure to name the file with the .jsx or .tsx extension.
  Plugin: vite:import-analysis
  File: /Users/adarshkant/Desktop/linux-mac-os/linuxos-ai/packages/cli/src/ui/components/messages/ToolMessage.test.js:23:48
  15 |          const streamingState = React.useContext(StreamingContext);
  16 |          if (streamingState === StreamingState.Responding) {
  17 |              return &lt;Text&gt;MockRespondingSpinner&lt;/Text&gt;;
     |                                                        ^
  18 |          }
  19 |          return nonRespondingDisplay ? &lt;Text&gt;{nonRespondingDisplay}&lt;/Text&gt; : null;
 ❯ TransformPluginContext._formatLog ../../node_modules/vite/dist/node/chunks/dep-Bsx9IwL8.js:31446:43
 ❯ TransformPluginContext.error ../../node_modules/vite/dist/node/chunks/dep-Bsx9IwL8.js:31443:14
 ❯ TransformPluginContext.transform ../../node_modules/vite/dist/node/chunks/dep-Bsx9IwL8.js:29955:10
 ❯ EnvironmentPluginContainer.transform ../../node_modules/vite/dist/node/chunks/dep-Bsx9IwL8.js:31260:14
 ❯ loadAndTransform ../../node_modules/vite/dist/node/chunks/dep-Bsx9IwL8.js:26434:26
            </failure>
        </testcase>
    </testsuite>
    <testsuite name="src/ui/components/messages/ToolMessage.test.tsx" timestamp="2025-07-02T17:04:50.307Z" hostname="Adarshs-MacBook-Pro.local" tests="1" failures="1" errors="0" skipped="0" time="0">
        <testcase classname="src/ui/components/messages/ToolMessage.test.tsx" name="src/ui/components/messages/ToolMessage.test.tsx" time="0">
            <failure message="Failed to parse source for import analysis because the content contains invalid JS syntax. If you are using JSX, make sure to name the file with the .jsx or .tsx extension." type="Error">
Error: Failed to parse source for import analysis because the content contains invalid JS syntax. If you are using JSX, make sure to name the file with the .jsx or .tsx extension.
  Plugin: vite:import-analysis
  File: /Users/adarshkant/Desktop/linux-mac-os/linuxos-ai/packages/cli/src/ui/components/messages/ToolMessage.js:77:6
  42 |          &lt;ToolInfo name={name} status={status} description={description} emphasis={emphasis}/&gt;
  43 |          {emphasis === &apos;high&apos; &amp;&amp; &lt;TrailingIndicator /&gt;}
  44 |        &lt;/Box&gt;
     |              ^
  45 |        {resultDisplay &amp;&amp; (&lt;Box paddingLeft={STATUS_INDICATOR_WIDTH} width=&quot;100%&quot; marginTop={1}&gt;
  46 |            &lt;Box flexDirection=&quot;column&quot;&gt;
 ❯ TransformPluginContext._formatLog ../../node_modules/vite/dist/node/chunks/dep-Bsx9IwL8.js:31446:43
 ❯ TransformPluginContext.error ../../node_modules/vite/dist/node/chunks/dep-Bsx9IwL8.js:31443:14
 ❯ TransformPluginContext.transform ../../node_modules/vite/dist/node/chunks/dep-Bsx9IwL8.js:29955:10
 ❯ EnvironmentPluginContainer.transform ../../node_modules/vite/dist/node/chunks/dep-Bsx9IwL8.js:31260:14
 ❯ loadAndTransform ../../node_modules/vite/dist/node/chunks/dep-Bsx9IwL8.js:26434:26
            </failure>
        </testcase>
    </testsuite>
</testsuites>
